<?xml version="1.0" encoding="utf-8"?>
<TestRun id="3276af83-e09a-4180-9648-ed0a7b48505c" name="@cursor 2025-07-04 17:19:16" xmlns="http://microsoft.com/schemas/VisualStudio/TeamTest/2010">
  <Times creation="2025-07-04T17:19:16.2284906+00:00" queuing="2025-07-04T17:19:16.2284906+00:00" start="2025-07-04T17:19:15.5948025+00:00" finish="2025-07-04T17:19:17.9055392+00:00" />
  <TestSettings name="default" id="9ac43bfc-6f27-4635-a518-43be1b3bc1d7">
    <Deployment runDeploymentRoot="_cursor_2025-07-04_17_19_16" />
  </TestSettings>
  <Results>
    <UnitTestResult executionId="adea141f-bf31-4a23-adf5-f8f05cd97477" testId="1f4f2efb-76ac-0df0-4616-bcaedde445b7" testName="ShouldConvert_ShouldOnly_Support_TCX(False,True,True)" computerName="cursor" duration="00:00:00.0000470" startTime="2025-07-04T17:19:17.4724010+00:00" endTime="2025-07-04T17:19:17.4724483+00:00" testType="13cdc9d9-ddb5-4fa4-a97d-d965ccfc6d4b" outcome="Passed" testListId="8c84fa94-04c1-424b-9868-57a2d4851a1d" relativeResultsDirectory="adea141f-bf31-4a23-adf5-f8f05cd97477" />
    <UnitTestResult executionId="7985cc47-d121-4a18-b1e5-f60d1c7983f4" testId="b4818bdb-9721-29a3-8561-8e9504a3d80a" testName="Constructor_ShouldInitializeCorrectly" computerName="cursor" duration="00:00:00.0004670" startTime="2025-07-04T17:19:17.6869529+00:00" endTime="2025-07-04T17:19:17.6874194+00:00" testType="13cdc9d9-ddb5-4fa4-a97d-d965ccfc6d4b" outcome="Passed" testListId="8c84fa94-04c1-424b-9868-57a2d4851a1d" relativeResultsDirectory="7985cc47-d121-4a18-b1e5-f60d1c7983f4" />
    <UnitTestResult executionId="c63c6ed4-c45f-42d4-8bd1-21d6272888dd" testId="1b490480-fb95-34e0-b8f3-6d49e41cd490" testName="GetAvgSpeedMetersPerSecond_MaxSpeed_Is_Converted(&quot;m&quot;)" computerName="cursor" duration="00:00:00.0000280" startTime="2025-07-04T17:19:16.5070757+00:00" endTime="2025-07-04T17:19:16.5071035+00:00" testType="13cdc9d9-ddb5-4fa4-a97d-d965ccfc6d4b" outcome="Passed" testListId="8c84fa94-04c1-424b-9868-57a2d4851a1d" relativeResultsDirectory="c63c6ed4-c45f-42d4-8bd1-21d6272888dd" />
    <UnitTestResult executionId="932d7c2d-e852-463f-a014-0df103a622b8" testId="565ea594-4a42-bf6a-d49f-4c5ca7b4f7af" testName="Converter_Should_Provide_Formt_of_TCX" computerName="cursor" duration="00:00:00.0004520" startTime="2025-07-04T17:19:17.4687381+00:00" endTime="2025-07-04T17:19:17.4691902+00:00" testType="13cdc9d9-ddb5-4fa4-a97d-d965ccfc6d4b" outcome="Passed" testListId="8c84fa94-04c1-424b-9868-57a2d4851a1d" relativeResultsDirectory="932d7c2d-e852-463f-a014-0df103a622b8" />
    <UnitTestResult executionId="3e164196-137d-4226-b234-352a8050ccc4" testId="51ee4b4c-dd8d-e42d-eca5-b25bb54e0d3a" testName="GetWorkoutDetailsAsync_Should_Only_Enrich_ValidRideIds(&quot;00000000000000000000000000000000&quot;)" computerName="cursor" duration="00:00:00.0002380" startTime="2025-07-04T17:19:17.7372549+00:00" endTime="2025-07-04T17:19:17.7374932+00:00" testType="13cdc9d9-ddb5-4fa4-a97d-d965ccfc6d4b" outcome="Passed" testListId="8c84fa94-04c1-424b-9868-57a2d4851a1d" relativeResultsDirectory="3e164196-137d-4226-b234-352a8050ccc4" />
    <UnitTestResult executionId="93708c8f-9878-4556-ae95-50bf55cde7cc" testId="299f546a-84bb-aad8-e7a0-66ce90d400fc" testName="GetCustomDeviceInfoAsync_Choose_CorrectDevice_For_WorkoutType(Stretching)" computerName="cursor" duration="00:00:00.0003160" startTime="2025-07-04T17:19:16.3846556+00:00" endTime="2025-07-04T17:19:16.3849711+00:00" testType="13cdc9d9-ddb5-4fa4-a97d-d965ccfc6d4b" outcome="Passed" testListId="8c84fa94-04c1-424b-9868-57a2d4851a1d" relativeResultsDirectory="93708c8f-9878-4556-ae95-50bf55cde7cc" />
    <UnitTestResult executionId="4af49503-d5f4-4df0-8fd2-fd703d2ca9f4" testId="2f7de2c0-2199-52d5-03cd-31fe9d35742e" testName="GetCustomDeviceInfoAsync_Choose_CorrectDevice_For_WorkoutType(Meditation)" computerName="cursor" duration="00:00:00.0004390" startTime="2025-07-04T17:19:16.3853759+00:00" endTime="2025-07-04T17:19:16.3858143+00:00" testType="13cdc9d9-ddb5-4fa4-a97d-d965ccfc6d4b" outcome="Passed" testListId="8c84fa94-04c1-424b-9868-57a2d4851a1d" relativeResultsDirectory="4af49503-d5f4-4df0-8fd2-fd703d2ca9f4" />
    <UnitTestResult executionId="2bfae124-8e32-42dc-9627-43b44a6b8f77" testId="ae69910e-29f6-c558-816f-f6c28287e89d" testName="GetMaxSpeedMetersPerSecond_MaxSpeed_Is_Converted(&quot;km&quot;)" computerName="cursor" duration="00:00:00.0000250" startTime="2025-07-04T17:19:16.5160333+00:00" endTime="2025-07-04T17:19:16.5160583+00:00" testType="13cdc9d9-ddb5-4fa4-a97d-d965ccfc6d4b" outcome="Passed" testListId="8c84fa94-04c1-424b-9868-57a2d4851a1d" relativeResultsDirectory="2bfae124-8e32-42dc-9627-43b44a6b8f77" />
    <UnitTestResult executionId="7a351826-f736-49a7-b8f8-005457a02a96" testId="bd5aa7b1-246c-6dab-cbdf-cfe9b0823566" testName="Fit_Converter_Builds_Valid_DeviceInfoMesg(5,3)" computerName="cursor" duration="00:00:00.0000690" startTime="2025-07-04T17:19:16.5450284+00:00" endTime="2025-07-04T17:19:16.5450978+00:00" testType="13cdc9d9-ddb5-4fa4-a97d-d965ccfc6d4b" outcome="Passed" testListId="8c84fa94-04c1-424b-9868-57a2d4851a1d" relativeResultsDirectory="7a351826-f736-49a7-b8f8-005457a02a96" />
    <UnitTestResult executionId="b0422064-59c9-41c9-b769-4c89ce8fbf99" testId="26cb9a0c-9732-0e98-cfef-fd3942afbd88" testName="GetAvgSpeedMetersPerSecond_MaxSpeed_Is_Converted(&quot;kph&quot;)" computerName="cursor" duration="00:00:00.0000250" startTime="2025-07-04T17:19:16.5070481+00:00" endTime="2025-07-04T17:19:16.5070730+00:00" testType="13cdc9d9-ddb5-4fa4-a97d-d965ccfc6d4b" outcome="Passed" testListId="8c84fa94-04c1-424b-9868-57a2d4851a1d" relativeResultsDirectory="b0422064-59c9-41c9-b769-4c89ce8fbf99" />
    <UnitTestResult executionId="12d6c7dc-5c9d-4466-a3bf-d51c5b6278f8" testId="b4199274-6c0f-e8b2-8529-712ee4a5b18e" testName="StrengthExerciseMappings_PlankVariations_ShouldMapToPlankCategory" computerName="cursor" duration="00:00:00.0001140" startTime="2025-07-04T17:19:16.5251981+00:00" endTime="2025-07-04T17:19:16.5253123+00:00" testType="13cdc9d9-ddb5-4fa4-a97d-d965ccfc6d4b" outcome="Passed" testListId="8c84fa94-04c1-424b-9868-57a2d4851a1d" relativeResultsDirectory="12d6c7dc-5c9d-4466-a3bf-d51c5b6278f8" />
    <UnitTestResult executionId="782a89b4-5b44-49c1-9b5d-ecbdbad11823" testId="aebb9ddd-1d97-2234-36d0-61927d26000e" testName="GetCustomDeviceInfoAsync_Choose_CorrectDevice_For_WorkoutType(Rowing)" computerName="cursor" duration="00:00:00.0004210" startTime="2025-07-04T17:19:16.3858367+00:00" endTime="2025-07-04T17:19:16.3862579+00:00" testType="13cdc9d9-ddb5-4fa4-a97d-d965ccfc6d4b" outcome="Passed" testListId="8c84fa94-04c1-424b-9868-57a2d4851a1d" relativeResultsDirectory="782a89b4-5b44-49c1-9b5d-ecbdbad11823" />
    <UnitTestResult executionId="ad94cee0-676e-4ae8-942d-cfc37c13d622" testId="74b68762-823f-575b-a235-3b1eb9197fe7" testName="GetAsync_When_Service_Throws_PelotonAuthenticationException_Returns_BadRequest" computerName="cursor" duration="00:00:00.0009400" startTime="2025-07-04T17:19:16.1710582+00:00" endTime="2025-07-04T17:19:16.1719983+00:00" testType="13cdc9d9-ddb5-4fa4-a97d-d965ccfc6d4b" outcome="Passed" testListId="8c84fa94-04c1-424b-9868-57a2d4851a1d" relativeResultsDirectory="ad94cee0-676e-4ae8-942d-cfc37c13d622" />
    <UnitTestResult executionId="fef28d33-203d-44cb-a7f1-cd71800461fa" testId="28fe3ef7-2f7a-190c-208d-bca61bfd040b" testName="GetCalorieSummary_ShouldPickCorrectValue(Common.Dto.Peloton.WorkoutSamples,20)" computerName="cursor" duration="00:00:00.0000710" startTime="2025-07-04T17:19:16.5091869+00:00" endTime="2025-07-04T17:19:16.5092581+00:00" testType="13cdc9d9-ddb5-4fa4-a97d-d965ccfc6d4b" outcome="Passed" testListId="8c84fa94-04c1-424b-9868-57a2d4851a1d" relativeResultsDirectory="fef28d33-203d-44cb-a7f1-cd71800461fa" />
    <UnitTestResult executionId="721d8fd9-ebff-42bf-b723-38e5596dfec0" testId="9e40d7f7-182b-bab9-82e3-bb0dcbb731fc" testName="GetWorkoutType_Should_Map_Correctly(Caesar_Bootcamp,True)" computerName="cursor" duration="00:00:00.0000250" startTime="2025-07-04T17:19:16.2652651+00:00" endTime="2025-07-04T17:19:16.2652900+00:00" testType="13cdc9d9-ddb5-4fa4-a97d-d965ccfc6d4b" outcome="Passed" testListId="8c84fa94-04c1-424b-9868-57a2d4851a1d" relativeResultsDirectory="721d8fd9-ebff-42bf-b723-38e5596dfec0" />
    <UnitTestResult executionId="82639c25-eaa0-4964-97f9-d122a8acbdb6" testId="15d8f164-ed9b-0afc-af0e-42874a05e947" testName="ValidateConfig_WhenUploadDisabled_ShouldNotValidateCredentials" computerName="cursor" duration="00:00:00.0003910" startTime="2025-07-04T17:19:17.6940661+00:00" endTime="2025-07-04T17:19:17.6944569+00:00" testType="13cdc9d9-ddb5-4fa4-a97d-d965ccfc6d4b" outcome="Passed" testListId="8c84fa94-04c1-424b-9868-57a2d4851a1d" relativeResultsDirectory="82639c25-eaa0-4964-97f9-d122a8acbdb6" />
    <UnitTestResult executionId="d1acc5b2-0d62-4e9b-af76-269bda6e1fd2" testId="860c9fe0-b7f0-10e4-c793-826181732116" testName="GetMaxSpeedMetersPerSecond_MaxSpeed_Is_Converted(&quot;kph&quot;)" computerName="cursor" duration="00:00:00.0000360" startTime="2025-07-04T17:19:16.5160631+00:00" endTime="2025-07-04T17:19:16.5160992+00:00" testType="13cdc9d9-ddb5-4fa4-a97d-d965ccfc6d4b" outcome="Passed" testListId="8c84fa94-04c1-424b-9868-57a2d4851a1d" relativeResultsDirectory="d1acc5b2-0d62-4e9b-af76-269bda6e1fd2" />
    <UnitTestResult executionId="071ebda8-c214-4ce3-b10d-78b5625cae75" testId="56d0afaf-76a6-7c86-ed21-bf77bbeda613" testName="Fit_Converter_Creates_Valid_Fit(&quot;meditation_workout&quot;,Class_Segments)" computerName="cursor" duration="00:00:00.0063440" startTime="2025-07-04T17:19:17.2110765+00:00" endTime="2025-07-04T17:19:17.2174195+00:00" testType="13cdc9d9-ddb5-4fa4-a97d-d965ccfc6d4b" outcome="Passed" testListId="8c84fa94-04c1-424b-9868-57a2d4851a1d" relativeResultsDirectory="071ebda8-c214-4ce3-b10d-78b5625cae75" />
    <UnitTestResult executionId="ce92a604-bb14-4c3c-aab8-89831968f60b" testId="27b2cd73-6788-78c2-8f2b-b1d4688529a0" testName="Json_WithNullAvgVlaue_Can_Deserialzize_To_Metric" computerName="cursor" duration="00:00:00.0009270" startTime="2025-07-04T17:19:16.3159247+00:00" endTime="2025-07-04T17:19:16.3168509+00:00" testType="13cdc9d9-ddb5-4fa4-a97d-d965ccfc6d4b" outcome="Passed" testListId="8c84fa94-04c1-424b-9868-57a2d4851a1d" relativeResultsDirectory="ce92a604-bb14-4c3c-aab8-89831968f60b" />
    <UnitTestResult executionId="b32d493b-86b9-4156-83b8-f405d033504f" testId="33a938f8-788a-de06-241a-889d0de1de0c" testName="UpdatePelotonSettingsAsync_With_Invalid_NumWorkoutsToDownload_And_PollingEnabled_ReturnsError" computerName="cursor" duration="00:00:00.0006840" startTime="2025-07-04T17:19:16.2390910+00:00" endTime="2025-07-04T17:19:16.2397752+00:00" testType="13cdc9d9-ddb5-4fa4-a97d-d965ccfc6d4b" outcome="Passed" testListId="8c84fa94-04c1-424b-9868-57a2d4851a1d" relativeResultsDirectory="b32d493b-86b9-4156-83b8-f405d033504f" />
    <UnitTestResult executionId="5ff05306-597e-4e96-a69b-549842e4fba6" testId="488459ee-d120-d7fc-1652-0d4582274b8e" testName="GetWorkoutDetailsAsync_Should_EnrichAllWorkouts" computerName="cursor" duration="00:00:00.0111800" startTime="2025-07-04T17:19:17.7239204+00:00" endTime="2025-07-04T17:19:17.7351001+00:00" testType="13cdc9d9-ddb5-4fa4-a97d-d965ccfc6d4b" outcome="Passed" testListId="8c84fa94-04c1-424b-9868-57a2d4851a1d" relativeResultsDirectory="5ff05306-597e-4e96-a69b-549842e4fba6" />
    <UnitTestResult executionId="108ce57a-6347-412a-bdf4-eb6cdd896028" testId="e1d0126b-b39a-acb2-ae40-940004ffe5c5" testName="CombineMetricsData_When_WorkoutsToStack_Is_NullOrEmpty_NoOp" computerName="cursor" duration="00:00:00.0000920" startTime="2025-07-04T17:19:17.7844563+00:00" endTime="2025-07-04T17:19:17.7845487+00:00" testType="13cdc9d9-ddb5-4fa4-a97d-d965ccfc6d4b" outcome="Passed" testListId="8c84fa94-04c1-424b-9868-57a2d4851a1d" relativeResultsDirectory="108ce57a-6347-412a-bdf4-eb6cdd896028" />
    <UnitTestResult executionId="6a7e8faa-00cb-4a0a-a1ce-6756edab6214" testId="8109c158-c3a9-a310-516d-ab350523a443" testName="ValidateConfig_WhenUploadEnabled_ShouldValidateCredentials" computerName="cursor" duration="00:00:00.0002180" startTime="2025-07-04T17:19:17.6944781+00:00" endTime="2025-07-04T17:19:17.6946965+00:00" testType="13cdc9d9-ddb5-4fa4-a97d-d965ccfc6d4b" outcome="Passed" testListId="8c84fa94-04c1-424b-9868-57a2d4851a1d" relativeResultsDirectory="6a7e8faa-00cb-4a0a-a1ce-6756edab6214" />
    <UnitTestResult executionId="aff5bda5-2014-4504-87ea-6876b015729d" testId="d33c3551-a2e2-8781-705e-8e05544431c0" testName="PagingResponseBase_Calculates_HasNext_Correctly(100,5)" computerName="cursor" duration="00:00:00.0000040" startTime="2025-07-04T17:19:16.2469755+00:00" endTime="2025-07-04T17:19:16.2469796+00:00" testType="13cdc9d9-ddb5-4fa4-a97d-d965ccfc6d4b" outcome="Passed" testListId="8c84fa94-04c1-424b-9868-57a2d4851a1d" relativeResultsDirectory="aff5bda5-2014-4504-87ea-6876b015729d" />
    <UnitTestResult executionId="5f51c974-c877-4d01-b5b5-9afe20c6e306" testId="7cd229c5-2548-c467-2e74-7fe0bb091375" testName="Fit_Converter_Creates_Valid_Fit(&quot;row_bootcamp&quot;,Default)" computerName="cursor" duration="00:00:00.0416340" startTime="2025-07-04T17:19:16.8683266+00:00" endTime="2025-07-04T17:19:16.9099597+00:00" testType="13cdc9d9-ddb5-4fa4-a97d-d965ccfc6d4b" outcome="Passed" testListId="8c84fa94-04c1-424b-9868-57a2d4851a1d" relativeResultsDirectory="5f51c974-c877-4d01-b5b5-9afe20c6e306" />
    <UnitTestResult executionId="26343506-7e86-4769-8b15-0c76a14d3da8" testId="facbc2fa-2782-495e-b566-3c0160b941d0" testName="SignOutAsync_ShouldClearAllTokens" computerName="cursor" duration="00:00:00.0013209" startTime="2025-07-04T17:19:17.6854387+00:00" endTime="2025-07-04T17:19:17.6867596+00:00" testType="13cdc9d9-ddb5-4fa4-a97d-d965ccfc6d4b" outcome="Passed" testListId="8c84fa94-04c1-424b-9868-57a2d4851a1d" relativeResultsDirectory="26343506-7e86-4769-8b15-0c76a14d3da8" />
    <UnitTestResult executionId="e9b08874-e289-4a77-9b90-aa8a74fa975d" testId="ffebe071-ab50-b14b-0678-517287e48214" testName="ValidateConfig_InvalidPort_Throws(0)" computerName="cursor" duration="00:00:00.0002990" startTime="2025-07-04T17:19:16.3891744+00:00" endTime="2025-07-04T17:19:16.3894735+00:00" testType="13cdc9d9-ddb5-4fa4-a97d-d965ccfc6d4b" outcome="Passed" testListId="8c84fa94-04c1-424b-9868-57a2d4851a1d" relativeResultsDirectory="e9b08874-e289-4a77-9b90-aa8a74fa975d" />
    <UnitTestResult executionId="baa9a1e4-ddf7-4be2-b290-fa0623753676" testId="e89b8a9f-c780-da3a-7150-6e0f464d0bde" testName="GetWorkoutType_Should_Map_Correctly(Running,True)" computerName="cursor" duration="00:00:00.0000020" startTime="2025-07-04T17:19:16.2651280+00:00" endTime="2025-07-04T17:19:16.2651304+00:00" testType="13cdc9d9-ddb5-4fa4-a97d-d965ccfc6d4b" outcome="Passed" testListId="8c84fa94-04c1-424b-9868-57a2d4851a1d" relativeResultsDirectory="baa9a1e4-ddf7-4be2-b290-fa0623753676" />
    <UnitTestResult executionId="ffacd5b8-a8a7-4800-abf9-94c693980f16" testId="e0e889ee-a9ce-4836-9adc-dcc5194648da" testName="SyncAsync_WhenNoWorkouts_Should_NotThrow" computerName="cursor" duration="00:00:00.0023390" startTime="2025-07-04T17:19:17.8230941+00:00" endTime="2025-07-04T17:19:17.8254331+00:00" testType="13cdc9d9-ddb5-4fa4-a97d-d965ccfc6d4b" outcome="Passed" testListId="8c84fa94-04c1-424b-9868-57a2d4851a1d" relativeResultsDirectory="ffacd5b8-a8a7-4800-abf9-94c693980f16" />
    <UnitTestResult executionId="a9593644-e7ba-48e4-90b2-3ccc2da54b99" testId="73d075be-fab1-ee80-0dd0-df090006c2e6" testName="GetCalorieSummary_ShouldPickCorrectValue(Common.Dto.Peloton.WorkoutSamples,10)" computerName="cursor" duration="00:00:00.0004710" startTime="2025-07-04T17:19:16.5086192+00:00" endTime="2025-07-04T17:19:16.5090897+00:00" testType="13cdc9d9-ddb5-4fa4-a97d-d965ccfc6d4b" outcome="Passed" testListId="8c84fa94-04c1-424b-9868-57a2d4851a1d" relativeResultsDirectory="a9593644-e7ba-48e4-90b2-3ccc2da54b99" />
    <UnitTestResult executionId="d83785bc-8323-4736-bed9-e1b9ed669cb4" testId="4e963c65-d36b-621f-1e27-b7f2f0cf1013" testName="Fit_Converter_Creates_Valid_Fit(&quot;meditation_workout&quot;,Distance)" computerName="cursor" duration="00:00:00.0058790" startTime="2025-07-04T17:19:16.9952085+00:00" endTime="2025-07-04T17:19:17.0010870+00:00" testType="13cdc9d9-ddb5-4fa4-a97d-d965ccfc6d4b" outcome="Passed" testListId="8c84fa94-04c1-424b-9868-57a2d4851a1d" relativeResultsDirectory="d83785bc-8323-4736-bed9-e1b9ed669cb4" />
    <UnitTestResult executionId="c29cb5f1-7fac-40cb-9cb6-47eb28186c0a" testId="9ee0eb13-c27d-9b0c-f2f4-4561c0a9350e" testName="GetWorkoutType_Should_Map_Correctly(Circuit,True)" computerName="cursor" duration="00:00:00.0000020" startTime="2025-07-04T17:19:16.2651616+00:00" endTime="2025-07-04T17:19:16.2651636+00:00" testType="13cdc9d9-ddb5-4fa4-a97d-d965ccfc6d4b" outcome="Passed" testListId="8c84fa94-04c1-424b-9868-57a2d4851a1d" relativeResultsDirectory="c29cb5f1-7fac-40cb-9cb6-47eb28186c0a" />
    <UnitTestResult executionId="3d1303f4-c00c-4964-855b-133e0ad3f89d" testId="3d20861b-d0b1-5b12-a559-4328bdcf8447" testName="CombineMetricData_When_Metrics_Is_Null_SkipsEmpty" computerName="cursor" duration="00:00:00.0013870" startTime="2025-07-04T17:19:17.7826932+00:00" endTime="2025-07-04T17:19:17.7840794+00:00" testType="13cdc9d9-ddb5-4fa4-a97d-d965ccfc6d4b" outcome="Passed" testListId="8c84fa94-04c1-424b-9868-57a2d4851a1d" relativeResultsDirectory="3d1303f4-c00c-4964-855b-133e0ad3f89d" />
    <UnitTestResult executionId="c1cd0368-b191-441b-bf4b-a395ed09f8ec" testId="58cdaa47-7c03-80e7-00da-9551217f776a" testName="ShouldConvert_ShouldOnly_Support_TCX(False,True,True)" computerName="cursor" duration="00:00:00.0000460" startTime="2025-07-04T17:19:17.4704265+00:00" endTime="2025-07-04T17:19:17.4704728+00:00" testType="13cdc9d9-ddb5-4fa4-a97d-d965ccfc6d4b" outcome="Passed" testListId="8c84fa94-04c1-424b-9868-57a2d4851a1d" relativeResultsDirectory="c1cd0368-b191-441b-bf4b-a395ed09f8ec" />
    <UnitTestResult executionId="92def446-4c18-4937-a086-728f7a0a6993" testId="88ea8bc1-64c6-1ed7-dff7-6876c9743dc1" testName="GetMaxSpeedMetersPerSecond_MaxSpeed_Is_Converted_ForRower(&quot;min/500m&quot;)" computerName="cursor" duration="00:00:00.0002400" startTime="2025-07-04T17:19:16.5161520+00:00" endTime="2025-07-04T17:19:16.5163922+00:00" testType="13cdc9d9-ddb5-4fa4-a97d-d965ccfc6d4b" outcome="Passed" testListId="8c84fa94-04c1-424b-9868-57a2d4851a1d" relativeResultsDirectory="92def446-4c18-4937-a086-728f7a0a6993" />
    <UnitTestResult executionId="9642bded-ba32-4d4c-b2fd-1fdf3bf3effc" testId="63862178-9990-7cdb-ac9b-379cf4160859" testName="GetMaxSpeedMetersPerSecond_MaxSpeed_Is_Converted(&quot;ft&quot;)" computerName="cursor" duration="00:00:00.0000370" startTime="2025-07-04T17:19:16.5159930+00:00" endTime="2025-07-04T17:19:16.5160300+00:00" testType="13cdc9d9-ddb5-4fa4-a97d-d965ccfc6d4b" outcome="Passed" testListId="8c84fa94-04c1-424b-9868-57a2d4851a1d" relativeResultsDirectory="9642bded-ba32-4d4c-b2fd-1fdf3bf3effc" />
    <UnitTestResult executionId="94267562-6659-4eed-81f2-733fd0d4aa3b" testId="a869e792-ca4e-5496-f380-4de04c793554" testName="SyncAsync_When_SyncErrors_MapsErrorsCorrectly" computerName="cursor" duration="00:00:00.0040910" startTime="2025-07-04T17:19:16.1922363+00:00" endTime="2025-07-04T17:19:16.1963267+00:00" testType="13cdc9d9-ddb5-4fa4-a97d-d965ccfc6d4b" outcome="Passed" testListId="8c84fa94-04c1-424b-9868-57a2d4851a1d" relativeResultsDirectory="94267562-6659-4eed-81f2-733fd0d4aa3b" />
    <UnitTestResult executionId="6cf82eef-c2f0-4a4c-a95f-03f9cad6093b" testId="a1d5e58e-a3ed-a811-2f4a-39a63b26814e" testName="GetAllAsync_Returns_Results_SortedBy_MostRecentFirst" computerName="cursor" duration="00:00:00.0051930" startTime="2025-07-04T17:19:16.1352078+00:00" endTime="2025-07-04T17:19:16.1404005+00:00" testType="13cdc9d9-ddb5-4fa4-a97d-d965ccfc6d4b" outcome="Passed" testListId="8c84fa94-04c1-424b-9868-57a2d4851a1d" relativeResultsDirectory="6cf82eef-c2f0-4a4c-a95f-03f9cad6093b" />
    <UnitTestResult executionId="03ebc665-5f31-409c-b44f-333076264811" testId="3f206ca6-da4d-81d4-4009-b17edef07e39" testName="GetConsumerCredentialsAsync_ShouldReturnValidCredentials" computerName="cursor" duration="00:00:00.0334790" startTime="2025-07-04T17:19:17.4776790+00:00" endTime="2025-07-04T17:19:17.5111572+00:00" testType="13cdc9d9-ddb5-4fa4-a97d-d965ccfc6d4b" outcome="Passed" testListId="8c84fa94-04c1-424b-9868-57a2d4851a1d" relativeResultsDirectory="03ebc665-5f31-409c-b44f-333076264811" />
    <UnitTestResult executionId="0fa82ce6-127b-4ac7-b8e3-c5329f9b2e64" testId="8541576e-161f-b1df-536b-bdaadface2bd" testName="GetStackedWorkouts_Should_Honor_TimeGap(301)" computerName="cursor" duration="00:00:00.0000540" startTime="2025-07-04T17:19:17.7901028+00:00" endTime="2025-07-04T17:19:17.7901568+00:00" testType="13cdc9d9-ddb5-4fa4-a97d-d965ccfc6d4b" outcome="Passed" testListId="8c84fa94-04c1-424b-9868-57a2d4851a1d" relativeResultsDirectory="0fa82ce6-127b-4ac7-b8e3-c5329f9b2e64" />
    <UnitTestResult executionId="22aa22c1-ba20-44c9-8154-dde51cc30193" testId="d41d09d9-47e4-6a0e-3520-bb2673be8aa2" testName="ValidateConfig_ValidHostPort_DoesNotThrow" computerName="cursor" duration="00:00:00.0001100" startTime="2025-07-04T17:19:16.3894982+00:00" endTime="2025-07-04T17:19:16.3896082+00:00" testType="13cdc9d9-ddb5-4fa4-a97d-d965ccfc6d4b" outcome="Passed" testListId="8c84fa94-04c1-424b-9868-57a2d4851a1d" relativeResultsDirectory="22aa22c1-ba20-44c9-8154-dde51cc30193" />
    <UnitTestResult executionId="e73ca624-5fbc-4636-b938-2ec824f4412d" testId="71aea8d5-c18d-517a-2cea-5643906a4fa3" testName="Fit_Converter_Creates_Valid_Fit(&quot;walking_outdoor_01&quot;,Class_Segments)" computerName="cursor" duration="00:00:00.0531540" startTime="2025-07-04T17:19:17.2174720+00:00" endTime="2025-07-04T17:19:17.2706248+00:00" testType="13cdc9d9-ddb5-4fa4-a97d-d965ccfc6d4b" outcome="Passed" testListId="8c84fa94-04c1-424b-9868-57a2d4851a1d" relativeResultsDirectory="e73ca624-5fbc-4636-b938-2ec824f4412d" />
    <UnitTestResult executionId="95732f02-216c-4b8d-a152-4faa233cf3ce" testId="cb68c355-6bfa-b011-745e-3a9f50b6a807" testName="CompleteMFAAuthAsync_WhenWrongAuthStage_ShouldThrowException" computerName="cursor" duration="00:00:00.0014270" startTime="2025-07-04T17:19:17.6347417+00:00" endTime="2025-07-04T17:19:17.6361685+00:00" testType="13cdc9d9-ddb5-4fa4-a97d-d965ccfc6d4b" outcome="Passed" testListId="8c84fa94-04c1-424b-9868-57a2d4851a1d" relativeResultsDirectory="95732f02-216c-4b8d-a152-4faa233cf3ce" />
    <UnitTestResult executionId="533128f1-8fb4-4fec-991f-418ee43b8509" testId="66af6f1d-987a-6930-1999-0967188f94d7" testName="SyncAsync_When_SyncSuccessful_CreatedResult_Returned" computerName="cursor" duration="00:00:00.0018250" startTime="2025-07-04T17:19:16.1963603+00:00" endTime="2025-07-04T17:19:16.1981846+00:00" testType="13cdc9d9-ddb5-4fa4-a97d-d965ccfc6d4b" outcome="Passed" testListId="8c84fa94-04c1-424b-9868-57a2d4851a1d" relativeResultsDirectory="533128f1-8fb4-4fec-991f-418ee43b8509" />
    <UnitTestResult executionId="79b585f1-273d-4b1d-a99f-66d879c209a7" testId="7d3f3bee-187c-5af5-8058-bf14cf827929" testName="GetAvgSpeedMetersPerSecond_NullMetrics_Returns0" computerName="cursor" duration="00:00:00.0001610" startTime="2025-07-04T17:19:16.5076504+00:00" endTime="2025-07-04T17:19:16.5078112+00:00" testType="13cdc9d9-ddb5-4fa4-a97d-d965ccfc6d4b" outcome="Passed" testListId="8c84fa94-04c1-424b-9868-57a2d4851a1d" relativeResultsDirectory="79b585f1-273d-4b1d-a99f-66d879c209a7" />
    <UnitTestResult executionId="77ff2f87-8f67-48f0-9151-333841f1811c" testId="6f647fb1-f61a-98c6-9059-a1c0f49860db" testName="SendCredentialsAsync_WhenRedirected_ShouldCaptureRedirection" computerName="cursor" duration="00:00:00.0049430" startTime="2025-07-04T17:19:17.5649379+00:00" endTime="2025-07-04T17:19:17.5698799+00:00" testType="13cdc9d9-ddb5-4fa4-a97d-d965ccfc6d4b" outcome="Passed" testListId="8c84fa94-04c1-424b-9868-57a2d4851a1d" relativeResultsDirectory="77ff2f87-8f67-48f0-9151-333841f1811c" />
    <UnitTestResult executionId="f24f546b-133b-44ba-ad77-df0f16589a5f" testId="034c6664-ed87-1aef-6400-fd4f2563e44c" testName="GetCustomDeviceInfoAsync_When_LegacyDeviceFile_Fails_And_NoNewSettings_FallsBackToDefaults" computerName="cursor" duration="00:00:00.0010260" startTime="2025-07-04T17:19:16.3867885+00:00" endTime="2025-07-04T17:19:16.3878139+00:00" testType="13cdc9d9-ddb5-4fa4-a97d-d965ccfc6d4b" outcome="Passed" testListId="8c84fa94-04c1-424b-9868-57a2d4851a1d" relativeResultsDirectory="f24f546b-133b-44ba-ad77-df0f16589a5f" />
    <UnitTestResult executionId="7f56c449-88db-4775-8bf0-180e07370ade" testId="52f2e7d1-05f8-a8b3-72fb-8fb8b6080a9f" testName="ShouldConvert_ShouldOnly_Support_TCX(True,False,False)" computerName="cursor" duration="00:00:00.0000500" startTime="2025-07-04T17:19:17.4703706+00:00" endTime="2025-07-04T17:19:17.4704206+00:00" testType="13cdc9d9-ddb5-4fa4-a97d-d965ccfc6d4b" outcome="Passed" testListId="8c84fa94-04c1-424b-9868-57a2d4851a1d" relativeResultsDirectory="7f56c449-88db-4775-8bf0-180e07370ade" />
    <UnitTestResult executionId="36e9be3d-ced3-4e38-9527-e00b7082402f" testId="c209169f-c260-b2d7-77d6-1ccf7f97823e" testName="Fit_Converter_Creates_Valid_Fit(&quot;rower_workout&quot;,Distance)" computerName="cursor" duration="00:00:00.0155520" startTime="2025-07-04T17:19:17.1023894+00:00" endTime="2025-07-04T17:19:17.1179402+00:00" testType="13cdc9d9-ddb5-4fa4-a97d-d965ccfc6d4b" outcome="Passed" testListId="8c84fa94-04c1-424b-9868-57a2d4851a1d" relativeResultsDirectory="36e9be3d-ced3-4e38-9527-e00b7082402f" />
    <UnitTestResult executionId="95066550-ac02-4315-85f4-3e837dc99e4e" testId="1ae52073-2009-2389-a5ed-134b4adf8ca2" testName="GetCustomDeviceInfoAsync_Choose_CorrectDevice_For_WorkoutType(OutdoorRunning)" computerName="cursor" duration="00:00:00.0002790" startTime="2025-07-04T17:19:16.3828606+00:00" endTime="2025-07-04T17:19:16.3831392+00:00" testType="13cdc9d9-ddb5-4fa4-a97d-d965ccfc6d4b" outcome="Passed" testListId="8c84fa94-04c1-424b-9868-57a2d4851a1d" relativeResultsDirectory="95066550-ac02-4315-85f4-3e837dc99e4e" />
    <UnitTestResult executionId="32406561-ad45-448f-83a6-39bc2a9df337" testId="acbdaa04-ddd9-e76b-1250-10b38b5cdd74" testName="Fit_Converter_Creates_Valid_Fit(&quot;ride_based_on_distance&quot;,Default)" computerName="cursor" duration="00:00:00.0216160" startTime="2025-07-04T17:19:16.8282552+00:00" endTime="2025-07-04T17:19:16.8498701+00:00" testType="13cdc9d9-ddb5-4fa4-a97d-d965ccfc6d4b" outcome="Passed" testListId="8c84fa94-04c1-424b-9868-57a2d4851a1d" relativeResultsDirectory="32406561-ad45-448f-83a6-39bc2a9df337" />
    <UnitTestResult executionId="a139fcb4-cfaf-4070-88cb-b8bd62bed3cb" testId="e10d7093-8250-8624-4561-2fb755fc56c8" testName="SyncAsync_When_Service_Throws_Exception_Returns_BadRequest" computerName="cursor" duration="00:00:00.0177639" startTime="2025-07-04T17:19:16.1744346+00:00" endTime="2025-07-04T17:19:16.1921979+00:00" testType="13cdc9d9-ddb5-4fa4-a97d-d965ccfc6d4b" outcome="Passed" testListId="8c84fa94-04c1-424b-9868-57a2d4851a1d" relativeResultsDirectory="a139fcb4-cfaf-4070-88cb-b8bd62bed3cb" />
    <UnitTestResult executionId="2998fd86-3c78-422f-933f-6133a89b71ee" testId="fb28f6cb-0e0f-b5bd-5e90-b786682a6b3b" testName="ShouldConvert_ShouldOnly_Support_TCX(True,True,False)" computerName="cursor" duration="00:00:00.0004250" startTime="2025-07-04T17:19:17.4698101+00:00" endTime="2025-07-04T17:19:17.4702344+00:00" testType="13cdc9d9-ddb5-4fa4-a97d-d965ccfc6d4b" outcome="Passed" testListId="8c84fa94-04c1-424b-9868-57a2d4851a1d" relativeResultsDirectory="2998fd86-3c78-422f-933f-6133a89b71ee" />
    <UnitTestResult executionId="e40faa8e-bb6f-48d9-8b19-f641953bd5bf" testId="9e061af7-8969-3cb7-42ec-94f39bf5effb" testName="ConvertDistanceToMetersTest(&quot;km&quot;)" computerName="cursor" duration="00:00:00.0034090" startTime="2025-07-04T17:19:16.4836392+00:00" endTime="2025-07-04T17:19:16.4870475+00:00" testType="13cdc9d9-ddb5-4fa4-a97d-d965ccfc6d4b" outcome="Passed" testListId="8c84fa94-04c1-424b-9868-57a2d4851a1d" relativeResultsDirectory="e40faa8e-bb6f-48d9-8b19-f641953bd5bf" />
    <UnitTestResult executionId="1553fd0d-4ef6-4003-ac57-a385436af969" testId="2363ee34-a01c-6457-3c08-71994bc97ae6" testName="DefaultConfigInit_Format_ShouldHaveDefaulValues" computerName="cursor" duration="00:00:00.0007080" startTime="2025-07-04T17:19:16.2481431+00:00" endTime="2025-07-04T17:19:16.2488508+00:00" testType="13cdc9d9-ddb5-4fa4-a97d-d965ccfc6d4b" outcome="Passed" testListId="8c84fa94-04c1-424b-9868-57a2d4851a1d" relativeResultsDirectory="1553fd0d-4ef6-4003-ac57-a385436af969" />
    <UnitTestResult executionId="f7d1bef5-d392-4bce-9508-0fc2d6e2d7a2" testId="b85c7baf-4670-5ecd-1ba1-7b3cc41cf1dd" testName="PelotonPost_With_PasswordChange_Should_Validate_Characters(&quot;a\\ads\\adf&quot;)" computerName="cursor" duration="00:00:00.0000460" startTime="2025-07-04T17:19:16.2379820+00:00" endTime="2025-07-04T17:19:16.2380285+00:00" testType="13cdc9d9-ddb5-4fa4-a97d-d965ccfc6d4b" outcome="Passed" testListId="8c84fa94-04c1-424b-9868-57a2d4851a1d" relativeResultsDirectory="f7d1bef5-d392-4bce-9508-0fc2d6e2d7a2" />
    <UnitTestResult executionId="7c6a5def-8dd3-44e8-b2ab-cc2394c76089" testId="1aa0862f-ff6f-1535-03c7-43b45799ab3f" testName="GarminPost_With_PasswordChange_Should_Validate_Characters(&quot;\\a&quot;)" computerName="cursor" duration="00:00:00.0000600" startTime="2025-07-04T17:19:16.2356686+00:00" endTime="2025-07-04T17:19:16.2357284+00:00" testType="13cdc9d9-ddb5-4fa4-a97d-d965ccfc6d4b" outcome="Passed" testListId="8c84fa94-04c1-424b-9868-57a2d4851a1d" relativeResultsDirectory="7c6a5def-8dd3-44e8-b2ab-cc2394c76089" />
    <UnitTestResult executionId="5797d117-3257-4d89-b4ca-c1958795b069" testId="b3d2bc06-5cb0-6cbe-2dac-a17793a45748" testName="PagingResponseBase_Calculates_HasNext_Correctly(0,0)" computerName="cursor" duration="00:00:00.0001040" startTime="2025-07-04T17:19:16.2465919+00:00" endTime="2025-07-04T17:19:16.2466961+00:00" testType="13cdc9d9-ddb5-4fa4-a97d-d965ccfc6d4b" outcome="Passed" testListId="8c84fa94-04c1-424b-9868-57a2d4851a1d" relativeResultsDirectory="5797d117-3257-4d89-b4ca-c1958795b069" />
    <UnitTestResult executionId="5e0814fd-95c8-4cee-ba8a-d5f71d262370" testId="500371e6-00d0-3056-c610-6225fcff441e" testName="GetWorkoutType_Should_Map_Correctly(Bike_Bootcamp,True)" computerName="cursor" duration="00:00:00.0000030" startTime="2025-07-04T17:19:16.2651121+00:00" endTime="2025-07-04T17:19:16.2651149+00:00" testType="13cdc9d9-ddb5-4fa4-a97d-d965ccfc6d4b" outcome="Passed" testListId="8c84fa94-04c1-424b-9868-57a2d4851a1d" relativeResultsDirectory="5e0814fd-95c8-4cee-ba8a-d5f71d262370" />
    <UnitTestResult executionId="87874303-a478-46f7-9539-39aeb1cfe3e2" testId="f998499a-614e-ff27-ca3d-a560deec8923" testName="SignInAsync_WhenInitCookieJarFails_ShouldThrowAuthenticationError" computerName="cursor" duration="00:00:00.0007550" startTime="2025-07-04T17:19:17.6790037+00:00" endTime="2025-07-04T17:19:17.6797587+00:00" testType="13cdc9d9-ddb5-4fa4-a97d-d965ccfc6d4b" outcome="Passed" testListId="8c84fa94-04c1-424b-9868-57a2d4851a1d" relativeResultsDirectory="87874303-a478-46f7-9539-39aeb1cfe3e2" />
    <UnitTestResult executionId="f264d513-6200-4a64-88db-44f25cb47c27" testId="53bd1552-7549-7526-31ea-0d733217eee6" testName="GarminAuthTokenExistsAndIsValidAsync_WhenExpiredToken_ShouldReturnFalse" computerName="cursor" duration="00:00:00.0021200" startTime="2025-07-04T17:19:17.6370030+00:00" endTime="2025-07-04T17:19:17.6391227+00:00" testType="13cdc9d9-ddb5-4fa4-a97d-d965ccfc6d4b" outcome="Passed" testListId="8c84fa94-04c1-424b-9868-57a2d4851a1d" relativeResultsDirectory="f264d513-6200-4a64-88db-44f25cb47c27" />
    <UnitTestResult executionId="052d2ed2-4773-4060-bce3-0900b03d39a8" testId="096b064d-1428-b9d8-fa26-d57393951678" testName="StrengthExerciseMappings_ShouldNotBeEmpty" computerName="cursor" duration="00:00:00.0007680" startTime="2025-07-04T17:19:16.5326011+00:00" endTime="2025-07-04T17:19:16.5333688+00:00" testType="13cdc9d9-ddb5-4fa4-a97d-d965ccfc6d4b" outcome="Passed" testListId="8c84fa94-04c1-424b-9868-57a2d4851a1d" relativeResultsDirectory="052d2ed2-4773-4060-bce3-0900b03d39a8" />
    <UnitTestResult executionId="07489b41-1cec-431f-b754-e0580be50379" testId="f01466b1-9eed-a834-70fe-05694dcd6329" testName="GetWorkoutType_Should_Map_Correctly(Strength,False)" computerName="cursor" duration="00:00:00.0000050" startTime="2025-07-04T17:19:16.2651741+00:00" endTime="2025-07-04T17:19:16.2651795+00:00" testType="13cdc9d9-ddb5-4fa4-a97d-d965ccfc6d4b" outcome="Passed" testListId="8c84fa94-04c1-424b-9868-57a2d4851a1d" relativeResultsDirectory="07489b41-1cec-431f-b754-e0580be50379" />
    <UnitTestResult executionId="5d9684b6-bfa5-46b4-b1aa-6bdba92a5474" testId="8f0a30f1-398f-c971-4923-3f66a5a73c2d" testName="GetExercisesTrackedByMovementTracker_WhenNoData(Workout { Id = , Status = , Title = , Name = , Created_At = 0, Fitness_Discipline = None, Is_Outdoor = False, Ride = , End_Time = , Start_Time = 0, Total_Work = 0, Ftp_Info = , Movement_Tracker_Data = MovementTrackerData { Completed_Movements_Summary_Data =  } })" computerName="cursor" duration="00:00:00.0000140" startTime="2025-07-04T17:19:17.7120658+00:00" endTime="2025-07-04T17:19:17.7120802+00:00" testType="13cdc9d9-ddb5-4fa4-a97d-d965ccfc6d4b" outcome="Passed" testListId="8c84fa94-04c1-424b-9868-57a2d4851a1d" relativeResultsDirectory="5d9684b6-bfa5-46b4-b1aa-6bdba92a5474" />
    <UnitTestResult executionId="bee124df-ca27-48a9-9ac6-a3865b49ee35" testId="7f277a8c-7e2d-1c06-dc02-1584eb3f68df" testName="GetWorkoutType_Should_Map_Correctly(None,False)" computerName="cursor" duration="00:00:00.0001940" startTime="2025-07-04T17:19:16.2648818+00:00" endTime="2025-07-04T17:19:16.2650759+00:00" testType="13cdc9d9-ddb5-4fa4-a97d-d965ccfc6d4b" outcome="Passed" testListId="8c84fa94-04c1-424b-9868-57a2d4851a1d" relativeResultsDirectory="bee124df-ca27-48a9-9ac6-a3865b49ee35" />
    <UnitTestResult executionId="0cab5eac-125a-481a-bafb-fff22a28fa7b" testId="559641db-6f13-a4c4-3c88-cd49a96de08b" testName="GetWorkoutType_Should_Map_Correctly(Walking,False)" computerName="cursor" duration="00:00:00.0000020" startTime="2025-07-04T17:19:16.2651454+00:00" endTime="2025-07-04T17:19:16.2651475+00:00" testType="13cdc9d9-ddb5-4fa4-a97d-d965ccfc6d4b" outcome="Passed" testListId="8c84fa94-04c1-424b-9868-57a2d4851a1d" relativeResultsDirectory="0cab5eac-125a-481a-bafb-fff22a28fa7b" />
    <UnitTestResult executionId="4e5f3bac-6e91-4573-9c93-57114830fb79" testId="429fc958-a7fd-e403-2f76-5f49eab150a7" testName="GetOutputSummary_Metrics_ReturnsNull" computerName="cursor" duration="00:00:00.0001910" startTime="2025-07-04T17:19:16.5169108+00:00" endTime="2025-07-04T17:19:16.5171018+00:00" testType="13cdc9d9-ddb5-4fa4-a97d-d965ccfc6d4b" outcome="Passed" testListId="8c84fa94-04c1-424b-9868-57a2d4851a1d" relativeResultsDirectory="4e5f3bac-6e91-4573-9c93-57114830fb79" />
    <UnitTestResult executionId="5dbcd545-3bac-4ee4-bc14-fec453afb360" testId="d549615e-37a6-5b86-fd01-48e9c51b024a" testName="SyncAsync_With_EmptyWorkoutIdsRequest_Returns400" computerName="cursor" duration="00:00:00.0006410" startTime="2025-07-04T17:19:16.2018204+00:00" endTime="2025-07-04T17:19:16.2024614+00:00" testType="13cdc9d9-ddb5-4fa4-a97d-d965ccfc6d4b" outcome="Passed" testListId="8c84fa94-04c1-424b-9868-57a2d4851a1d" relativeResultsDirectory="5dbcd545-3bac-4ee4-bc14-fec453afb360" />
    <UnitTestResult executionId="c9c08695-3785-4432-899e-41c1a0d375d6" testId="fb73e6b0-78d9-48e0-6e73-19a80dd43c81" testName="GetStartTimeTest" computerName="cursor" duration="00:00:00.0004840" startTime="2025-07-04T17:19:16.5175700+00:00" endTime="2025-07-04T17:19:16.5180542+00:00" testType="13cdc9d9-ddb5-4fa4-a97d-d965ccfc6d4b" outcome="Passed" testListId="8c84fa94-04c1-424b-9868-57a2d4851a1d" relativeResultsDirectory="c9c08695-3785-4432-899e-41c1a0d375d6" />
    <UnitTestResult executionId="09b5c2ec-87df-4dba-b020-b2020f6b96ff" testId="9b4cb81b-5546-7c7c-51ec-7727370de86a" testName="PagingResponseBase_Calculates_HasNext_Correctly(5,100)" computerName="cursor" duration="00:00:00.0000050" startTime="2025-07-04T17:19:16.2469620+00:00" endTime="2025-07-04T17:19:16.2469670+00:00" testType="13cdc9d9-ddb5-4fa4-a97d-d965ccfc6d4b" outcome="Passed" testListId="8c84fa94-04c1-424b-9868-57a2d4851a1d" relativeResultsDirectory="09b5c2ec-87df-4dba-b020-b2020f6b96ff" />
    <UnitTestResult executionId="6416ab09-7c29-4c76-9f53-22304761ddc7" testId="26eaa644-cba6-d67c-e436-0668796ca225" testName="UpdateAppSettingsAsync_With_NullRequest_Returns400" computerName="cursor" duration="00:00:00.0010240" startTime="2025-07-04T17:19:16.2380447+00:00" endTime="2025-07-04T17:19:16.2390680+00:00" testType="13cdc9d9-ddb5-4fa4-a97d-d965ccfc6d4b" outcome="Passed" testListId="8c84fa94-04c1-424b-9868-57a2d4851a1d" relativeResultsDirectory="6416ab09-7c29-4c76-9f53-22304761ddc7" />
    <UnitTestResult executionId="2282b801-b94a-46a1-92a4-f5422d95b6a6" testId="6e4b6c2a-3582-c29a-4c4c-dbd15b49106a" testName="GetWorkoutType_Should_Map_Correctly(Meditation,False)" computerName="cursor" duration="00:00:00.0000060" startTime="2025-07-04T17:19:16.2652476+00:00" endTime="2025-07-04T17:19:16.2652541+00:00" testType="13cdc9d9-ddb5-4fa4-a97d-d965ccfc6d4b" outcome="Passed" testListId="8c84fa94-04c1-424b-9868-57a2d4851a1d" relativeResultsDirectory="2282b801-b94a-46a1-92a4-f5422d95b6a6" />
    <UnitTestResult executionId="ecaa0cc5-d4ac-4cc4-9099-2ed1dd700e64" testId="2c8f4979-1655-f332-06f6-53e805976a06" testName="GetStackedWorkouts_Should_Honor_TimeGap(0)" computerName="cursor" duration="00:00:00.0050060" startTime="2025-07-04T17:19:17.7845792+00:00" endTime="2025-07-04T17:19:17.7895846+00:00" testType="13cdc9d9-ddb5-4fa4-a97d-d965ccfc6d4b" outcome="Passed" testListId="8c84fa94-04c1-424b-9868-57a2d4851a1d" relativeResultsDirectory="ecaa0cc5-d4ac-4cc4-9099-2ed1dd700e64" />
    <UnitTestResult executionId="00cef228-3c01-450a-9014-de7106d6f4d8" testId="b1fdbb99-a491-6f58-9cd4-a32d3381e20e" testName="DefaultConfigInit_Developer_ShouldHaveDefaulValues" computerName="cursor" duration="00:00:00.0003430" startTime="2025-07-04T17:19:16.2477937+00:00" endTime="2025-07-04T17:19:16.2481370+00:00" testType="13cdc9d9-ddb5-4fa4-a97d-d965ccfc6d4b" outcome="Passed" testListId="8c84fa94-04c1-424b-9868-57a2d4851a1d" relativeResultsDirectory="00cef228-3c01-450a-9014-de7106d6f4d8" />
    <UnitTestResult executionId="4b03ae7f-87a0-443a-9e54-033345df5340" testId="c98e2074-ed27-4fc7-d66c-9637e2cbb509" testName="GetOAuth1TokenAsync_ShouldReturnValidOAuth1Token" computerName="cursor" duration="00:00:00.0118790" startTime="2025-07-04T17:19:17.5353880+00:00" endTime="2025-07-04T17:19:17.5472669+00:00" testType="13cdc9d9-ddb5-4fa4-a97d-d965ccfc6d4b" outcome="Passed" testListId="8c84fa94-04c1-424b-9868-57a2d4851a1d" relativeResultsDirectory="4b03ae7f-87a0-443a-9e54-033345df5340" />
    <UnitTestResult executionId="dba2a61c-c789-4863-92f4-23bac009c9bc" testId="378e2b9b-70a1-9c7c-76e4-7abd17042b3d" testName="GetRecentWorkoutsAsync_DoesNothing_WhenNoCount(0)" computerName="cursor" duration="00:00:00.0008430" startTime="2025-07-04T17:19:17.7197564+00:00" endTime="2025-07-04T17:19:17.7205993+00:00" testType="13cdc9d9-ddb5-4fa4-a97d-d965ccfc6d4b" outcome="Passed" testListId="8c84fa94-04c1-424b-9868-57a2d4851a1d" relativeResultsDirectory="dba2a61c-c789-4863-92f4-23bac009c9bc" />
    <UnitTestResult executionId="62871aec-41bc-45dc-9068-43341da81b79" testId="4e0c6c25-d6c8-8ad0-b8d7-d624e6f7c604" testName="StrengthExerciseMappings_CurlVariations_ShouldMapToCurlCategory" computerName="cursor" duration="00:00:00.0001800" startTime="2025-07-04T17:19:16.5249104+00:00" endTime="2025-07-04T17:19:16.5250908+00:00" testType="13cdc9d9-ddb5-4fa4-a97d-d965ccfc6d4b" outcome="Passed" testListId="8c84fa94-04c1-424b-9868-57a2d4851a1d" relativeResultsDirectory="62871aec-41bc-45dc-9068-43341da81b79" />
    <UnitTestResult executionId="588c7f07-4fc1-4bd7-a0e6-f515a5346ccb" testId="84af200d-9d36-ed38-e025-4b0e8e917d1d" testName="GarminPost_With_PasswordChange_Should_Validate_Characters(&quot;valid&quot;)" computerName="cursor" duration="00:00:00.0053489" startTime="2025-07-04T17:19:16.2294153+00:00" endTime="2025-07-04T17:19:16.2347643+00:00" testType="13cdc9d9-ddb5-4fa4-a97d-d965ccfc6d4b" outcome="Passed" testListId="8c84fa94-04c1-424b-9868-57a2d4851a1d" relativeResultsDirectory="588c7f07-4fc1-4bd7-a0e6-f515a5346ccb" />
    <UnitTestResult executionId="940ff314-4808-4349-96c6-a05c6daf1c21" testId="a178e1ae-b739-289c-cb62-4f110533d67d" testName="UploadToGarminAsync_WhenUploadDirectoryDoesNotExist_ShouldReturnWithoutProcessing" computerName="cursor" duration="00:00:00.0009710" startTime="2025-07-04T17:19:17.6907901+00:00" endTime="2025-07-04T17:19:17.6917609+00:00" testType="13cdc9d9-ddb5-4fa4-a97d-d965ccfc6d4b" outcome="Passed" testListId="8c84fa94-04c1-424b-9868-57a2d4851a1d" relativeResultsDirectory="940ff314-4808-4349-96c6-a05c6daf1c21" />
    <UnitTestResult executionId="7c21ba0f-646d-4761-a030-257ff4fce70a" testId="6364f89d-e9b5-09be-80f9-4b631b3c548e" testName="Fit_Converter_Creates_Valid_Fit(&quot;running_workout_no_metrics&quot;,Class_Segments)" computerName="cursor" duration="00:00:00.0169640" startTime="2025-07-04T17:19:17.2707115+00:00" endTime="2025-07-04T17:19:17.2876741+00:00" testType="13cdc9d9-ddb5-4fa4-a97d-d965ccfc6d4b" outcome="Passed" testListId="8c84fa94-04c1-424b-9868-57a2d4851a1d" relativeResultsDirectory="7c21ba0f-646d-4761-a030-257ff4fce70a" />
    <UnitTestResult executionId="667bbd00-305c-43d0-b1af-8c89bafa9d23" testId="d68ed5bd-39a3-6663-0efe-e41e95998d98" testName="GetWorkoutType_Should_Map_Correctly(Cardio,True)" computerName="cursor" duration="00:00:00.0000020" startTime="2025-07-04T17:19:16.2651498+00:00" endTime="2025-07-04T17:19:16.2651518+00:00" testType="13cdc9d9-ddb5-4fa4-a97d-d965ccfc6d4b" outcome="Passed" testListId="8c84fa94-04c1-424b-9868-57a2d4851a1d" relativeResultsDirectory="667bbd00-305c-43d0-b1af-8c89bafa9d23" />
    <UnitTestResult executionId="5af2677b-f164-475d-856a-b6bba1fc60f0" testId="fea81199-2eda-7cc0-5447-b8c7203b67c6" testName="SignInAsync_WhenInvalidCredentials_ShouldThrowException" computerName="cursor" duration="00:00:00.0003650" startTime="2025-07-04T17:19:17.6797862+00:00" endTime="2025-07-04T17:19:17.6801510+00:00" testType="13cdc9d9-ddb5-4fa4-a97d-d965ccfc6d4b" outcome="Passed" testListId="8c84fa94-04c1-424b-9868-57a2d4851a1d" relativeResultsDirectory="5af2677b-f164-475d-856a-b6bba1fc60f0" />
    <UnitTestResult executionId="5eb87d1a-9152-4bf4-a925-32cc5c4257a8" testId="d2c0c821-8a66-4165-6497-58300a75a696" testName="ValidateConfig_InvalidHost_Throws(null)" computerName="cursor" duration="00:00:00.0004190" startTime="2025-07-04T17:19:16.3882119+00:00" endTime="2025-07-04T17:19:16.3886308+00:00" testType="13cdc9d9-ddb5-4fa4-a97d-d965ccfc6d4b" outcome="Passed" testListId="8c84fa94-04c1-424b-9868-57a2d4851a1d" relativeResultsDirectory="5eb87d1a-9152-4bf4-a925-32cc5c4257a8" />
    <UnitTestResult executionId="3cf60e5c-c4f3-411f-a234-6c7189723cd4" testId="8c732e17-fb21-60bf-dc33-2081987c6946" testName="GetAsync_WithInvalid_PageSize_Returns400(-1)" computerName="cursor" duration="00:00:00.0006050" startTime="2025-07-04T17:19:16.1727121+00:00" endTime="2025-07-04T17:19:16.1733171+00:00" testType="13cdc9d9-ddb5-4fa4-a97d-d965ccfc6d4b" outcome="Passed" testListId="8c84fa94-04c1-424b-9868-57a2d4851a1d" relativeResultsDirectory="3cf60e5c-c4f3-411f-a234-6c7189723cd4" />
    <UnitTestResult executionId="68795871-c6d1-40f2-a050-848a23e13fbe" testId="7fd77b4f-2865-307d-1d9d-9dbd8cb2a6ee" testName="ShouldConvert_ShouldOnly_Support_TCX(True,False,True)" computerName="cursor" duration="00:00:00.0001070" startTime="2025-07-04T17:19:17.4702528+00:00" endTime="2025-07-04T17:19:17.4703596+00:00" testType="13cdc9d9-ddb5-4fa4-a97d-d965ccfc6d4b" outcome="Passed" testListId="8c84fa94-04c1-424b-9868-57a2d4851a1d" relativeResultsDirectory="68795871-c6d1-40f2-a050-848a23e13fbe" />
    <UnitTestResult executionId="8b5b772b-75cb-4d5f-92ee-b8678331d3e9" testId="c9206a37-69dd-d0c2-7817-2b9527b99edf" testName="IsRest_WhenRestExerciseId_ShouldReturnTrue" computerName="cursor" duration="00:00:00.0000310" startTime="2025-07-04T17:19:16.5238578+00:00" endTime="2025-07-04T17:19:16.5238892+00:00" testType="13cdc9d9-ddb5-4fa4-a97d-d965ccfc6d4b" outcome="Passed" testListId="8c84fa94-04c1-424b-9868-57a2d4851a1d" relativeResultsDirectory="8b5b772b-75cb-4d5f-92ee-b8678331d3e9" />
    <UnitTestResult executionId="5f1fc82e-946c-41aa-8d56-5aa9b75ba09c" testId="18d8a376-60f0-190d-ba44-a72a1cd79b63" testName="GetHeartRateZone_NullMetrics_ReturnsNull" computerName="cursor" duration="00:00:00.0003560" startTime="2025-07-04T17:19:16.5142460+00:00" endTime="2025-07-04T17:19:16.5146014+00:00" testType="13cdc9d9-ddb5-4fa4-a97d-d965ccfc6d4b" outcome="Passed" testListId="8c84fa94-04c1-424b-9868-57a2d4851a1d" relativeResultsDirectory="5f1fc82e-946c-41aa-8d56-5aa9b75ba09c" />
    <UnitTestResult executionId="2228adeb-49e2-4473-971b-a69d07fe645f" testId="b57878e7-556e-88c0-047b-2a893a3bfaea" testName="UploadToGarminAsync_WhenUploadDisabled_ShouldReturnWithoutProcessing" computerName="cursor" duration="00:00:00.0012150" startTime="2025-07-04T17:19:17.6917829+00:00" endTime="2025-07-04T17:19:17.6929974+00:00" testType="13cdc9d9-ddb5-4fa4-a97d-d965ccfc6d4b" outcome="Passed" testListId="8c84fa94-04c1-424b-9868-57a2d4851a1d" relativeResultsDirectory="2228adeb-49e2-4473-971b-a69d07fe645f" />
    <UnitTestResult executionId="fc96d6c9-99cc-4cad-9625-826733f7e798" testId="0117e8c7-9c5a-58e6-feed-262bdb64bb58" testName="GetWorkoutType_Should_Map_Correctly(Circuit,False)" computerName="cursor" duration="00:00:00.0000020" startTime="2025-07-04T17:19:16.2651661+00:00" endTime="2025-07-04T17:19:16.2651680+00:00" testType="13cdc9d9-ddb5-4fa4-a97d-d965ccfc6d4b" outcome="Passed" testListId="8c84fa94-04c1-424b-9868-57a2d4851a1d" relativeResultsDirectory="fc96d6c9-99cc-4cad-9625-826733f7e798" />
    <UnitTestResult executionId="2e40430d-390c-4001-a25f-347dacbd76d8" testId="7f1783c7-cde5-f3ed-b4f8-1abce9f6cb6c" testName="GetAsync_When_Service_Throws_Exception_Returns_BadRequest" computerName="cursor" duration="00:00:00.0017680" startTime="2025-07-04T17:19:16.1692633+00:00" endTime="2025-07-04T17:19:16.1710309+00:00" testType="13cdc9d9-ddb5-4fa4-a97d-d965ccfc6d4b" outcome="Passed" testListId="8c84fa94-04c1-424b-9868-57a2d4851a1d" relativeResultsDirectory="2e40430d-390c-4001-a25f-347dacbd76d8" />
    <UnitTestResult executionId="5b0d0df6-fc74-4aec-82ec-6780a048b84c" testId="e4abb676-de72-0ff0-7009-aaa86158224c" testName="GetStackedWorkouts_When_BareMinimumData_DoesNotThrow" computerName="cursor" duration="00:00:00.0002080" startTime="2025-07-04T17:19:17.7929562+00:00" endTime="2025-07-04T17:19:17.7931638+00:00" testType="13cdc9d9-ddb5-4fa4-a97d-d965ccfc6d4b" outcome="Passed" testListId="8c84fa94-04c1-424b-9868-57a2d4851a1d" relativeResultsDirectory="5b0d0df6-fc74-4aec-82ec-6780a048b84c" />
    <UnitTestResult executionId="3d4173d2-4a69-419e-acba-b8daca8db9d6" testId="f462a461-4209-1e5e-3555-ae640f044d96" testName="ShouldConvert_ShouldOnly_Support_Fit(True,True,False)" computerName="cursor" duration="00:00:00.0005030" startTime="2025-07-04T17:19:17.4675139+00:00" endTime="2025-07-04T17:19:17.4680160+00:00" testType="13cdc9d9-ddb5-4fa4-a97d-d965ccfc6d4b" outcome="Passed" testListId="8c84fa94-04c1-424b-9868-57a2d4851a1d" relativeResultsDirectory="3d4173d2-4a69-419e-acba-b8daca8db9d6" />
    <UnitTestResult executionId="da2eb88c-4792-4b52-b383-f5215d8adca3" testId="907383d2-f552-bfad-d91c-b70280b356e5" testName="GetGarminAuthenticationAsync_WhenValidOAuth2Token_ShouldReturnCompleted" computerName="cursor" duration="00:00:00.0012890" startTime="2025-07-04T17:19:17.6741427+00:00" endTime="2025-07-04T17:19:17.6754318+00:00" testType="13cdc9d9-ddb5-4fa4-a97d-d965ccfc6d4b" outcome="Failed" testListId="8c84fa94-04c1-424b-9868-57a2d4851a1d" relativeResultsDirectory="da2eb88c-4792-4b52-b383-f5215d8adca3">
      <Output>
        <ErrorInfo>
          <Message>System.NullReferenceException : Object reference not set to an instance of an object.</Message>
          <StackTrace>   at Garmin.Auth.GarminAuthenticationService.SignInAsync() in /workspace/src/Garmin/Auth/GarminAuthenticationService.cs:line 131
   at Garmin.Auth.GarminAuthenticationService.GetGarminAuthenticationAsync() in /workspace/src/Garmin/Auth/GarminAuthenticationService.cs:line 87
   at UnitTests.Garmin.GarminAuthenticationServiceTests.GetGarminAuthenticationAsync_WhenValidOAuth2Token_ShouldReturnCompleted() in /workspace/src/UnitTests/Garmin/GarminAuthenticationServiceTests.cs:line 137
   at NUnit.Framework.Internal.TaskAwaitAdapter.GenericAdapter`1.GetResult()
   at NUnit.Framework.Internal.AsyncToSyncAdapter.Await[TResult](TestExecutionContext context, Func`1 invoke)
   at NUnit.Framework.Internal.AsyncToSyncAdapter.Await(TestExecutionContext context, Func`1 invoke)
   at NUnit.Framework.Internal.Commands.TestMethodCommand.RunTestMethod(TestExecutionContext context)
   at NUnit.Framework.Internal.Commands.TestMethodCommand.Execute(TestExecutionContext context)
   at NUnit.Framework.Internal.Commands.BeforeAndAfterTestCommand.&lt;&gt;c__DisplayClass1_0.&lt;Execute&gt;b__0()
   at NUnit.Framework.Internal.Commands.DelegatingTestCommand.RunTestMethodInThreadAbortSafeZone(TestExecutionContext context, Action action)
</StackTrace>
        </ErrorInfo>
      </Output>
    </UnitTestResult>
    <UnitTestResult executionId="94c4eced-f443-484d-8198-8fcf5f3b214c" testId="bba5c36e-9b94-e7a8-f0cc-f969ff0bc7b3" testName="SendMfaCodeAsync_WhenInvalidCode_ShouldThrowException" computerName="cursor" duration="00:00:00.0100650" startTime="2025-07-04T17:19:17.5714419+00:00" endTime="2025-07-04T17:19:17.5815068+00:00" testType="13cdc9d9-ddb5-4fa4-a97d-d965ccfc6d4b" outcome="Passed" testListId="8c84fa94-04c1-424b-9868-57a2d4851a1d" relativeResultsDirectory="94c4eced-f443-484d-8198-8fcf5f3b214c" />
    <UnitTestResult executionId="f9aeb324-1198-4e27-989f-4e8d662a8d42" testId="268d93db-2570-34ff-4ac3-2be55c3fdd53" testName="GetOutputSummary_NullWorkoutSamples_ReturnsNull" computerName="cursor" duration="00:00:00.0001970" startTime="2025-07-04T17:19:16.5173646+00:00" endTime="2025-07-04T17:19:16.5175611+00:00" testType="13cdc9d9-ddb5-4fa4-a97d-d965ccfc6d4b" outcome="Passed" testListId="8c84fa94-04c1-424b-9868-57a2d4851a1d" relativeResultsDirectory="f9aeb324-1198-4e27-989f-4e8d662a8d42" />
    <UnitTestResult executionId="4a624e94-82b1-4707-aafc-f49fe8256d1e" testId="47afcd5b-fcc7-5518-3629-dc9b20fc97f8" testName="GetCalorieSummary_ShouldPickCorrectValue(Common.Dto.Peloton.WorkoutSamples,null)" computerName="cursor" duration="00:00:00.0000620" startTime="2025-07-04T17:19:16.5092623+00:00" endTime="2025-07-04T17:19:16.5093243+00:00" testType="13cdc9d9-ddb5-4fa4-a97d-d965ccfc6d4b" outcome="Passed" testListId="8c84fa94-04c1-424b-9868-57a2d4851a1d" relativeResultsDirectory="4a624e94-82b1-4707-aafc-f49fe8256d1e" />
    <UnitTestResult executionId="64985ab9-7588-4a50-b22d-46d0d8916a5c" testId="237b07d9-9785-5200-b185-5a6e10f8002a" testName="GarminPost_With_PasswordChange_Should_Validate_Characters(&quot;a\\&quot;)" computerName="cursor" duration="00:00:00.0000610" startTime="2025-07-04T17:19:16.2357320+00:00" endTime="2025-07-04T17:19:16.2357928+00:00" testType="13cdc9d9-ddb5-4fa4-a97d-d965ccfc6d4b" outcome="Passed" testListId="8c84fa94-04c1-424b-9868-57a2d4851a1d" relativeResultsDirectory="64985ab9-7588-4a50-b22d-46d0d8916a5c" />
    <UnitTestResult executionId="226afa18-81f2-41ee-ba42-11f3f955bccb" testId="88565869-d507-5001-a0f5-5eb3f9e4be26" testName="GetCyclingFtp_Should_PickCorrectValue(null,UserData { Cycling_Ftp_Source = , Cycling_Workout_Ftp = 2, Cycling_Ftp_Workout_Id = , Cycling_Ftp = 1, Estimated_Cycling_Ftp = 100, Default_Max_Heart_Rate = 0, Customized_Max_Heart_Rate = 0, Weight = 0 },100)" computerName="cursor" duration="00:00:00.0000270" startTime="2025-07-04T17:19:16.5110263+00:00" endTime="2025-07-04T17:19:16.5110538+00:00" testType="13cdc9d9-ddb5-4fa4-a97d-d965ccfc6d4b" outcome="Passed" testListId="8c84fa94-04c1-424b-9868-57a2d4851a1d" relativeResultsDirectory="226afa18-81f2-41ee-ba42-11f3f955bccb" />
    <UnitTestResult executionId="ae82d600-5c96-420e-b790-de2c6a7e57dd" testId="9bf7aecf-f67c-5735-4db0-dc505b7fb305" testName="GetEndTime_FallsbackToDuration_Test" computerName="cursor" duration="00:00:00.0017030" startTime="2025-07-04T17:19:16.5111778+00:00" endTime="2025-07-04T17:19:16.5128801+00:00" testType="13cdc9d9-ddb5-4fa4-a97d-d965ccfc6d4b" outcome="Passed" testListId="8c84fa94-04c1-424b-9868-57a2d4851a1d" relativeResultsDirectory="ae82d600-5c96-420e-b790-de2c6a7e57dd" />
    <UnitTestResult executionId="3a821851-e44f-4ede-97f0-c73fc6ca41b3" testId="ee24efa4-f2cd-2850-47c0-4f8efb4efbda" testName="GetOAuth2TokenAsync_ShouldExchangeOAuth1ForOAuth2" computerName="cursor" duration="00:00:00.0094650" startTime="2025-07-04T17:19:17.5483288+00:00" endTime="2025-07-04T17:19:17.5577936+00:00" testType="13cdc9d9-ddb5-4fa4-a97d-d965ccfc6d4b" outcome="Passed" testListId="8c84fa94-04c1-424b-9868-57a2d4851a1d" relativeResultsDirectory="3a821851-e44f-4ede-97f0-c73fc6ca41b3" />
    <UnitTestResult executionId="481f9804-3ad2-4915-b922-65554ec71da5" testId="87f4e6d4-66fb-500c-9d11-749fffc87395" testName="ShouldConvert_ShouldOnly_Support_Fit(True,False,True)" computerName="cursor" duration="00:00:00.0000649" startTime="2025-07-04T17:19:17.4680428+00:00" endTime="2025-07-04T17:19:17.4681080+00:00" testType="13cdc9d9-ddb5-4fa4-a97d-d965ccfc6d4b" outcome="Passed" testListId="8c84fa94-04c1-424b-9868-57a2d4851a1d" relativeResultsDirectory="481f9804-3ad2-4915-b922-65554ec71da5" />
    <UnitTestResult executionId="0e639b31-79ca-451c-84cb-98424f35c2f6" testId="4692bdef-824c-2da9-2b8f-73cf5e60e9b6" testName="SignInAsync_WhenMfaRequired_ShouldReturnNeedMfaToken" computerName="cursor" duration="00:00:00.0022960" startTime="2025-07-04T17:19:17.6801705+00:00" endTime="2025-07-04T17:19:17.6824667+00:00" testType="13cdc9d9-ddb5-4fa4-a97d-d965ccfc6d4b" outcome="Failed" testListId="8c84fa94-04c1-424b-9868-57a2d4851a1d" relativeResultsDirectory="0e639b31-79ca-451c-84cb-98424f35c2f6">
      <Output>
        <ErrorInfo>
          <Message>Garmin.Auth.GarminAuthenticationError : Failed to parse csrf token.
  ----&gt; Garmin.Auth.GarminAuthenticationError : Failed to find regex match for csrf token. tokenResult: &lt;input name='_csrf' value='csrf-token' /&gt;</Message>
          <StackTrace>   at Garmin.Auth.GarminAuthenticationService.FindCsrfToken(String rawResponseBody, Code failureStepCode) in /workspace/src/Garmin/Auth/GarminAuthenticationService.cs:line 303
   at Garmin.Auth.GarminAuthenticationService.SignInAsync() in /workspace/src/Garmin/Auth/GarminAuthenticationService.cs:line 131
   at UnitTests.Garmin.GarminAuthenticationServiceTests.SignInAsync_WhenMfaRequired_ShouldReturnNeedMfaToken() in /workspace/src/UnitTests/Garmin/GarminAuthenticationServiceTests.cs:line 315
   at NUnit.Framework.Internal.TaskAwaitAdapter.GenericAdapter`1.GetResult()
   at NUnit.Framework.Internal.AsyncToSyncAdapter.Await[TResult](TestExecutionContext context, Func`1 invoke)
   at NUnit.Framework.Internal.AsyncToSyncAdapter.Await(TestExecutionContext context, Func`1 invoke)
   at NUnit.Framework.Internal.Commands.TestMethodCommand.RunTestMethod(TestExecutionContext context)
   at NUnit.Framework.Internal.Commands.TestMethodCommand.Execute(TestExecutionContext context)
   at NUnit.Framework.Internal.Commands.BeforeAndAfterTestCommand.&lt;&gt;c__DisplayClass1_0.&lt;Execute&gt;b__0()
   at NUnit.Framework.Internal.Commands.DelegatingTestCommand.RunTestMethodInThreadAbortSafeZone(TestExecutionContext context, Action action)
--GarminAuthenticationError
   at Garmin.Auth.GarminAuthenticationService.FindCsrfToken(String rawResponseBody, Code failureStepCode) in /workspace/src/Garmin/Auth/GarminAuthenticationService.cs:line 292
</StackTrace>
        </ErrorInfo>
      </Output>
    </UnitTestResult>
    <UnitTestResult executionId="75360367-1f21-49a4-a717-c95f3bfe6619" testId="d8e78bed-195a-a7d5-9244-e8397f3f093b" testName="TryDeserializeXml_Deserializes" computerName="cursor" duration="00:00:00.0202960" startTime="2025-07-04T17:19:16.3172106+00:00" endTime="2025-07-04T17:19:16.3375061+00:00" testType="13cdc9d9-ddb5-4fa4-a97d-d965ccfc6d4b" outcome="Passed" testListId="8c84fa94-04c1-424b-9868-57a2d4851a1d" relativeResultsDirectory="75360367-1f21-49a4-a717-c95f3bfe6619" />
    <UnitTestResult executionId="9ff73660-bd43-4053-b08d-1531d48c1402" testId="4c5deca3-bfe9-0cf7-1731-7958d4bb8efe" testName="InitCookieJarAsync_ShouldInitializeCookieJar" computerName="cursor" duration="00:00:00.0020740" startTime="2025-07-04T17:19:17.5587028+00:00" endTime="2025-07-04T17:19:17.5607756+00:00" testType="13cdc9d9-ddb5-4fa4-a97d-d965ccfc6d4b" outcome="Passed" testListId="8c84fa94-04c1-424b-9868-57a2d4851a1d" relativeResultsDirectory="9ff73660-bd43-4053-b08d-1531d48c1402" />
    <UnitTestResult executionId="751f8455-881c-4c7e-a9ec-eb86647c627e" testId="0d5ea9a5-e766-e27c-62d6-1ab97d135490" testName="GarminAuthTokenExistsAndIsValidAsync_WhenValidToken_ShouldReturnTrue" computerName="cursor" duration="00:00:00.0201340" startTime="2025-07-04T17:19:17.6403064+00:00" endTime="2025-07-04T17:19:17.6604403+00:00" testType="13cdc9d9-ddb5-4fa4-a97d-d965ccfc6d4b" outcome="Failed" testListId="8c84fa94-04c1-424b-9868-57a2d4851a1d" relativeResultsDirectory="751f8455-881c-4c7e-a9ec-eb86647c627e">
      <Output>
        <ErrorInfo>
          <Message>Expected result to be True, but found False.</Message>
          <StackTrace>   at FluentAssertions.Execution.LateBoundTestFramework.Throw(String message)
   at FluentAssertions.Execution.DefaultAssertionStrategy.HandleFailure(String message)
   at FluentAssertions.Execution.AssertionScope.AddPreFormattedFailure(String formattedFailureMessage)
   at FluentAssertions.Execution.AssertionChain.FailWith(Func`1 getFailureReason)
   at FluentAssertions.Execution.AssertionChain.FailWith(Func`1 getFailureReason)
   at FluentAssertions.Execution.AssertionChain.FailWith(String message, Object[] args)
   at FluentAssertions.Primitives.BooleanAssertions`1.BeTrue(String because, Object[] becauseArgs)
   at UnitTests.Garmin.GarminAuthenticationServiceTests.GarminAuthTokenExistsAndIsValidAsync_WhenValidToken_ShouldReturnTrue() in /workspace/src/UnitTests/Garmin/GarminAuthenticationServiceTests.cs:line 71
   at NUnit.Framework.Internal.TaskAwaitAdapter.GenericAdapter`1.GetResult()
   at NUnit.Framework.Internal.AsyncToSyncAdapter.Await[TResult](TestExecutionContext context, Func`1 invoke)
   at NUnit.Framework.Internal.AsyncToSyncAdapter.Await(TestExecutionContext context, Func`1 invoke)
   at NUnit.Framework.Internal.Commands.TestMethodCommand.RunTestMethod(TestExecutionContext context)
   at NUnit.Framework.Internal.Commands.TestMethodCommand.Execute(TestExecutionContext context)
   at NUnit.Framework.Internal.Commands.BeforeAndAfterTestCommand.&lt;&gt;c__DisplayClass1_0.&lt;Execute&gt;b__0()
   at NUnit.Framework.Internal.Commands.DelegatingTestCommand.RunTestMethodInThreadAbortSafeZone(TestExecutionContext context, Action action)

</StackTrace>
        </ErrorInfo>
      </Output>
    </UnitTestResult>
    <UnitTestResult executionId="bff8eb62-0be6-4be0-af49-4c29617c915a" testId="ec4a38ab-b6b1-9e77-4589-e9d18b49bb44" testName="ShouldConvert_ShouldOnly_Support_Fit(False,False,False)" computerName="cursor" duration="00:00:00.0000600" startTime="2025-07-04T17:19:17.4683976+00:00" endTime="2025-07-04T17:19:17.4684573+00:00" testType="13cdc9d9-ddb5-4fa4-a97d-d965ccfc6d4b" outcome="Passed" testListId="8c84fa94-04c1-424b-9868-57a2d4851a1d" relativeResultsDirectory="bff8eb62-0be6-4be0-af49-4c29617c915a" />
    <UnitTestResult executionId="edf5b571-6360-4317-9b39-fe65f221ec66" testId="c0b2bc39-7ebb-c64d-db6c-e437ca6d26eb" testName="SyncAsync_Should_ExcludeInProgress" computerName="cursor" duration="00:00:00.0138880" startTime="2025-07-04T17:19:17.7958559+00:00" endTime="2025-07-04T17:19:17.8097437+00:00" testType="13cdc9d9-ddb5-4fa4-a97d-d965ccfc6d4b" outcome="Passed" testListId="8c84fa94-04c1-424b-9868-57a2d4851a1d" relativeResultsDirectory="edf5b571-6360-4317-9b39-fe65f221ec66" />
    <UnitTestResult executionId="865b99e9-4f0c-485e-8855-782485f5c4cd" testId="61583b3e-2333-6fd6-de7d-c1cef5681ceb" testName="GetRecentWorkoutsAsync_StopsCallingPelotonWhenNoMoreWorkouts" computerName="cursor" duration="00:00:00.0012350" startTime="2025-07-04T17:19:17.7226587+00:00" endTime="2025-07-04T17:19:17.7238934+00:00" testType="13cdc9d9-ddb5-4fa4-a97d-d965ccfc6d4b" outcome="Passed" testListId="8c84fa94-04c1-424b-9868-57a2d4851a1d" relativeResultsDirectory="865b99e9-4f0c-485e-8855-782485f5c4cd" />
    <UnitTestResult executionId="9bdd9cbb-a5b4-4461-8171-feab2d5a25a7" testId="23695267-b094-249b-9a8b-1f82094383de" testName="Fit_Converter_Creates_Valid_Fit(&quot;rower_workout&quot;,Class_Segments)" computerName="cursor" duration="00:00:00.0144690" startTime="2025-07-04T17:19:17.3031790+00:00" endTime="2025-07-04T17:19:17.3176475+00:00" testType="13cdc9d9-ddb5-4fa4-a97d-d965ccfc6d4b" outcome="Passed" testListId="8c84fa94-04c1-424b-9868-57a2d4851a1d" relativeResultsDirectory="9bdd9cbb-a5b4-4461-8171-feab2d5a25a7" />
    <UnitTestResult executionId="d889075b-28a9-42fa-af2b-f4a94bb6c3f4" testId="ff20ad51-3fe7-1bec-294d-76f7ead9492d" testName="GetExercisesTrackedByMovementTracker_WhenNoWeight" computerName="cursor" duration="00:00:00.0034890" startTime="2025-07-04T17:19:17.7121473+00:00" endTime="2025-07-04T17:19:17.7156362+00:00" testType="13cdc9d9-ddb5-4fa4-a97d-d965ccfc6d4b" outcome="Passed" testListId="8c84fa94-04c1-424b-9868-57a2d4851a1d" relativeResultsDirectory="d889075b-28a9-42fa-af2b-f4a94bb6c3f4" />
    <UnitTestResult executionId="c5fdd60b-c97c-4086-a2d0-cbcd4432d5f1" testId="d8d0fb80-4630-f911-4fbb-f279e3c0cfe1" testName="GetTitle_Should_ReplaceInvalidChars(&quot;My:Title&quot;,&quot;Some:Instructor&quot;)" computerName="cursor" duration="00:00:00.0010090" startTime="2025-07-04T17:19:16.4799460+00:00" endTime="2025-07-04T17:19:16.4809547+00:00" testType="13cdc9d9-ddb5-4fa4-a97d-d965ccfc6d4b" outcome="NotExecuted" testListId="8c84fa94-04c1-424b-9868-57a2d4851a1d" relativeResultsDirectory="c5fdd60b-c97c-4086-a2d0-cbcd4432d5f1">
      <Output>
        <StdOut>OneTimeSetUp: Not supported on Unix,Linux,MacOSX</StdOut>
        <ErrorInfo>
          <Message>OneTimeSetUp: Not supported on Unix,Linux,MacOSX</Message>
        </ErrorInfo>
      </Output>
    </UnitTestResult>
    <UnitTestResult executionId="e6daf18b-b05e-4f60-b238-ccf7722c48c4" testId="868c7be5-cfbd-065b-6f91-c374862a7a8b" testName="Constructor_ShouldInitializeCorrectly" computerName="cursor" duration="00:00:00.0003560" startTime="2025-07-04T17:19:17.6361975+00:00" endTime="2025-07-04T17:19:17.6365535+00:00" testType="13cdc9d9-ddb5-4fa4-a97d-d965ccfc6d4b" outcome="Passed" testListId="8c84fa94-04c1-424b-9868-57a2d4851a1d" relativeResultsDirectory="e6daf18b-b05e-4f60-b238-ccf7722c48c4" />
    <UnitTestResult executionId="187278fa-058c-422c-bb31-4a021567e72f" testId="35f78f67-27d9-c541-c70a-00c7dcd82935" testName="GetTotalDistanceTest_Distance_Is_Converted_To_Meters(&quot;ft&quot;)" computerName="cursor" duration="00:00:00.0001200" startTime="2025-07-04T17:19:16.5196016+00:00" endTime="2025-07-04T17:19:16.5197211+00:00" testType="13cdc9d9-ddb5-4fa4-a97d-d965ccfc6d4b" outcome="Passed" testListId="8c84fa94-04c1-424b-9868-57a2d4851a1d" relativeResultsDirectory="187278fa-058c-422c-bb31-4a021567e72f" />
    <UnitTestResult executionId="6756f19d-a29e-4934-8004-131ab58052fe" testId="5a7fd466-b0ba-5fc7-6c23-ca33470220b2" testName="GarminPost_With_PasswordChange_Should_Validate_Characters(&quot;a\\ads\\adf&quot;)" computerName="cursor" duration="00:00:00.0000460" startTime="2025-07-04T17:19:16.2357960+00:00" endTime="2025-07-04T17:19:16.2358421+00:00" testType="13cdc9d9-ddb5-4fa4-a97d-d965ccfc6d4b" outcome="Passed" testListId="8c84fa94-04c1-424b-9868-57a2d4851a1d" relativeResultsDirectory="6756f19d-a29e-4934-8004-131ab58052fe" />
    <UnitTestResult executionId="b72088c0-86b4-4df1-bea9-79a7d47a4bf6" testId="bc5b7814-7239-6a17-05e6-e4323f646ac3" testName="UploadActivity_WhenFileAlreadyExists_ShouldHandleGracefully" computerName="cursor" duration="00:00:00.0151780" startTime="2025-07-04T17:19:17.5830110+00:00" endTime="2025-07-04T17:19:17.5981891+00:00" testType="13cdc9d9-ddb5-4fa4-a97d-d965ccfc6d4b" outcome="Passed" testListId="8c84fa94-04c1-424b-9868-57a2d4851a1d" relativeResultsDirectory="b72088c0-86b4-4df1-bea9-79a7d47a4bf6" />
    <UnitTestResult executionId="9636faab-e177-45b3-9803-9ac3b2dcf0e1" testId="3a24be44-f3fb-d4d2-2b26-3ddbb95a0632" testName="GetTitle_Should_Handle_SpecialChars(&quot;My Title&quot;,&quot;é&quot;)" computerName="cursor" duration="00:00:00.0022520" startTime="2025-07-04T17:19:16.4728610+00:00" endTime="2025-07-04T17:19:16.4751133+00:00" testType="13cdc9d9-ddb5-4fa4-a97d-d965ccfc6d4b" outcome="Passed" testListId="8c84fa94-04c1-424b-9868-57a2d4851a1d" relativeResultsDirectory="9636faab-e177-45b3-9803-9ac3b2dcf0e1" />
    <UnitTestResult executionId="14a0217d-4de9-4c15-ba81-c7799fbc11af" testId="8716127c-0e51-41f8-96b4-cad13ac9e6a4" testName="PagingResponseBase_Calculates_HasPrevious_Correctly(0)" computerName="cursor" duration="00:00:00.0001280" startTime="2025-07-04T17:19:16.2470926+00:00" endTime="2025-07-04T17:19:16.2472211+00:00" testType="13cdc9d9-ddb5-4fa4-a97d-d965ccfc6d4b" outcome="Passed" testListId="8c84fa94-04c1-424b-9868-57a2d4851a1d" relativeResultsDirectory="14a0217d-4de9-4c15-ba81-c7799fbc11af" />
    <UnitTestResult executionId="e5840ff8-2e4b-4da2-8e68-fc6f18d9c88d" testId="cf6a5e91-b6c6-bade-9fde-1592fb81767c" testName="ShouldConvert_ShouldOnly_Support_Fit(True,False,False)" computerName="cursor" duration="00:00:00.0000410" startTime="2025-07-04T17:19:17.4681154+00:00" endTime="2025-07-04T17:19:17.4681560+00:00" testType="13cdc9d9-ddb5-4fa4-a97d-d965ccfc6d4b" outcome="Passed" testListId="8c84fa94-04c1-424b-9868-57a2d4851a1d" relativeResultsDirectory="e5840ff8-2e4b-4da2-8e68-fc6f18d9c88d" />
    <UnitTestResult executionId="b597f7ee-8bae-4d8d-9773-8668fadc54b9" testId="74ea4b73-2f76-e3b1-713c-9658c7474e5f" testName="UploadToGarminAsync_WhenSettingsServiceThrows_ShouldPropagateException" computerName="cursor" duration="00:00:00.0004700" startTime="2025-07-04T17:19:17.6902963+00:00" endTime="2025-07-04T17:19:17.6907662+00:00" testType="13cdc9d9-ddb5-4fa4-a97d-d965ccfc6d4b" outcome="Passed" testListId="8c84fa94-04c1-424b-9868-57a2d4851a1d" relativeResultsDirectory="b597f7ee-8bae-4d8d-9773-8668fadc54b9" />
    <UnitTestResult executionId="892b9941-aca6-4b63-a2f4-ef63d6bb3c21" testId="a48d31d2-8b14-7fbe-3e20-68e8f8ee61d3" testName="GetCyclingFtp_Should_PickCorrectValue(null,null,null)" computerName="cursor" duration="00:00:00.0009810" startTime="2025-07-04T17:19:16.5093526+00:00" endTime="2025-07-04T17:19:16.5103335+00:00" testType="13cdc9d9-ddb5-4fa4-a97d-d965ccfc6d4b" outcome="Passed" testListId="8c84fa94-04c1-424b-9868-57a2d4851a1d" relativeResultsDirectory="892b9941-aca6-4b63-a2f4-ef63d6bb3c21" />
    <UnitTestResult executionId="f343d695-28f0-4fd2-8f14-c63610d4d111" testId="1a5feea8-36a4-66bc-8126-a667fcdb403e" testName="GetWorkoutType_Should_Map_Correctly(Caesar,True)" computerName="cursor" duration="00:00:00.0000020" startTime="2025-07-04T17:19:16.2652564+00:00" endTime="2025-07-04T17:19:16.2652586+00:00" testType="13cdc9d9-ddb5-4fa4-a97d-d965ccfc6d4b" outcome="Passed" testListId="8c84fa94-04c1-424b-9868-57a2d4851a1d" relativeResultsDirectory="f343d695-28f0-4fd2-8f14-c63610d4d111" />
    <UnitTestResult executionId="36f4dd4c-e997-42b9-8c2a-6d4f69950613" testId="94bd48db-54a3-d63b-4c2b-1c89db1efaf3" testName="ConvertDistanceToMetersTest(&quot;m&quot;)" computerName="cursor" duration="00:00:00.0000030" startTime="2025-07-04T17:19:16.5042175+00:00" endTime="2025-07-04T17:19:16.5042202+00:00" testType="13cdc9d9-ddb5-4fa4-a97d-d965ccfc6d4b" outcome="Passed" testListId="8c84fa94-04c1-424b-9868-57a2d4851a1d" relativeResultsDirectory="36f4dd4c-e997-42b9-8c2a-6d4f69950613" />
    <UnitTestResult executionId="7af23118-8e44-4ec7-a982-8a4b2a485311" testId="93c5c585-3908-44b4-b7b1-3a7e9e7c4d26" testName="GetAllAsync_When_Future_SinceDate_Returns400" computerName="cursor" duration="00:00:00.0125360" startTime="2025-07-04T17:19:16.1404340+00:00" endTime="2025-07-04T17:19:16.1529694+00:00" testType="13cdc9d9-ddb5-4fa4-a97d-d965ccfc6d4b" outcome="Passed" testListId="8c84fa94-04c1-424b-9868-57a2d4851a1d" relativeResultsDirectory="7af23118-8e44-4ec7-a982-8a4b2a485311" />
    <UnitTestResult executionId="37bc611f-5753-4122-a67a-c31cc4dc588f" testId="47afcd5b-fcc7-5518-3629-dc9b20fc97f8" testName="GetCalorieSummary_ShouldPickCorrectValue(Common.Dto.Peloton.WorkoutSamples,null)" computerName="cursor" duration="00:00:00.0003030" startTime="2025-07-04T17:19:16.5082211+00:00" endTime="2025-07-04T17:19:16.5085239+00:00" testType="13cdc9d9-ddb5-4fa4-a97d-d965ccfc6d4b" outcome="Passed" testListId="8c84fa94-04c1-424b-9868-57a2d4851a1d" relativeResultsDirectory="37bc611f-5753-4122-a67a-c31cc4dc588f" />
    <UnitTestResult executionId="7606e825-9fef-44b8-b5af-75bef4211c04" testId="cc790c13-d14d-9b1a-bf16-cdb2f3f7a571" testName="GetHeartRateZone_NullZones_ReturnsNull" computerName="cursor" duration="00:00:00.0002870" startTime="2025-07-04T17:19:16.5148040+00:00" endTime="2025-07-04T17:19:16.5150912+00:00" testType="13cdc9d9-ddb5-4fa4-a97d-d965ccfc6d4b" outcome="Passed" testListId="8c84fa94-04c1-424b-9868-57a2d4851a1d" relativeResultsDirectory="7606e825-9fef-44b8-b5af-75bef4211c04" />
    <UnitTestResult executionId="1bed876c-5899-47ba-a99b-19b673198b06" testId="6ebc6db2-aa69-5a98-6493-31ef150933b1" testName="PelotonPost_With_PasswordChange_Should_Validate_Characters(&quot;valid&quot;)" computerName="cursor" duration="00:00:00.0015870" startTime="2025-07-04T17:19:16.2358814+00:00" endTime="2025-07-04T17:19:16.2374679+00:00" testType="13cdc9d9-ddb5-4fa4-a97d-d965ccfc6d4b" outcome="Passed" testListId="8c84fa94-04c1-424b-9868-57a2d4851a1d" relativeResultsDirectory="1bed876c-5899-47ba-a99b-19b673198b06" />
    <UnitTestResult executionId="a0a5400c-4fef-4d53-a779-bfa7273da772" testId="c1342d3f-cfe5-2a38-0aa5-5bb1dded60d1" testName="GetAvgSpeedMetersPerSecond_MaxSpeed_Is_Converted_ForRower(&quot;min/500m&quot;)" computerName="cursor" duration="00:00:00.0005030" startTime="2025-07-04T17:19:16.5071254+00:00" endTime="2025-07-04T17:19:16.5076279+00:00" testType="13cdc9d9-ddb5-4fa4-a97d-d965ccfc6d4b" outcome="Passed" testListId="8c84fa94-04c1-424b-9868-57a2d4851a1d" relativeResultsDirectory="a0a5400c-4fef-4d53-a779-bfa7273da772" />
    <UnitTestResult executionId="55861e77-5477-4e9d-a01a-1649fd6e2404" testId="8ffd8b18-d6d0-548c-74c2-04f1656b2a67" testName="Fit_Converter_Creates_Valid_Fit(&quot;walking_outdoor_01&quot;,Class_Targets)" computerName="cursor" duration="00:00:00.0387640" startTime="2025-07-04T17:19:17.3873873+00:00" endTime="2025-07-04T17:19:17.4261501+00:00" testType="13cdc9d9-ddb5-4fa4-a97d-d965ccfc6d4b" outcome="Passed" testListId="8c84fa94-04c1-424b-9868-57a2d4851a1d" relativeResultsDirectory="55861e77-5477-4e9d-a01a-1649fd6e2404" />
    <UnitTestResult executionId="7cc4d525-56ed-46e7-9c87-f6c7abb44829" testId="7e6b377b-da80-8660-0cbe-f8207030359e" testName="GetAsync_WithInvalid_PageSize_Returns400(0)" computerName="cursor" duration="00:00:00.0003180" startTime="2025-07-04T17:19:16.1733301+00:00" endTime="2025-07-04T17:19:16.1736477+00:00" testType="13cdc9d9-ddb5-4fa4-a97d-d965ccfc6d4b" outcome="Passed" testListId="8c84fa94-04c1-424b-9868-57a2d4851a1d" relativeResultsDirectory="7cc4d525-56ed-46e7-9c87-f6c7abb44829" />
    <UnitTestResult executionId="2290c73c-4193-478c-b22d-04484a41190d" testId="d6dde4b8-a4fc-4b5b-9a35-fb6803cc084a" testName="GetCyclingFtp_Should_PickCorrectValue(Workout { Id = , Status = , Title = , Name = , Created_At = 0, Fitness_Discipline = None, Is_Outdoor = False, Ride = , End_Time = , Start_Time = 0, Total_Work = 0, Ftp_Info = Common.Dto.Peloton.FTPInfo, Movement_Tracker_Data =  },UserData { Cycling_Ftp_Source = , Cycling_Workout_Ftp = 0, Cycling_Ftp_Workout_Id = , Cycling_Ftp = 0, Estimated_Cycling_Ftp = 0, Default_Max_Heart_Rate = 0, Customized_Max_Heart_Rate = 0, Weight = 0 },100)" computerName="cursor" duration="00:00:00.0000570" startTime="2025-07-04T17:19:16.5109299+00:00" endTime="2025-07-04T17:19:16.5109865+00:00" testType="13cdc9d9-ddb5-4fa4-a97d-d965ccfc6d4b" outcome="Passed" testListId="8c84fa94-04c1-424b-9868-57a2d4851a1d" relativeResultsDirectory="2290c73c-4193-478c-b22d-04484a41190d" />
    <UnitTestResult executionId="2f5c7126-352a-4ef0-94ef-ce14dd630ce9" testId="1f11f397-ee55-128c-cbfe-d24a76ba64fc" testName="Fit_Converter_Builds_Valid_DeviceInfoMesg(5,0)" computerName="cursor" duration="00:00:00.0102740" startTime="2025-07-04T17:19:16.5343399+00:00" endTime="2025-07-04T17:19:16.5446139+00:00" testType="13cdc9d9-ddb5-4fa4-a97d-d965ccfc6d4b" outcome="Passed" testListId="8c84fa94-04c1-424b-9868-57a2d4851a1d" relativeResultsDirectory="2f5c7126-352a-4ef0-94ef-ce14dd630ce9" />
    <UnitTestResult executionId="07280ae7-76eb-41b0-8dbe-d6ca2f864d39" testId="8295ddec-770c-14e6-b606-dce5449eaea6" testName="GetStackedWorkouts_Should_Honor_TimeGap(100)" computerName="cursor" duration="00:00:00.0004020" startTime="2025-07-04T17:19:17.7896200+00:00" endTime="2025-07-04T17:19:17.7900219+00:00" testType="13cdc9d9-ddb5-4fa4-a97d-d965ccfc6d4b" outcome="Passed" testListId="8c84fa94-04c1-424b-9868-57a2d4851a1d" relativeResultsDirectory="07280ae7-76eb-41b0-8dbe-d6ca2f864d39" />
    <UnitTestResult executionId="3ee6b69f-49b6-4d7c-9909-4520dd67534d" testId="98523b04-0b64-512a-fc6b-20bcb74b8475" testName="SyncAsync_When_SyncUnsuccessful_OkResult_Returned" computerName="cursor" duration="00:00:00.0007540" startTime="2025-07-04T17:19:16.1982054+00:00" endTime="2025-07-04T17:19:16.1989591+00:00" testType="13cdc9d9-ddb5-4fa4-a97d-d965ccfc6d4b" outcome="Passed" testListId="8c84fa94-04c1-424b-9868-57a2d4851a1d" relativeResultsDirectory="3ee6b69f-49b6-4d7c-9909-4520dd67534d" />
    <UnitTestResult executionId="2b6ec12e-fa11-4523-a1aa-b7d2e76b0f99" testId="50a50460-ef18-ddcc-6082-e5f270fa26bf" testName="Fit_Converter_Creates_Valid_Fit(&quot;tread_run_workout&quot;,Distance)" computerName="cursor" duration="00:00:00.0347919" startTime="2025-07-04T17:19:16.9603661+00:00" endTime="2025-07-04T17:19:16.9951576+00:00" testType="13cdc9d9-ddb5-4fa4-a97d-d965ccfc6d4b" outcome="Passed" testListId="8c84fa94-04c1-424b-9868-57a2d4851a1d" relativeResultsDirectory="2b6ec12e-fa11-4523-a1aa-b7d2e76b0f99" />
    <UnitTestResult executionId="74b58994-04fe-43a2-b902-9d8f9bd8b3a5" testId="0afa58fd-6240-6049-1c3f-87d4db08ddd5" testName="DefaultConfigInit_Garmin_ShouldHaveDefaulValues" computerName="cursor" duration="00:00:00.0004880" startTime="2025-07-04T17:19:16.2488744+00:00" endTime="2025-07-04T17:19:16.2493627+00:00" testType="13cdc9d9-ddb5-4fa4-a97d-d965ccfc6d4b" outcome="Passed" testListId="8c84fa94-04c1-424b-9868-57a2d4851a1d" relativeResultsDirectory="74b58994-04fe-43a2-b902-9d8f9bd8b3a5" />
    <UnitTestResult executionId="685d070d-b854-4342-ac5b-7ea8a5ddfbb5" testId="42f03ffa-f437-f05c-45e6-84b2cd5c6369" testName="GetCalorieSummary_ShouldPickCorrectValue(null,null)" computerName="cursor" duration="00:00:00.0003770" startTime="2025-07-04T17:19:16.5078280+00:00" endTime="2025-07-04T17:19:16.5082052+00:00" testType="13cdc9d9-ddb5-4fa4-a97d-d965ccfc6d4b" outcome="Passed" testListId="8c84fa94-04c1-424b-9868-57a2d4851a1d" relativeResultsDirectory="685d070d-b854-4342-ac5b-7ea8a5ddfbb5" />
    <UnitTestResult executionId="d5221178-7ebd-4d70-9b33-35a8651bb82b" testId="3284b07a-7571-dcf3-ead1-d8814491e90e" testName="Fit_Converter_Creates_Valid_Fit(&quot;rower_workout&quot;,Class_Targets)" computerName="cursor" duration="00:00:00.0124490" startTime="2025-07-04T17:19:17.4539183+00:00" endTime="2025-07-04T17:19:17.4663661+00:00" testType="13cdc9d9-ddb5-4fa4-a97d-d965ccfc6d4b" outcome="Passed" testListId="8c84fa94-04c1-424b-9868-57a2d4851a1d" relativeResultsDirectory="d5221178-7ebd-4d70-9b33-35a8651bb82b" />
    <UnitTestResult executionId="636f8222-698b-478c-a2ca-660e9f0cb83e" testId="eab8ebf0-54b4-13a2-2fb5-0a38dd3299e0" testName="CombineLocationData_When_Coordinates_Is_NullOrEmpty_SkipsEmpty" computerName="cursor" duration="00:00:00.0006179" startTime="2025-07-04T17:19:17.7811955+00:00" endTime="2025-07-04T17:19:17.7818127+00:00" testType="13cdc9d9-ddb5-4fa4-a97d-d965ccfc6d4b" outcome="Passed" testListId="8c84fa94-04c1-424b-9868-57a2d4851a1d" relativeResultsDirectory="636f8222-698b-478c-a2ca-660e9f0cb83e" />
    <UnitTestResult executionId="ac7c2716-fb95-4ea7-bd1e-2eabba992276" testId="bcb59029-4013-44e5-44e0-773cef3135ff" testName="ShouldConvert_ShouldOnly_Support_Fit(False,True,True)" computerName="cursor" duration="00:00:00.0000390" startTime="2025-07-04T17:19:17.4681611+00:00" endTime="2025-07-04T17:19:17.4681999+00:00" testType="13cdc9d9-ddb5-4fa4-a97d-d965ccfc6d4b" outcome="Passed" testListId="8c84fa94-04c1-424b-9868-57a2d4851a1d" relativeResultsDirectory="ac7c2716-fb95-4ea7-bd1e-2eabba992276" />
    <UnitTestResult executionId="96fed998-95a3-429b-857a-1e3d014cb8d7" testId="64fe6d76-4be3-fbf9-7fa1-b2e98e27e97a" testName="GetTotalDistanceTest_Distance_Is_Converted_To_Meters(&quot;m&quot;)" computerName="cursor" duration="00:00:00.0000030" startTime="2025-07-04T17:19:16.5197359+00:00" endTime="2025-07-04T17:19:16.5197388+00:00" testType="13cdc9d9-ddb5-4fa4-a97d-d965ccfc6d4b" outcome="Passed" testListId="8c84fa94-04c1-424b-9868-57a2d4851a1d" relativeResultsDirectory="96fed998-95a3-429b-857a-1e3d014cb8d7" />
    <UnitTestResult executionId="b125be49-01ce-4e14-bbdd-cabe093f47dd" testId="2b942204-73d5-5e1a-b900-79a487486712" testName="GetAsync_Calls_Service" computerName="cursor" duration="00:00:00.0101260" startTime="2025-07-04T17:19:16.2062495+00:00" endTime="2025-07-04T17:19:16.2163747+00:00" testType="13cdc9d9-ddb5-4fa4-a97d-d965ccfc6d4b" outcome="Passed" testListId="8c84fa94-04c1-424b-9868-57a2d4851a1d" relativeResultsDirectory="b125be49-01ce-4e14-bbdd-cabe093f47dd" />
    <UnitTestResult executionId="b3578918-3135-4f96-8611-025f9f98dc71" testId="f71c24be-a83b-8f80-8fa8-303d407e89a5" testName="SyncAsync_With_NullRequest_Returns400" computerName="cursor" duration="00:00:00.0005860" startTime="2025-07-04T17:19:16.2024753+00:00" endTime="2025-07-04T17:19:16.2030610+00:00" testType="13cdc9d9-ddb5-4fa4-a97d-d965ccfc6d4b" outcome="Passed" testListId="8c84fa94-04c1-424b-9868-57a2d4851a1d" relativeResultsDirectory="b3578918-3135-4f96-8611-025f9f98dc71" />
    <UnitTestResult executionId="f1c294c8-6fc0-4a8f-9a54-15106f09e013" testId="351c592c-fc72-5a82-9817-d79a90df7614" testName="GetStackedWorkouts_When_OneWorkout_Returns_One" computerName="cursor" duration="00:00:00.0005750" startTime="2025-07-04T17:19:17.7931727+00:00" endTime="2025-07-04T17:19:17.7937471+00:00" testType="13cdc9d9-ddb5-4fa4-a97d-d965ccfc6d4b" outcome="Passed" testListId="8c84fa94-04c1-424b-9868-57a2d4851a1d" relativeResultsDirectory="f1c294c8-6fc0-4a8f-9a54-15106f09e013" />
    <UnitTestResult executionId="e234b54a-8acc-48fd-a03d-d71657499edf" testId="92fda280-c4fb-442b-e883-7176a9e8efce" testName="GetAsync_WithInvalid_PageIndex_Returns400(-1)" computerName="cursor" duration="00:00:00.0005380" startTime="2025-07-04T17:19:16.1720472+00:00" endTime="2025-07-04T17:19:16.1725854+00:00" testType="13cdc9d9-ddb5-4fa4-a97d-d965ccfc6d4b" outcome="Passed" testListId="8c84fa94-04c1-424b-9868-57a2d4851a1d" relativeResultsDirectory="e234b54a-8acc-48fd-a03d-d71657499edf" />
[...]
    <TestEntry testId="ca2818e9-29c0-46dd-edf8-21d9bbaed850" executionId="1929537e-904b-45a7-b4d8-afc11cc31022" testListId="8c84fa94-04c1-424b-9868-57a2d4851a1d" />
    <TestEntry testId="daed5026-5f53-0768-97fa-2d38c9533a79" executionId="ec3a8571-4220-4377-9249-de2b1cab5710" testListId="8c84fa94-04c1-424b-9868-57a2d4851a1d" />
    <TestEntry testId="834688af-d948-b267-9d52-df9b13a0c676" executionId="68b04f86-1aec-40bb-bd69-46dec06cefe7" testListId="8c84fa94-04c1-424b-9868-57a2d4851a1d" />
    <TestEntry testId="765355bb-85aa-5089-57c0-fceb33f00719" executionId="a9e81d8c-ce7f-4d17-a995-7ea482931dc1" testListId="8c84fa94-04c1-424b-9868-57a2d4851a1d" />
    <TestEntry testId="adcba74b-8049-9f15-8f59-2b6a8504d81e" executionId="001ed4d0-c461-49db-b7e4-d347d3fb5639" testListId="8c84fa94-04c1-424b-9868-57a2d4851a1d" />
    <TestEntry testId="db858c54-5ca6-5112-334f-1a2074085872" executionId="27158ad6-163c-4f93-b9fd-2385e876836c" testListId="8c84fa94-04c1-424b-9868-57a2d4851a1d" />
    <TestEntry testId="498cc7c3-1cb9-89e2-4405-01ada2bd05f7" executionId="fc6a242a-20b9-4452-9bb1-3cff8ca16094" testListId="8c84fa94-04c1-424b-9868-57a2d4851a1d" />
    <TestEntry testId="8070e7f7-7d02-726a-bebc-3ef7eedf5c14" executionId="00e9d9dd-20f6-4acb-9c55-d67c7794fd04" testListId="8c84fa94-04c1-424b-9868-57a2d4851a1d" />
    <TestEntry testId="4b7cc2b4-5fdb-804f-ca2f-d480cf61bf67" executionId="54f63598-a529-4509-b7a5-e4e08cc7c9d2" testListId="8c84fa94-04c1-424b-9868-57a2d4851a1d" />
    <TestEntry testId="53c94778-6304-3468-47d9-789a07277d4e" executionId="5f45c72c-50d1-45e6-8487-fa9842ca1572" testListId="8c84fa94-04c1-424b-9868-57a2d4851a1d" />
    <TestEntry testId="ab436d55-955b-4b55-54f7-5f3f2290fbcb" executionId="3c7e1b0a-f4fb-463a-ba86-cc544234bc78" testListId="8c84fa94-04c1-424b-9868-57a2d4851a1d" />
    <TestEntry testId="d6496406-25e6-4f95-dcc9-c044ad2f4af4" executionId="f4251e94-80f3-4f9c-b901-3b0407204113" testListId="8c84fa94-04c1-424b-9868-57a2d4851a1d" />
    <TestEntry testId="5ff971c1-c71d-1ccf-c287-9ba289350e84" executionId="c1ea9b6e-f0e7-47b3-bf9f-94f7d46f1027" testListId="8c84fa94-04c1-424b-9868-57a2d4851a1d" />
    <TestEntry testId="4a5d5949-0c88-56fe-5e7c-a9326000123b" executionId="882346aa-5460-44f9-97ca-8709be258fd9" testListId="8c84fa94-04c1-424b-9868-57a2d4851a1d" />
    <TestEntry testId="76e0271b-85c4-90ea-aed2-72a6495ef213" executionId="90d75b40-4940-4143-8e99-3d420f42d1c8" testListId="8c84fa94-04c1-424b-9868-57a2d4851a1d" />
    <TestEntry testId="249fb9cf-a2bf-c28f-b9d5-4ef4a23d459c" executionId="4e7354fd-f14c-4792-ba2b-6327867b71a9" testListId="8c84fa94-04c1-424b-9868-57a2d4851a1d" />
    <TestEntry testId="7c056526-87e1-0b1b-ae91-940a253edafa" executionId="bb464156-ba25-4169-a1a8-2be07158582f" testListId="8c84fa94-04c1-424b-9868-57a2d4851a1d" />
    <TestEntry testId="bb1a317a-f603-fd34-847e-2a6fecc00af2" executionId="bfe24b3f-0c24-474e-b5ba-12c0fe964a66" testListId="8c84fa94-04c1-424b-9868-57a2d4851a1d" />
    <TestEntry testId="2a9f7fbb-1357-fa53-4ff4-d260cac31c15" executionId="0acb2721-1721-491e-ad84-54fe2835caf9" testListId="8c84fa94-04c1-424b-9868-57a2d4851a1d" />
    <TestEntry testId="0c199377-2588-d3ea-29a5-336cfe047b76" executionId="b78d9102-9711-4d41-90d2-ecd480db38b0" testListId="8c84fa94-04c1-424b-9868-57a2d4851a1d" />
    <TestEntry testId="bf5d0f26-4b57-cc96-473d-c81ac6338dbd" executionId="4d7f9d65-d02f-417a-9511-ebf6a3a3bb07" testListId="8c84fa94-04c1-424b-9868-57a2d4851a1d" />
    <TestEntry testId="f227a819-2a67-8cc4-9f97-0d0e685c0f0f" executionId="38d5b182-152b-4fe8-91b5-97568c63c01f" testListId="8c84fa94-04c1-424b-9868-57a2d4851a1d" />
    <TestEntry testId="a4c1e622-b9e9-1738-8d8d-b3c7003ffb3a" executionId="d7855721-989b-4976-b4a7-29e2121ff50c" testListId="8c84fa94-04c1-424b-9868-57a2d4851a1d" />
    <TestEntry testId="18bde04b-4c73-eda8-82d0-6d3ca2a04781" executionId="0722cd29-a6b7-48d1-baa3-027562f2f740" testListId="8c84fa94-04c1-424b-9868-57a2d4851a1d" />
    <TestEntry testId="41ba31c5-e015-3b58-b0d1-e862f9a31ff4" executionId="158b8674-72c3-4785-a50a-17fd1631e33e" testListId="8c84fa94-04c1-424b-9868-57a2d4851a1d" />
    <TestEntry testId="d2f7c43b-7a15-5c56-1100-64ce930e11ad" executionId="fbe96041-bd6b-4a1f-840d-54d686a8e255" testListId="8c84fa94-04c1-424b-9868-57a2d4851a1d" />
    <TestEntry testId="73d075be-fab1-ee80-0dd0-df090006c2e6" executionId="548c265c-836e-4a1c-b546-033700b57445" testListId="8c84fa94-04c1-424b-9868-57a2d4851a1d" />
    <TestEntry testId="3c82cb38-7fe0-9ca0-9a54-46ea4405b331" executionId="1c74a5c7-e99e-47f2-8a48-90d8afa983c5" testListId="8c84fa94-04c1-424b-9868-57a2d4851a1d" />
    <TestEntry testId="ceb0dffb-096a-12f4-eb83-b0c92e63c404" executionId="eb7e0778-37bf-4a27-adfc-c224d847adf7" testListId="8c84fa94-04c1-424b-9868-57a2d4851a1d" />
    <TestEntry testId="5a65731b-e389-699c-d05f-1f40d4727ede" executionId="48951ea5-2036-4db5-8595-614b8f381a23" testListId="8c84fa94-04c1-424b-9868-57a2d4851a1d" />
    <TestEntry testId="e5148d61-6a1f-4ceb-0ad8-fb67024b7aa1" executionId="ebcccddc-c8f1-4430-8c8a-7e5fc1ee0b60" testListId="8c84fa94-04c1-424b-9868-57a2d4851a1d" />
    <TestEntry testId="d1d4a324-9577-ffbe-55b8-4af24ac0c077" executionId="0f351c93-47d6-4556-aeb6-cce46b2ba6e2" testListId="8c84fa94-04c1-424b-9868-57a2d4851a1d" />
    <TestEntry testId="3007729f-a613-5805-213d-0cebf02b0e3e" executionId="6606fc89-2101-4dbe-b982-23151cc0eac8" testListId="8c84fa94-04c1-424b-9868-57a2d4851a1d" />
    <TestEntry testId="164043c1-8b89-4b90-060a-951aa3808268" executionId="27f8cd32-6714-4de1-8b5d-ffa4c2f8161f" testListId="8c84fa94-04c1-424b-9868-57a2d4851a1d" />
    <TestEntry testId="d26bb60f-4042-678a-8d98-9cd1fa6f6343" executionId="b373fac8-06f3-42f5-9154-f0af0849ea24" testListId="8c84fa94-04c1-424b-9868-57a2d4851a1d" />
    <TestEntry testId="3bef546d-2c73-feb3-5bfb-b8193692e2ab" executionId="1a17e5b0-22b4-4b38-b9cf-a0550e0b7042" testListId="8c84fa94-04c1-424b-9868-57a2d4851a1d" />
    <TestEntry testId="ca807f2f-686e-8ee2-2c5d-8bb89b2618ca" executionId="846de208-bda7-4582-beab-19448848e0eb" testListId="8c84fa94-04c1-424b-9868-57a2d4851a1d" />
    <TestEntry testId="b6e623d2-bfed-d470-04c8-e1e9dee410eb" executionId="9147e76b-25cb-48d8-b6d5-f196d8e5f387" testListId="8c84fa94-04c1-424b-9868-57a2d4851a1d" />
    <TestEntry testId="b5d17ff9-7f52-3054-c3e2-54c143047f1e" executionId="fc727f2d-55ee-4b4c-9268-f9cca178c4e0" testListId="8c84fa94-04c1-424b-9868-57a2d4851a1d" />
    <TestEntry testId="37e94512-8bbc-a900-5e2e-69ba1c2e30ce" executionId="f1a2c085-8acd-45f8-affd-061f9156ffff" testListId="8c84fa94-04c1-424b-9868-57a2d4851a1d" />
    <TestEntry testId="e98034a5-c706-60a8-e0ab-cefc246c9ed1" executionId="142959db-f519-41a5-914a-b45af392513d" testListId="8c84fa94-04c1-424b-9868-57a2d4851a1d" />
    <TestEntry testId="95748184-2e23-34f4-f30a-ed8f0a761409" executionId="4a49a72e-df77-475a-beaa-72744093debd" testListId="8c84fa94-04c1-424b-9868-57a2d4851a1d" />
    <TestEntry testId="1c161d40-6f81-55f6-2fc5-a2aaa91db134" executionId="3d6cdf71-7bf8-45bd-82b8-437f1cdb37bf" testListId="8c84fa94-04c1-424b-9868-57a2d4851a1d" />
    <TestEntry testId="3c993e2f-53f1-5efe-dae0-a0fe5a9dd2ce" executionId="fe192504-78d4-49cb-ae82-1ee34b8c7cda" testListId="8c84fa94-04c1-424b-9868-57a2d4851a1d" />
    <TestEntry testId="75253478-58a0-bb8b-60af-f2e03b85edc6" executionId="8affa387-2768-4419-ac21-587ce02e19b8" testListId="8c84fa94-04c1-424b-9868-57a2d4851a1d" />
    <TestEntry testId="6888598b-cb60-477f-2c20-bf0224fd9c36" executionId="fe4fdd2e-eca4-4aef-b212-546882658cf8" testListId="8c84fa94-04c1-424b-9868-57a2d4851a1d" />
    <TestEntry testId="53f6b12f-61bb-1cab-a25e-97d13b4340ec" executionId="974cc3ed-123b-490f-a02b-0b6e4235357d" testListId="8c84fa94-04c1-424b-9868-57a2d4851a1d" />
    <TestEntry testId="47acaf49-109d-c29f-0b5f-3e98c6129300" executionId="0e97c7ea-4c2c-48f6-99b4-eed30f903eaa" testListId="8c84fa94-04c1-424b-9868-57a2d4851a1d" />
    <TestEntry testId="d4c769a8-aaf0-fc74-a370-7fe129616c88" executionId="6975a504-70b3-4c70-b433-83a7aec98c63" testListId="8c84fa94-04c1-424b-9868-57a2d4851a1d" />
    <TestEntry testId="6bd02653-e5f0-d4ef-1cd6-21d55dd9399e" executionId="be6605ac-d8e3-4b10-8e48-ac56f570f795" testListId="8c84fa94-04c1-424b-9868-57a2d4851a1d" />
    <TestEntry testId="9e4a166f-9dd6-6fc3-0366-061d8403a00e" executionId="5c2901da-bd3a-4f3b-830b-373708992c28" testListId="8c84fa94-04c1-424b-9868-57a2d4851a1d" />
    <TestEntry testId="cedf5e26-eb4c-4ff4-1c76-8686f05baa27" executionId="b0989217-2c09-41db-aaeb-0ad54480652d" testListId="8c84fa94-04c1-424b-9868-57a2d4851a1d" />
    <TestEntry testId="bd753835-4ced-3abd-66ef-28cdb1c1718b" executionId="786070f3-f736-4d68-81c6-9ce9c4d207e5" testListId="8c84fa94-04c1-424b-9868-57a2d4851a1d" />
    <TestEntry testId="024762ec-6de4-9e73-3e08-4415f864ad90" executionId="cb7e9ffd-d82d-4c71-bde0-3224a013a4d2" testListId="8c84fa94-04c1-424b-9868-57a2d4851a1d" />
    <TestEntry testId="4544cee2-8917-8868-ee21-101be734537c" executionId="4845f893-c116-4f44-a3e6-1aa0ff8b4b2c" testListId="8c84fa94-04c1-424b-9868-57a2d4851a1d" />
    <TestEntry testId="fa1aff09-89e9-c9c9-8e43-3435185dc5da" executionId="c1a903a1-fc35-47e0-a81b-dd67136b925b" testListId="8c84fa94-04c1-424b-9868-57a2d4851a1d" />
    <TestEntry testId="0cb0438a-3990-4a3d-96bc-962401db1b65" executionId="84775d6d-8c57-4b2a-aa7f-a406ad8883aa" testListId="8c84fa94-04c1-424b-9868-57a2d4851a1d" />
    <TestEntry testId="720849a8-818b-65b4-5ac1-bd570d4477a9" executionId="ae57ad90-5339-486d-927e-b6c9005c6e88" testListId="8c84fa94-04c1-424b-9868-57a2d4851a1d" />
    <TestEntry testId="16d66a0a-e4b5-459c-2bd6-a4f61ac608f2" executionId="01d07010-e4dc-4178-8f0b-049d72540b45" testListId="8c84fa94-04c1-424b-9868-57a2d4851a1d" />
    <TestEntry testId="52dc1c81-0736-57d7-96a9-ac2ac0cb058d" executionId="769ed3f8-b48f-4f4d-8e13-f20e2dcd8df6" testListId="8c84fa94-04c1-424b-9868-57a2d4851a1d" />
    <TestEntry testId="0d66b15b-c53e-6054-f5ef-9f189a66faee" executionId="f96148a2-d76f-49bc-af81-18aa2e3e7e6c" testListId="8c84fa94-04c1-424b-9868-57a2d4851a1d" />
    <TestEntry testId="590353f7-0343-b410-3784-f9ebd31c91c3" executionId="1ee20826-8ab0-45f8-aeb0-0824ca7d6807" testListId="8c84fa94-04c1-424b-9868-57a2d4851a1d" />
    <TestEntry testId="444cca3b-2483-9d7e-d765-ff03f8236c9a" executionId="7270ca8b-878c-4759-841f-f610e2a77c38" testListId="8c84fa94-04c1-424b-9868-57a2d4851a1d" />
    <TestEntry testId="62bf0dc9-a343-a0de-bd40-7ad06d05a1d9" executionId="4dee0e3e-d95c-4f7e-9cbe-2b0f58fc5f5a" testListId="8c84fa94-04c1-424b-9868-57a2d4851a1d" />
    <TestEntry testId="2c775ea8-6ee4-4ec5-2449-c81a0c078091" executionId="d8987439-e666-4b4e-bca6-136d916fdb37" testListId="8c84fa94-04c1-424b-9868-57a2d4851a1d" />
    <TestEntry testId="aeff62e9-8176-e437-7449-a9a85dfb783d" executionId="677284ce-0e80-46a3-a2e6-287166936ce4" testListId="8c84fa94-04c1-424b-9868-57a2d4851a1d" />
    <TestEntry testId="e6206494-1fd5-7cce-b12d-03dc2164d6bc" executionId="a534e370-e299-401d-855d-a25f48538f1c" testListId="8c84fa94-04c1-424b-9868-57a2d4851a1d" />
    <TestEntry testId="a64dc5d1-fa73-43f2-6ecb-a8207ac84e2d" executionId="9bcc8673-5b76-4005-b92c-a0b598ad035d" testListId="8c84fa94-04c1-424b-9868-57a2d4851a1d" />
    <TestEntry testId="dd67079e-4f7c-100f-b844-f26b3873901b" executionId="9985f18c-aba9-491d-92d7-be82e12757df" testListId="8c84fa94-04c1-424b-9868-57a2d4851a1d" />
    <TestEntry testId="ae4de01a-1d12-e7d6-986b-cf06269c1d43" executionId="98ff9a6f-53d1-44e4-8c6c-c5e69bb69fa4" testListId="8c84fa94-04c1-424b-9868-57a2d4851a1d" />
    <TestEntry testId="e501a9f8-54f7-a0b0-cbb5-51ae0bc08f12" executionId="744d8ac3-b489-4972-92b8-d6811adb8271" testListId="8c84fa94-04c1-424b-9868-57a2d4851a1d" />
    <TestEntry testId="8e3b671a-f12b-175f-1c6c-01e75fec10bf" executionId="c3258876-ce8b-4d5f-a963-891de36b1ca3" testListId="8c84fa94-04c1-424b-9868-57a2d4851a1d" />
    <TestEntry testId="f0978bc4-a6a0-b1ad-6bf2-490678e05fef" executionId="a3e5d387-a6fb-44a3-af2d-40775ae61c8a" testListId="8c84fa94-04c1-424b-9868-57a2d4851a1d" />
    <TestEntry testId="caaa3f69-f586-8e5d-689c-9d77330d313a" executionId="fa2db9b8-0e71-49db-a52a-161733c669b3" testListId="8c84fa94-04c1-424b-9868-57a2d4851a1d" />
    <TestEntry testId="06849b64-2154-b087-5109-18de9574906c" executionId="9a42fc22-593b-4441-a238-f278c65e3764" testListId="8c84fa94-04c1-424b-9868-57a2d4851a1d" />
    <TestEntry testId="f74f384c-4e55-794f-cd70-dd0147c8016d" executionId="644903b5-a34e-47a2-839b-e2977c82e933" testListId="8c84fa94-04c1-424b-9868-57a2d4851a1d" />
    <TestEntry testId="fec7dedc-c946-c21e-b247-b1399ec429d4" executionId="832d5f46-31b1-418a-bbae-321083c4d934" testListId="8c84fa94-04c1-424b-9868-57a2d4851a1d" />
    <TestEntry testId="35465844-54ba-2a46-45af-ba78c3783273" executionId="f5fcfdf6-efbe-440e-8f47-89471576a537" testListId="8c84fa94-04c1-424b-9868-57a2d4851a1d" />
    <TestEntry testId="3d8547d6-8c33-ee82-ce77-fd4ee3e3fb05" executionId="c16b25c4-2786-4c75-ac33-ad9736249aa2" testListId="8c84fa94-04c1-424b-9868-57a2d4851a1d" />
    <TestEntry testId="e2aa94f8-1c8d-1145-aae2-0911626908bc" executionId="1929b4c3-0ce3-4373-909d-95ca0ae9d4a1" testListId="8c84fa94-04c1-424b-9868-57a2d4851a1d" />
    <TestEntry testId="dfc0d184-cfcd-09fc-2e9c-a58966e86734" executionId="d322af85-db56-4a3b-acac-c94d2388c3e5" testListId="8c84fa94-04c1-424b-9868-57a2d4851a1d" />
    <TestEntry testId="325e81e6-f19d-b36c-9db6-e10f9c478eae" executionId="e6dea11d-bb0a-4868-9b99-6cb0b5248a9d" testListId="8c84fa94-04c1-424b-9868-57a2d4851a1d" />
    <TestEntry testId="158d33c8-f8b3-d476-4077-60af83bd7d25" executionId="eb915c82-dd05-4321-9332-9444213a5a3d" testListId="8c84fa94-04c1-424b-9868-57a2d4851a1d" />
    <TestEntry testId="93235d72-eee4-13ad-92f8-ea702adf43f7" executionId="783e4952-a8c3-4bb8-a32b-c68a93c87a56" testListId="8c84fa94-04c1-424b-9868-57a2d4851a1d" />
    <TestEntry testId="cc0e110a-7d43-3755-7ceb-38b0aafb5f26" executionId="7f928c86-1832-45ae-808c-2e30661e7452" testListId="8c84fa94-04c1-424b-9868-57a2d4851a1d" />
    <TestEntry testId="cd12b41f-af21-0e72-d29b-99ed70de03ed" executionId="f3be649d-fff4-431d-ada2-542b79b98675" testListId="8c84fa94-04c1-424b-9868-57a2d4851a1d" />
    <TestEntry testId="b8ee6749-5aa5-cfda-9c6a-3b65aefd2913" executionId="6994acc2-80a1-4037-9fd3-07a0486eaf50" testListId="8c84fa94-04c1-424b-9868-57a2d4851a1d" />
    <TestEntry testId="0f29f4e4-be56-e99f-0bcd-8a56163a2b98" executionId="0d6ef75d-2a2a-4e79-97da-107c1acab18c" testListId="8c84fa94-04c1-424b-9868-57a2d4851a1d" />
    <TestEntry testId="de7c1bd0-e537-ab61-88d4-75704e53fc67" executionId="e0a0ed65-6df1-4666-8e73-dba49da36c6c" testListId="8c84fa94-04c1-424b-9868-57a2d4851a1d" />
    <TestEntry testId="0d49088f-ad55-4dcc-dc87-46d098412d72" executionId="20cfa810-f9b8-43d3-940a-7198ac80a5b7" testListId="8c84fa94-04c1-424b-9868-57a2d4851a1d" />
    <TestEntry testId="9b063be3-df40-a136-722a-1aebabe11579" executionId="c91fceba-715e-4436-b993-907213970433" testListId="8c84fa94-04c1-424b-9868-57a2d4851a1d" />
    <TestEntry testId="0a54ab5c-f771-0014-a799-08b773737ab1" executionId="16e90b0d-f094-48b3-92c3-a5c84a1993d7" testListId="8c84fa94-04c1-424b-9868-57a2d4851a1d" />
    <TestEntry testId="e628d5a0-58b3-df88-8b9f-ebc0640b6406" executionId="bfd40177-3a0a-4566-bb14-6287dbbaff87" testListId="8c84fa94-04c1-424b-9868-57a2d4851a1d" />
    <TestEntry testId="fbcd2a36-e717-107e-8eb0-27790465b365" executionId="3674c44f-6913-42f6-ae8d-82c07f8a38b1" testListId="8c84fa94-04c1-424b-9868-57a2d4851a1d" />
    <TestEntry testId="41a07f2f-0104-f308-07d3-837b632e4333" executionId="10330feb-3842-4b81-9eac-0b1b17717537" testListId="8c84fa94-04c1-424b-9868-57a2d4851a1d" />
    <TestEntry testId="d1c64d1a-1824-50d1-0539-5ceed713d1a6" executionId="529c47f9-1d67-4a4d-b868-e373852d2ede" testListId="8c84fa94-04c1-424b-9868-57a2d4851a1d" />
    <TestEntry testId="dc78183a-3301-6d2f-bfc2-96017ddfdaab" executionId="2d3e4e21-3e34-4a1f-bb6b-e7c70732bcd0" testListId="8c84fa94-04c1-424b-9868-57a2d4851a1d" />
    <TestEntry testId="4cc5da5f-c89a-cc41-1f0d-920ccf5f3e8d" executionId="4b49b1b3-f667-4a22-92d1-ce79c47f612f" testListId="8c84fa94-04c1-424b-9868-57a2d4851a1d" />
    <TestEntry testId="0fab622d-92a1-c592-acf0-a508c8f3d4d8" executionId="36851444-1566-4976-999c-83e82087f787" testListId="8c84fa94-04c1-424b-9868-57a2d4851a1d" />
    <TestEntry testId="a1eae981-15fc-9585-9ce2-ccd29fa697b1" executionId="ed99b47a-805d-4b57-ad29-3441d24b1023" testListId="8c84fa94-04c1-424b-9868-57a2d4851a1d" />
    <TestEntry testId="a9511aab-7b33-fc7f-f075-d2b592ca1492" executionId="0882943d-b514-49fc-b930-2001beed7728" testListId="8c84fa94-04c1-424b-9868-57a2d4851a1d" />
    <TestEntry testId="9fd31870-93ad-2d9b-0aaa-ad125f5392cb" executionId="955a3716-a84a-4ff8-93f4-f001ae016ff2" testListId="8c84fa94-04c1-424b-9868-57a2d4851a1d" />
    <TestEntry testId="69dea2dc-fad0-8685-5cf5-d563d03316ed" executionId="afb4bd11-5f63-40b1-be9e-8afc07509332" testListId="8c84fa94-04c1-424b-9868-57a2d4851a1d" />
    <TestEntry testId="f2bcf158-9919-42e4-ef05-c6cf5779c5ea" executionId="cbf1b773-edee-4b1b-b6f7-d0a3e1cb29a8" testListId="8c84fa94-04c1-424b-9868-57a2d4851a1d" />
    <TestEntry testId="223ce6d6-386c-bd46-6969-3d7c017e6938" executionId="7d46f9fc-e963-4ca2-9ebd-5e3d511efe9f" testListId="8c84fa94-04c1-424b-9868-57a2d4851a1d" />
    <TestEntry testId="90572729-ba69-9ea4-f91f-f49ccc8bd507" executionId="11f458d8-9805-4bfa-b647-100ac19737a5" testListId="8c84fa94-04c1-424b-9868-57a2d4851a1d" />
    <TestEntry testId="faa5ccad-3cf9-51a2-6991-e547e18a1011" executionId="ddfaf34f-ca59-4192-a3e0-d9fc7ed31106" testListId="8c84fa94-04c1-424b-9868-57a2d4851a1d" />
    <TestEntry testId="77575707-3d28-ac61-4c32-8163231ff49a" executionId="cc385788-6578-42ff-8a31-81e40a325866" testListId="8c84fa94-04c1-424b-9868-57a2d4851a1d" />
  </TestEntries>
  <TestLists>
    <TestList name="Results Not in a List" id="8c84fa94-04c1-424b-9868-57a2d4851a1d" />
    <TestList name="All Loaded Results" id="19431567-8539-422a-85d7-44ee4e166bda" />
  </TestLists>
  <ResultSummary outcome="Failed">
    <Counters total="372" executed="368" passed="361" failed="7" error="0" timeout="0" aborted="0" inconclusive="0" passedButRunAborted="0" notRunnable="0" notExecuted="0" disconnected="0" warning="0" completed="0" inProgress="0" pending="0" />
    <Output>
      <StdOut>NUnit Adapter 5.0.0.0: Test execution started
Running all tests in /workspace/src/UnitTests/bin/Debug/net9.0/UnitTests.dll
   NUnit3TestExecutor discovered 372 of 372 NUnit test cases using Current Discovery mode, Non-Explicit run
     Warning:
     The component "Fluent Assertions" is governed by the rules defined in the Xceed License Agreement and
     the Xceed Fluent Assertions Community License. You may use Fluent Assertions free of charge for
     non-commercial use only. An active subscription is required to use Fluent Assertions for commercial use.

     Please contact Xceed Sales mailto:sales@xceed.com to acquire a subscription at a very low cost.

     A paid commercial license supports the development and continued increasing support of
     Fluent Assertions users under both commercial and community licenses. Help us
     keep Fluent Assertions at the forefront of unit testing.

     For more information, visit https://xceed.com/products/unit-testing/fluent-assertions/

GetTitle_Should_ReplaceInvalidChars("My Title","Some Instructor"): OneTimeSetUp: Not supported on Unix,Linux,MacOSX
GetTitle_Should_ReplaceInvalidChars("My/Title","Some/Instructor"): OneTimeSetUp: Not supported on Unix,Linux,MacOSX
GetTitle_Should_ReplaceInvalidChars("My:Title","Some:Instructor"): OneTimeSetUp: Not supported on Unix,Linux,MacOSX
GetTitle_Should_ReplaceInvalidChars("My*Title","Some*Instructor"): OneTimeSetUp: Not supported on Unix,Linux,MacOSX
NUnit Adapter 5.0.0.0: Test execution complete
</StdOut>
    </Output>
  </ResultSummary>
</TestRun>