<?xml version="1.0" encoding="utf-8"?>
<TestRun id="3b3e073b-c76d-4b8e-92a2-3c9a37d8b1d0" name="@cursor 2025-07-04 17:29:28" xmlns="http://microsoft.com/schemas/VisualStudio/TeamTest/2010">
  <Times creation="2025-07-04T17:29:28.8224865+00:00" queuing="2025-07-04T17:29:28.8224866+00:00" start="2025-07-04T17:29:28.1037190+00:00" finish="2025-07-04T17:29:30.4235411+00:00" />
  <TestSettings name="default" id="6f9bc1ac-3603-4b6d-8509-0faee0108d8a">
    <Deployment runDeploymentRoot="_cursor_2025-07-04_17_29_28" />
  </TestSettings>
  <Results>
    <UnitTestResult executionId="bbf8376a-48bc-49e0-a834-f01b9bc162e6" testId="2bb9876a-467f-f530-c09d-3a5b987e6e41" testName="Fit_Converter_Creates_Valid_Fit(&quot;cycling_workout&quot;,Default)" computerName="cursor" duration="00:00:00.1472640" startTime="2025-07-04T17:29:29.1666731+00:00" endTime="2025-07-04T17:29:29.3139369+00:00" testType="13cdc9d9-ddb5-4fa4-a97d-d965ccfc6d4b" outcome="Passed" testListId="8c84fa94-04c1-424b-9868-57a2d4851a1d" relativeResultsDirectory="bbf8376a-48bc-49e0-a834-f01b9bc162e6" />
    <UnitTestResult executionId="74e4d44b-ea95-4573-9adb-def07f58dcff" testId="dcd7c3cc-bb2b-9867-81b5-778be618c95d" testName="Fit_Converter_Creates_Valid_Fit(&quot;rower_workout&quot;,Default)" computerName="cursor" duration="00:00:00.0175610" startTime="2025-07-04T17:29:29.4978223+00:00" endTime="2025-07-04T17:29:29.5153830+00:00" testType="13cdc9d9-ddb5-4fa4-a97d-d965ccfc6d4b" outcome="Passed" testListId="8c84fa94-04c1-424b-9868-57a2d4851a1d" relativeResultsDirectory="74e4d44b-ea95-4573-9adb-def07f58dcff" />
    <UnitTestResult executionId="cf17608d-3106-4e09-81a3-5495f4438cb5" testId="5bc5b8a2-aaeb-0ab7-986f-4a4ddf5047ca" testName="PelotonPost_With_PasswordChange_Should_Validate_Characters(&quot;\\&quot;)" computerName="cursor" duration="00:00:00.0004640" startTime="2025-07-04T17:29:28.8512627+00:00" endTime="2025-07-04T17:29:28.8517262+00:00" testType="13cdc9d9-ddb5-4fa4-a97d-d965ccfc6d4b" outcome="Passed" testListId="8c84fa94-04c1-424b-9868-57a2d4851a1d" relativeResultsDirectory="cf17608d-3106-4e09-81a3-5495f4438cb5" />
    <UnitTestResult executionId="5ebc7e67-7090-4897-9686-1b9b688d5526" testId="9bf7aecf-f67c-5735-4db0-dc505b7fb305" testName="GetEndTime_FallsbackToDuration_Test" computerName="cursor" duration="00:00:00.0013660" startTime="2025-07-04T17:29:29.1342475+00:00" endTime="2025-07-04T17:29:29.1356135+00:00" testType="13cdc9d9-ddb5-4fa4-a97d-d965ccfc6d4b" outcome="Passed" testListId="8c84fa94-04c1-424b-9868-57a2d4851a1d" relativeResultsDirectory="5ebc7e67-7090-4897-9686-1b9b688d5526" />
    <UnitTestResult executionId="d87b5c03-d0ac-4b7a-8a57-e527faccc5a6" testId="c6b40543-f253-b0b7-9aa5-954faa77faae" testName="SyncAsync_When_SyncSuccess_Should_ReturnCorrectResponse" computerName="cursor" duration="00:00:00.0019000" startTime="2025-07-04T17:29:30.3402636+00:00" endTime="2025-07-04T17:29:30.3421637+00:00" testType="13cdc9d9-ddb5-4fa4-a97d-d965ccfc6d4b" outcome="Passed" testListId="8c84fa94-04c1-424b-9868-57a2d4851a1d" relativeResultsDirectory="d87b5c03-d0ac-4b7a-8a57-e527faccc5a6" />
    <UnitTestResult executionId="dec42c54-9c15-4552-b6c0-a09b21d7a8c1" testId="a1eae981-15fc-9585-9ce2-ccd29fa697b1" testName="GetAsync_Returns_Results_SortedBy_MostRecentFirst" computerName="cursor" duration="00:00:00.0014100" startTime="2025-07-04T17:29:28.7290387+00:00" endTime="2025-07-04T17:29:28.7304481+00:00" testType="13cdc9d9-ddb5-4fa4-a97d-d965ccfc6d4b" outcome="Passed" testListId="8c84fa94-04c1-424b-9868-57a2d4851a1d" relativeResultsDirectory="dec42c54-9c15-4552-b6c0-a09b21d7a8c1" />
    <UnitTestResult executionId="f49b815b-1f2b-4151-8ab2-49dc70cc4e2d" testId="75253478-58a0-bb8b-60af-f2e03b85edc6" testName="GetWorkoutType_Should_Map_Correctly(Yoga,True)" computerName="cursor" duration="00:00:00.0000080" startTime="2025-07-04T17:29:28.8921253+00:00" endTime="2025-07-04T17:29:28.8921333+00:00" testType="13cdc9d9-ddb5-4fa4-a97d-d965ccfc6d4b" outcome="Passed" testListId="8c84fa94-04c1-424b-9868-57a2d4851a1d" relativeResultsDirectory="f49b815b-1f2b-4151-8ab2-49dc70cc4e2d" />
    <UnitTestResult executionId="03aa6407-200c-4e0f-81aa-ef44a8326381" testId="1f16eed6-5356-56da-0c8a-3d649af7e2b6" testName="ConvertDistanceToMetersTest(&quot;unknown&quot;)" computerName="cursor" duration="00:00:00.0001490" startTime="2025-07-04T17:29:29.1268952+00:00" endTime="2025-07-04T17:29:29.1270438+00:00" testType="13cdc9d9-ddb5-4fa4-a97d-d965ccfc6d4b" outcome="Passed" testListId="8c84fa94-04c1-424b-9868-57a2d4851a1d" relativeResultsDirectory="03aa6407-200c-4e0f-81aa-ef44a8326381" />
    <UnitTestResult executionId="55aa27ac-6249-459a-99f0-17fa09a6050c" testId="40d62d25-6314-3e34-3219-b1749d2933c4" testName="GetCustomDeviceInfoAsync_Choose_CorrectDevice_For_WorkoutType(OutdoorWalking)" computerName="cursor" duration="00:00:00.0002650" startTime="2025-07-04T17:29:29.0100937+00:00" endTime="2025-07-04T17:29:29.0103584+00:00" testType="13cdc9d9-ddb5-4fa4-a97d-d965ccfc6d4b" outcome="Passed" testListId="8c84fa94-04c1-424b-9868-57a2d4851a1d" relativeResultsDirectory="55aa27ac-6249-459a-99f0-17fa09a6050c" />
    <UnitTestResult executionId="65f7e1e8-d947-4032-8b1b-150af485f99e" testId="92fda280-c4fb-442b-e883-7176a9e8efce" testName="GetAsync_WithInvalid_PageIndex_Returns400(-1)" computerName="cursor" duration="00:00:00.0007470" startTime="2025-07-04T17:29:28.7491291+00:00" endTime="2025-07-04T17:29:28.7498757+00:00" testType="13cdc9d9-ddb5-4fa4-a97d-d965ccfc6d4b" outcome="Passed" testListId="8c84fa94-04c1-424b-9868-57a2d4851a1d" relativeResultsDirectory="65f7e1e8-d947-4032-8b1b-150af485f99e" />
    <UnitTestResult executionId="087a757d-968b-4832-b324-16d81489d150" testId="ec4a38ab-b6b1-9e77-4589-e9d18b49bb44" testName="ShouldConvert_ShouldOnly_Support_Fit(False,False,False)" computerName="cursor" duration="00:00:00.0000280" startTime="2025-07-04T17:29:30.0502078+00:00" endTime="2025-07-04T17:29:30.0502362+00:00" testType="13cdc9d9-ddb5-4fa4-a97d-d965ccfc6d4b" outcome="Passed" testListId="8c84fa94-04c1-424b-9868-57a2d4851a1d" relativeResultsDirectory="087a757d-968b-4832-b324-16d81489d150" />
    <UnitTestResult executionId="02e9718f-6f93-4a06-a368-29cc1751ddc6" testId="8f0a30f1-398f-c971-4923-3f66a5a73c2d" testName="GetExercisesTrackedByMovementTracker_WhenNoData(Workout { Id = , Status = , Title = , Name = , Created_At = 0, Fitness_Discipline = None, Is_Outdoor = False, Ride = , End_Time = , Start_Time = 0, Total_Work = 0, Ftp_Info = , Movement_Tracker_Data = MovementTrackerData { Completed_Movements_Summary_Data =  } })" computerName="cursor" duration="00:00:00.0000130" startTime="2025-07-04T17:29:30.2364923+00:00" endTime="2025-07-04T17:29:30.2365057+00:00" testType="13cdc9d9-ddb5-4fa4-a97d-d965ccfc6d4b" outcome="Passed" testListId="8c84fa94-04c1-424b-9868-57a2d4851a1d" relativeResultsDirectory="02e9718f-6f93-4a06-a368-29cc1751ddc6" />
    <UnitTestResult executionId="2c06691c-2786-4565-95ef-ab30d62b4a9d" testId="f3419d14-be7c-64f4-b8d0-70c944d70339" testName="DefaultConfigInit_Observability_Prometheus_ShouldHaveDefaulValues" computerName="cursor" duration="00:00:00.0002880" startTime="2025-07-04T17:29:28.8711415+00:00" endTime="2025-07-04T17:29:28.8714292+00:00" testType="13cdc9d9-ddb5-4fa4-a97d-d965ccfc6d4b" outcome="Passed" testListId="8c84fa94-04c1-424b-9868-57a2d4851a1d" relativeResultsDirectory="2c06691c-2786-4565-95ef-ab30d62b4a9d" />
    <UnitTestResult executionId="a9a3f3ce-67f8-41ba-9984-b7db62a5c886" testId="0029f72a-8851-6727-0ba3-2f8c2439bbd9" testName="SignInAsync_WhenGetCsrfTokenFails_ShouldThrowAuthenticationError" computerName="cursor" duration="00:00:00.0018550" startTime="2025-07-04T17:29:30.2038534+00:00" endTime="2025-07-04T17:29:30.2057076+00:00" testType="13cdc9d9-ddb5-4fa4-a97d-d965ccfc6d4b" outcome="Passed" testListId="8c84fa94-04c1-424b-9868-57a2d4851a1d" relativeResultsDirectory="a9a3f3ce-67f8-41ba-9984-b7db62a5c886" />
    <UnitTestResult executionId="bb174fc5-ecad-40c0-b710-fe7493b2ff13" testId="64fe6d76-4be3-fbf9-7fa1-b2e98e27e97a" testName="GetTotalDistanceTest_Distance_Is_Converted_To_Meters(&quot;m&quot;)" computerName="cursor" duration="00:00:00.0000030" startTime="2025-07-04T17:29:29.1409126+00:00" endTime="2025-07-04T17:29:29.1409156+00:00" testType="13cdc9d9-ddb5-4fa4-a97d-d965ccfc6d4b" outcome="Passed" testListId="8c84fa94-04c1-424b-9868-57a2d4851a1d" relativeResultsDirectory="bb174fc5-ecad-40c0-b710-fe7493b2ff13" />
    <UnitTestResult executionId="1505c561-bbf9-453b-9d13-ff0e721ae228" testId="94bd48db-54a3-d63b-4c2b-1c89db1efaf3" testName="ConvertDistanceToMetersTest(&quot;m&quot;)" computerName="cursor" duration="00:00:00.0000030" startTime="2025-07-04T17:29:29.1268882+00:00" endTime="2025-07-04T17:29:29.1268910+00:00" testType="13cdc9d9-ddb5-4fa4-a97d-d965ccfc6d4b" outcome="Passed" testListId="8c84fa94-04c1-424b-9868-57a2d4851a1d" relativeResultsDirectory="1505c561-bbf9-453b-9d13-ff0e721ae228" />
    <UnitTestResult executionId="489f129f-b192-4bcc-943c-6d59835de4d2" testId="35465844-54ba-2a46-45af-ba78c3783273" testName="ValidateConfig_InvalidHost_Throws(&quot;&quot;)" computerName="cursor" duration="00:00:00.0001870" startTime="2025-07-04T17:29:29.0143701+00:00" endTime="2025-07-04T17:29:29.0145568+00:00" testType="13cdc9d9-ddb5-4fa4-a97d-d965ccfc6d4b" outcome="Passed" testListId="8c84fa94-04c1-424b-9868-57a2d4851a1d" relativeResultsDirectory="489f129f-b192-4bcc-943c-6d59835de4d2" />
    <UnitTestResult executionId="202080b8-2dcd-43d6-8f62-c38e54b92a1e" testId="3ca99e82-4aeb-324f-c71a-0460d242731c" testName="GetTitle_Should_ReplaceInvalidChars(&quot;My Title&quot;,&quot;Some Instructor&quot;)" computerName="cursor" duration="00:00:00.0010240" startTime="2025-07-04T17:29:29.1053559+00:00" endTime="2025-07-04T17:29:29.1063794+00:00" testType="13cdc9d9-ddb5-4fa4-a97d-d965ccfc6d4b" outcome="NotExecuted" testListId="8c84fa94-04c1-424b-9868-57a2d4851a1d" relativeResultsDirectory="202080b8-2dcd-43d6-8f62-c38e54b92a1e">
      <Output>
        <StdOut>OneTimeSetUp: Not supported on Unix,Linux,MacOSX</StdOut>
        <ErrorInfo>
          <Message>OneTimeSetUp: Not supported on Unix,Linux,MacOSX</Message>
        </ErrorInfo>
      </Output>
    </UnitTestResult>
    <UnitTestResult executionId="2e9562a6-df11-4282-96bc-d89536aa49d6" testId="7f1783c7-cde5-f3ed-b4f8-1abce9f6cb6c" testName="GetAsync_When_Service_Throws_Exception_Returns_BadRequest" computerName="cursor" duration="00:00:00.0022070" startTime="2025-07-04T17:29:28.7455334+00:00" endTime="2025-07-04T17:29:28.7477401+00:00" testType="13cdc9d9-ddb5-4fa4-a97d-d965ccfc6d4b" outcome="Passed" testListId="8c84fa94-04c1-424b-9868-57a2d4851a1d" relativeResultsDirectory="2e9562a6-df11-4282-96bc-d89536aa49d6" />
    <UnitTestResult executionId="f6059f15-f977-4822-a0a8-9fffd7fd0777" testId="738e5c98-030d-7775-230f-848afa42a22f" testName="ShouldConvert_ShouldOnly_Support_TCX(True,True,True)" computerName="cursor" duration="00:00:00.0002940" startTime="2025-07-04T17:29:30.0508112+00:00" endTime="2025-07-04T17:29:30.0511050+00:00" testType="13cdc9d9-ddb5-4fa4-a97d-d965ccfc6d4b" outcome="Passed" testListId="8c84fa94-04c1-424b-9868-57a2d4851a1d" relativeResultsDirectory="f6059f15-f977-4822-a0a8-9fffd7fd0777" />
    <UnitTestResult executionId="677908ba-a211-4b7b-b478-10743a529aa3" testId="268d93db-2570-34ff-4ac3-2be55c3fdd53" testName="GetOutputSummary_NullWorkoutSamples_ReturnsNull" computerName="cursor" duration="00:00:00.0000670" startTime="2025-07-04T17:29:29.1391983+00:00" endTime="2025-07-04T17:29:29.1392656+00:00" testType="13cdc9d9-ddb5-4fa4-a97d-d965ccfc6d4b" outcome="Passed" testListId="8c84fa94-04c1-424b-9868-57a2d4851a1d" relativeResultsDirectory="677908ba-a211-4b7b-b478-10743a529aa3" />
    <UnitTestResult executionId="11745528-ed63-4c05-b413-fe8f6daa8dd2" testId="d2c0c821-8a66-4165-6497-58300a75a696" testName="ValidateConfig_InvalidHost_Throws(null)" computerName="cursor" duration="00:00:00.0003990" startTime="2025-07-04T17:29:29.0139562+00:00" endTime="2025-07-04T17:29:29.0143554+00:00" testType="13cdc9d9-ddb5-4fa4-a97d-d965ccfc6d4b" outcome="Passed" testListId="8c84fa94-04c1-424b-9868-57a2d4851a1d" relativeResultsDirectory="11745528-ed63-4c05-b413-fe8f6daa8dd2" />
    <UnitTestResult executionId="0abecd5b-7449-4c98-bd80-302d93ff00ab" testId="b5d17ff9-7f52-3054-c3e2-54c143047f1e" testName="GetCyclingFtp_Should_PickCorrectValue(Workout { Id = , Status = , Title = , Name = , Created_At = 0, Fitness_Discipline = None, Is_Outdoor = False, Ride = , End_Time = , Start_Time = 0, Total_Work = 0, Ftp_Info = Common.Dto.Peloton.FTPInfo, Movement_Tracker_Data =  },UserData { Cycling_Ftp_Source = , Cycling_Workout_Ftp = 0, Cycling_Ftp_Workout_Id = , Cycling_Ftp = 0, Estimated_Cycling_Ftp = 0, Default_Max_Heart_Rate = 0, Customized_Max_Heart_Rate = 0, Weight = 0 },95)" computerName="cursor" duration="00:00:00.0000310" startTime="2025-07-04T17:29:29.1340589+00:00" endTime="2025-07-04T17:29:29.1340903+00:00" testType="13cdc9d9-ddb5-4fa4-a97d-d965ccfc6d4b" outcome="Passed" testListId="8c84fa94-04c1-424b-9868-57a2d4851a1d" relativeResultsDirectory="0abecd5b-7449-4c98-bd80-302d93ff00ab" />
    <UnitTestResult executionId="11400e0b-215d-46ea-9b70-1d40f0082a12" testId="3284b07a-7571-dcf3-ead1-d8814491e90e" testName="Fit_Converter_Creates_Valid_Fit(&quot;rower_workout&quot;,Class_Targets)" computerName="cursor" duration="00:00:00.0098740" startTime="2025-07-04T17:29:30.0390470+00:00" endTime="2025-07-04T17:29:30.0489206+00:00" testType="13cdc9d9-ddb5-4fa4-a97d-d965ccfc6d4b" outcome="Passed" testListId="8c84fa94-04c1-424b-9868-57a2d4851a1d" relativeResultsDirectory="11400e0b-215d-46ea-9b70-1d40f0082a12" />
    <UnitTestResult executionId="1de28123-2177-42b7-94dd-01c14913d334" testId="aeff62e9-8176-e437-7449-a9a85dfb783d" testName="GetTotalDistanceTest_Distance_Is_Converted_To_Meters(&quot;km&quot;)" computerName="cursor" duration="00:00:00.0000060" startTime="2025-07-04T17:29:29.1409043+00:00" endTime="2025-07-04T17:29:29.1409098+00:00" testType="13cdc9d9-ddb5-4fa4-a97d-d965ccfc6d4b" outcome="Passed" testListId="8c84fa94-04c1-424b-9868-57a2d4851a1d" relativeResultsDirectory="1de28123-2177-42b7-94dd-01c14913d334" />
    <UnitTestResult executionId="d71f55dc-037b-4c07-b11e-b9e68a9b3c0c" testId="3edb81eb-4b7b-f4c8-2836-4f3b2107d7f6" testName="ShouldConvert_ShouldOnly_Support_TCX(True,True,True)" computerName="cursor" duration="00:00:00.0003080" startTime="2025-07-04T17:29:30.0520248+00:00" endTime="2025-07-04T17:29:30.0523326+00:00" testType="13cdc9d9-ddb5-4fa4-a97d-d965ccfc6d4b" outcome="Passed" testListId="8c84fa94-04c1-424b-9868-57a2d4851a1d" relativeResultsDirectory="d71f55dc-037b-4c07-b11e-b9e68a9b3c0c" />
    <UnitTestResult executionId="4ecd36f9-48d1-4d0f-af3c-d2866eb32341" testId="e3e00204-60e4-4696-1d7f-3694c2df1c99" testName="CombineLocationData_When_LocatioNData_Is_NullOrEmpty_SkipsEmpty" computerName="cursor" duration="00:00:00.0004160" startTime="2025-07-04T17:29:30.3028898+00:00" endTime="2025-07-04T17:29:30.3033056+00:00" testType="13cdc9d9-ddb5-4fa4-a97d-d965ccfc6d4b" outcome="Passed" testListId="8c84fa94-04c1-424b-9868-57a2d4851a1d" relativeResultsDirectory="4ecd36f9-48d1-4d0f-af3c-d2866eb32341" />
    <UnitTestResult executionId="debd920d-9c89-4848-96d1-4878bac93682" testId="e6378227-686b-8b9c-533e-6cebe496380d" testName="IgnoredPelotonExercises_ShouldContainExpectedExercises" computerName="cursor" duration="00:00:00.0019880" startTime="2025-07-04T17:29:29.1425909+00:00" endTime="2025-07-04T17:29:29.1445788+00:00" testType="13cdc9d9-ddb5-4fa4-a97d-d965ccfc6d4b" outcome="Passed" testListId="8c84fa94-04c1-424b-9868-57a2d4851a1d" relativeResultsDirectory="debd920d-9c89-4848-96d1-4878bac93682" />
    <UnitTestResult executionId="4565d302-ddca-42dd-82f2-04ab183972db" testId="95748184-2e23-34f4-f30a-ed8f0a761409" testName="SyncAsync_WorkoutIds_Calls_CorrectMethod" computerName="cursor" duration="00:00:00.0045560" startTime="2025-07-04T17:29:28.7947926+00:00" endTime="2025-07-04T17:29:28.7993483+00:00" testType="13cdc9d9-ddb5-4fa4-a97d-d965ccfc6d4b" outcome="Passed" testListId="8c84fa94-04c1-424b-9868-57a2d4851a1d" relativeResultsDirectory="4565d302-ddca-42dd-82f2-04ab183972db" />
    <UnitTestResult executionId="36de29e8-5f09-4527-ac43-d2e6f2eb4274" testId="8bbb5536-e880-c232-5401-5ccf490f756c" testName="SyncAsync_When_Should_Excluded_ExcludedWorkoutTypes" computerName="cursor" duration="00:00:00.0019670" startTime="2025-07-04T17:29:30.3382692+00:00" endTime="2025-07-04T17:29:30.3402360+00:00" testType="13cdc9d9-ddb5-4fa4-a97d-d965ccfc6d4b" outcome="Passed" testListId="8c84fa94-04c1-424b-9868-57a2d4851a1d" relativeResultsDirectory="36de29e8-5f09-4527-ac43-d2e6f2eb4274" />
    <UnitTestResult executionId="818416be-4a6a-4f81-8481-8e8a002daf51" testId="8295ddec-770c-14e6-b606-dce5449eaea6" testName="GetStackedWorkouts_Should_Honor_TimeGap(100)" computerName="cursor" duration="00:00:00.0003910" startTime="2025-07-04T17:29:30.3106567+00:00" endTime="2025-07-04T17:29:30.3110474+00:00" testType="13cdc9d9-ddb5-4fa4-a97d-d965ccfc6d4b" outcome="Passed" testListId="8c84fa94-04c1-424b-9868-57a2d4851a1d" relativeResultsDirectory="818416be-4a6a-4f81-8481-8e8a002daf51" />
    <UnitTestResult executionId="a187e51b-c602-42b1-9121-70c1cdfa5030" testId="b57878e7-556e-88c0-047b-2a893a3bfaea" testName="UploadToGarminAsync_WhenUploadDisabled_ShouldReturnWithoutProcessing" computerName="cursor" duration="00:00:00.0008930" startTime="2025-07-04T17:29:30.2180956+00:00" endTime="2025-07-04T17:29:30.2189881+00:00" testType="13cdc9d9-ddb5-4fa4-a97d-d965ccfc6d4b" outcome="Passed" testListId="8c84fa94-04c1-424b-9868-57a2d4851a1d" relativeResultsDirectory="a187e51b-c602-42b1-9121-70c1cdfa5030" />
    <UnitTestResult executionId="84e49fe1-e713-49da-acc2-e5c6ac923051" testId="4d66612e-0dae-f6e0-6b25-f37ccd8acd95" testName="GetOAuth2TokenAsync_WhenOAuth1TokenInvalid_ShouldThrowException" computerName="cursor" duration="00:00:00.0009070" startTime="2025-07-04T17:29:30.1355270+00:00" endTime="2025-07-04T17:29:30.1364338+00:00" testType="13cdc9d9-ddb5-4fa4-a97d-d965ccfc6d4b" outcome="Passed" testListId="8c84fa94-04c1-424b-9868-57a2d4851a1d" relativeResultsDirectory="84e49fe1-e713-49da-acc2-e5c6ac923051" />
    <UnitTestResult executionId="e6787983-eb08-4a78-8e95-416fe6606502" testId="62bf0dc9-a343-a0de-bd40-7ad06d05a1d9" testName="GetGarminAuthenticationAsync_WhenValidOAuth1Token_ShouldExchangeForOAuth2" computerName="cursor" duration="00:00:00.0019450" startTime="2025-07-04T17:29:30.1989773+00:00" endTime="2025-07-04T17:29:30.2009223+00:00" testType="13cdc9d9-ddb5-4fa4-a97d-d965ccfc6d4b" outcome="Passed" testListId="8c84fa94-04c1-424b-9868-57a2d4851a1d" relativeResultsDirectory="e6787983-eb08-4a78-8e95-416fe6606502" />
    <UnitTestResult executionId="365d6775-3a7e-45a3-a55b-90af9d71480e" testId="d68ed5bd-39a3-6663-0efe-e41e95998d98" testName="GetWorkoutType_Should_Map_Correctly(Cardio,True)" computerName="cursor" duration="00:00:00.0000030" startTime="2025-07-04T17:29:28.8920500+00:00" endTime="2025-07-04T17:29:28.8920534+00:00" testType="13cdc9d9-ddb5-4fa4-a97d-d965ccfc6d4b" outcome="Passed" testListId="8c84fa94-04c1-424b-9868-57a2d4851a1d" relativeResultsDirectory="365d6775-3a7e-45a3-a55b-90af9d71480e" />
    <UnitTestResult executionId="1fb3c6ae-43bc-460e-a51d-75eb930839ab" testId="9c7301e8-474b-ab11-2708-80b36a1ddada" testName="ConvertToMetersPerSecondTest_Is_Converted_To_MetersPerSecond(&quot;mph&quot;)" computerName="cursor" duration="00:00:00.0006900" startTime="2025-07-04T17:29:29.1271146+00:00" endTime="2025-07-04T17:29:29.1278045+00:00" testType="13cdc9d9-ddb5-4fa4-a97d-d965ccfc6d4b" outcome="Passed" testListId="8c84fa94-04c1-424b-9868-57a2d4851a1d" relativeResultsDirectory="1fb3c6ae-43bc-460e-a51d-75eb930839ab" />
    <UnitTestResult executionId="9a784d9a-b23e-48a5-8512-6cdb4be0340a" testId="53f6b12f-61bb-1cab-a25e-97d13b4340ec" testName="ValidateConfig_WhenGarminSettingsIsNull_ShouldThrowException" computerName="cursor" duration="00:00:00.0001920" startTime="2025-07-04T17:29:30.2196215+00:00" endTime="2025-07-04T17:29:30.2198131+00:00" testType="13cdc9d9-ddb5-4fa4-a97d-d965ccfc6d4b" outcome="Passed" testListId="8c84fa94-04c1-424b-9868-57a2d4851a1d" relativeResultsDirectory="9a784d9a-b23e-48a5-8512-6cdb4be0340a" />
    <UnitTestResult executionId="998fc513-aa66-4e5f-8eb6-27afe6381497" testId="41ba31c5-e015-3b58-b0d1-e862f9a31ff4" testName="GetStackedWorkouts_When_Workouts_Is_NullOrEmpty_DoesNothing" computerName="cursor" duration="00:00:00.0017240" startTime="2025-07-04T17:29:30.3144579+00:00" endTime="2025-07-04T17:29:30.3161818+00:00" testType="13cdc9d9-ddb5-4fa4-a97d-d965ccfc6d4b" outcome="Passed" testListId="8c84fa94-04c1-424b-9868-57a2d4851a1d" relativeResultsDirectory="998fc513-aa66-4e5f-8eb6-27afe6381497" />
    <UnitTestResult executionId="c080019a-3603-4dcd-bd63-f66c75929b83" testId="8e2f4b9a-aecb-c781-3dd2-d433cb480f63" testName="FormatPost_With_NullRequest_Returns400" computerName="cursor" duration="00:00:00.0097260" startTime="2025-07-04T17:29:28.8158794+00:00" endTime="2025-07-04T17:29:28.8256042+00:00" testType="13cdc9d9-ddb5-4fa4-a97d-d965ccfc6d4b" outcome="Passed" testListId="8c84fa94-04c1-424b-9868-57a2d4851a1d" relativeResultsDirectory="c080019a-3603-4dcd-bd63-f66c75929b83" />
    <UnitTestResult executionId="0a31117c-5d50-4f75-b181-22ced7536d2a" testId="e4abb676-de72-0ff0-7009-aaa86158224c" testName="GetStackedWorkouts_When_BareMinimumData_DoesNotThrow" computerName="cursor" duration="00:00:00.0001840" startTime="2025-07-04T17:29:30.3137463+00:00" endTime="2025-07-04T17:29:30.3139306+00:00" testType="13cdc9d9-ddb5-4fa4-a97d-d965ccfc6d4b" outcome="Passed" testListId="8c84fa94-04c1-424b-9868-57a2d4851a1d" relativeResultsDirectory="0a31117c-5d50-4f75-b181-22ced7536d2a" />
    <UnitTestResult executionId="90832e61-1dda-45fe-914e-ce1a8cac4298" testId="a64dc5d1-fa73-43f2-6ecb-a8207ac84e2d" testName="SendCredentialsAsync_WhenValidCredentials_ShouldReturnSuccess" computerName="cursor" duration="00:00:00.0011480" startTime="2025-07-04T17:29:30.1461177+00:00" endTime="2025-07-04T17:29:30.1472654+00:00" testType="13cdc9d9-ddb5-4fa4-a97d-d965ccfc6d4b" outcome="Passed" testListId="8c84fa94-04c1-424b-9868-57a2d4851a1d" relativeResultsDirectory="90832e61-1dda-45fe-914e-ce1a8cac4298" />
    <UnitTestResult executionId="624669c5-6c23-48d4-85e8-9b8742604034" testId="63862178-9990-7cdb-ac9b-379cf4160859" testName="GetMaxSpeedMetersPerSecond_MaxSpeed_Is_Converted(&quot;ft&quot;)" computerName="cursor" duration="00:00:00.0000400" startTime="2025-07-04T17:29:29.1381962+00:00" endTime="2025-07-04T17:29:29.1382361+00:00" testType="13cdc9d9-ddb5-4fa4-a97d-d965ccfc6d4b" outcome="Passed" testListId="8c84fa94-04c1-424b-9868-57a2d4851a1d" relativeResultsDirectory="624669c5-6c23-48d4-85e8-9b8742604034" />
    <UnitTestResult executionId="3146b9e2-33c8-4b0b-93de-890021663113" testId="91230b95-4cc3-de7c-060a-759628c104c9" testName="GetStackedWorkouts_Should_Honor_TimeGap(300)" computerName="cursor" duration="00:00:00.0000610" startTime="2025-07-04T17:29:30.3110657+00:00" endTime="2025-07-04T17:29:30.3111268+00:00" testType="13cdc9d9-ddb5-4fa4-a97d-d965ccfc6d4b" outcome="Passed" testListId="8c84fa94-04c1-424b-9868-57a2d4851a1d" relativeResultsDirectory="3146b9e2-33c8-4b0b-93de-890021663113" />
    <UnitTestResult executionId="9d43f70c-3da6-4562-81af-02e537ccefce" testId="2b942204-73d5-5e1a-b900-79a487486712" testName="GetAsync_Calls_Service" computerName="cursor" duration="00:00:00.0160350" startTime="2025-07-04T17:29:28.7995594+00:00" endTime="2025-07-04T17:29:28.8155932+00:00" testType="13cdc9d9-ddb5-4fa4-a97d-d965ccfc6d4b" outcome="Passed" testListId="8c84fa94-04c1-424b-9868-57a2d4851a1d" relativeResultsDirectory="9d43f70c-3da6-4562-81af-02e537ccefce" />
    <UnitTestResult executionId="fd876467-170b-43a1-87d3-c38ac6a312b0" testId="15d8f164-ed9b-0afc-af0e-42874a05e947" testName="ValidateConfig_WhenUploadDisabled_ShouldNotValidateCredentials" computerName="cursor" duration="00:00:00.0002210" startTime="2025-07-04T17:29:30.2198217+00:00" endTime="2025-07-04T17:29:30.2200422+00:00" testType="13cdc9d9-ddb5-4fa4-a97d-d965ccfc6d4b" outcome="Passed" testListId="8c84fa94-04c1-424b-9868-57a2d4851a1d" relativeResultsDirectory="fd876467-170b-43a1-87d3-c38ac6a312b0" />
    <UnitTestResult executionId="6da2d1d7-b134-47ad-8372-fc77d3d4a668" testId="77575707-3d28-ac61-4c32-8163231ff49a" testName="GetHeartRateZone_NullSamples_ReturnsNull" computerName="cursor" duration="00:00:00.0001290" startTime="2025-07-04T17:29:29.1373011+00:00" endTime="2025-07-04T17:29:29.1374300+00:00" testType="13cdc9d9-ddb5-4fa4-a97d-d965ccfc6d4b" outcome="Passed" testListId="8c84fa94-04c1-424b-9868-57a2d4851a1d" relativeResultsDirectory="6da2d1d7-b134-47ad-8372-fc77d3d4a668" />
    <UnitTestResult executionId="919f912d-c6b9-4103-98df-5bd41252464f" testId="fb73e6b0-78d9-48e0-6e73-19a80dd43c81" testName="GetStartTimeTest" computerName="cursor" duration="00:00:00.0003340" startTime="2025-07-04T17:29:29.1392933+00:00" endTime="2025-07-04T17:29:29.1396270+00:00" testType="13cdc9d9-ddb5-4fa4-a97d-d965ccfc6d4b" outcome="Passed" testListId="8c84fa94-04c1-424b-9868-57a2d4851a1d" relativeResultsDirectory="919f912d-c6b9-4103-98df-5bd41252464f" />
    <UnitTestResult executionId="6de6df23-0817-4189-9aa9-26f81593d401" testId="14b4d962-f7f2-ac8b-cce5-4b1ed17e27f6" testName="ValidateConfig_InvalidPort_Throws(-1)" computerName="cursor" duration="00:00:00.0002440" startTime="2025-07-04T17:29:29.0145868+00:00" endTime="2025-07-04T17:29:29.0148302+00:00" testType="13cdc9d9-ddb5-4fa4-a97d-d965ccfc6d4b" outcome="Passed" testListId="8c84fa94-04c1-424b-9868-57a2d4851a1d" relativeResultsDirectory="6de6df23-0817-4189-9aa9-26f81593d401" />
    <UnitTestResult executionId="f6461836-16fb-4a51-a132-5f381803bd7e" testId="73d075be-fab1-ee80-0dd0-df090006c2e6" testName="GetCalorieSummary_ShouldPickCorrectValue(Common.Dto.Peloton.WorkoutSamples,10)" computerName="cursor" duration="00:00:00.0004820" startTime="2025-07-04T17:29:29.1316066+00:00" endTime="2025-07-04T17:29:29.1320886+00:00" testType="13cdc9d9-ddb5-4fa4-a97d-d965ccfc6d4b" outcome="Passed" testListId="8c84fa94-04c1-424b-9868-57a2d4851a1d" relativeResultsDirectory="f6461836-16fb-4a51-a132-5f381803bd7e" />
    <UnitTestResult executionId="eec62169-0825-4c2a-b177-907ceb29e61c" testId="fec7dedc-c946-c21e-b247-b1399ec429d4" testName="GetAllAsync_Honors_ExcludedWorkoutTypes" computerName="cursor" duration="00:00:00.0602810" startTime="2025-07-04T17:29:28.6399281+00:00" endTime="2025-07-04T17:29:28.7001766+00:00" testType="13cdc9d9-ddb5-4fa4-a97d-d965ccfc6d4b" outcome="Passed" testListId="8c84fa94-04c1-424b-9868-57a2d4851a1d" relativeResultsDirectory="eec62169-0825-4c2a-b177-907ceb29e61c">
      <Output>
        <StdOut>Warning:
     The component "Fluent Assertions" is governed by the rules defined in the Xceed License Agreement and
     the Xceed Fluent Assertions Community License. You may use Fluent Assertions free of charge for
     non-commercial use only. An active subscription is required to use Fluent Assertions for commercial use.

     Please contact Xceed Sales mailto:sales@xceed.com to acquire a subscription at a very low cost.

     A paid commercial license supports the development and continued increasing support of
     Fluent Assertions users under both commercial and community licenses. Help us
     keep Fluent Assertions at the forefront of unit testing.

     For more information, visit https://xceed.com/products/unit-testing/fluent-assertions/</StdOut>
      </Output>
    </UnitTestResult>
    <UnitTestResult executionId="da406d41-a098-4809-9eba-45f7e312cf82" testId="aaac0e7d-5f4a-069f-757e-76df0280cff4" testName="GetCyclingFtp_Should_PickCorrectValue(null,UserData { Cycling_Ftp_Source = Ftp_Workout_Source, Cycling_Workout_Ftp = 100, Cycling_Ftp_Workout_Id = , Cycling_Ftp = 1, Estimated_Cycling_Ftp = 3, Default_Max_Heart_Rate = 0, Customized_Max_Heart_Rate = 0, Weight = 0 },100)" computerName="cursor" duration="00:00:00.0000270" startTime="2025-07-04T17:29:29.1341539+00:00" endTime="2025-07-04T17:29:29.1341804+00:00" testType="13cdc9d9-ddb5-4fa4-a97d-d965ccfc6d4b" outcome="Passed" testListId="8c84fa94-04c1-424b-9868-57a2d4851a1d" relativeResultsDirectory="da406d41-a098-4809-9eba-45f7e312cf82" />
    <UnitTestResult executionId="27ed9700-437e-4894-bbf3-637584c75ead" testId="50a50460-ef18-ddcc-6082-e5f270fa26bf" testName="Fit_Converter_Creates_Valid_Fit(&quot;tread_run_workout&quot;,Distance)" computerName="cursor" duration="00:00:00.0351920" startTime="2025-07-04T17:29:29.6059691+00:00" endTime="2025-07-04T17:29:29.6411604+00:00" testType="13cdc9d9-ddb5-4fa4-a97d-d965ccfc6d4b" outcome="Passed" testListId="8c84fa94-04c1-424b-9868-57a2d4851a1d" relativeResultsDirectory="27ed9700-437e-4894-bbf3-637584c75ead" />
    <UnitTestResult executionId="9d65630c-42fd-417e-b513-43d7fbc3e04d" testId="0c199377-2588-d3ea-29a5-336cfe047b76" testName="GetAllAsync_Honors_WorkoutStatusFilter_Flag(Completed)" computerName="cursor" duration="00:00:00.0024650" startTime="2025-07-04T17:29:28.7010307+00:00" endTime="2025-07-04T17:29:28.7034958+00:00" testType="13cdc9d9-ddb5-4fa4-a97d-d965ccfc6d4b" outcome="Passed" testListId="8c84fa94-04c1-424b-9868-57a2d4851a1d" relativeResultsDirectory="9d65630c-42fd-417e-b513-43d7fbc3e04d" />
    <UnitTestResult executionId="9cfbdfdc-5d69-4bfc-9340-2550c2e9aee8" testId="a45b0da2-eb2b-b9b6-85db-5a1df2e22596" testName="PelotonPost_With_PasswordChange_Should_Validate_Characters(&quot;a\\&quot;)" computerName="cursor" duration="00:00:00.0000900" startTime="2025-07-04T17:29:28.8519750+00:00" endTime="2025-07-04T17:29:28.8520652+00:00" testType="13cdc9d9-ddb5-4fa4-a97d-d965ccfc6d4b" outcome="Passed" testListId="8c84fa94-04c1-424b-9868-57a2d4851a1d" relativeResultsDirectory="9cfbdfdc-5d69-4bfc-9340-2550c2e9aee8" />
    <UnitTestResult executionId="1c8ce03b-8aa0-45b3-9ad2-fa145778a10b" testId="3a24be44-f3fb-d4d2-2b26-3ddbb95a0632" testName="GetTitle_Should_Handle_SpecialChars(&quot;My Title&quot;,&quot;é&quot;)" computerName="cursor" duration="00:00:00.0022370" startTime="2025-07-04T17:29:29.0985123+00:00" endTime="2025-07-04T17:29:29.1007488+00:00" testType="13cdc9d9-ddb5-4fa4-a97d-d965ccfc6d4b" outcome="Passed" testListId="8c84fa94-04c1-424b-9868-57a2d4851a1d" relativeResultsDirectory="1c8ce03b-8aa0-45b3-9ad2-fa145778a10b" />
    <UnitTestResult executionId="7d83db50-0069-4117-b928-ae1de65eaf2c" testId="cd12b41f-af21-0e72-d29b-99ed70de03ed" testName="CompleteMFAAuthAsync_WhenValidCode_ShouldCompleteAuth" computerName="cursor" duration="00:00:00.0058090" startTime="2025-07-04T17:29:30.1767954+00:00" endTime="2025-07-04T17:29:30.1826040+00:00" testType="13cdc9d9-ddb5-4fa4-a97d-d965ccfc6d4b" outcome="Passed" testListId="8c84fa94-04c1-424b-9868-57a2d4851a1d" relativeResultsDirectory="7d83db50-0069-4117-b928-ae1de65eaf2c" />
    <UnitTestResult executionId="d1b36c36-a13a-4b42-838c-5b6efd3f505b" testId="c9206a37-69dd-d0c2-7817-2b9527b99edf" testName="IsRest_WhenRestExerciseId_ShouldReturnTrue" computerName="cursor" duration="00:00:00.0000430" startTime="2025-07-04T17:29:29.1448071+00:00" endTime="2025-07-04T17:29:29.1448503+00:00" testType="13cdc9d9-ddb5-4fa4-a97d-d965ccfc6d4b" outcome="Passed" testListId="8c84fa94-04c1-424b-9868-57a2d4851a1d" relativeResultsDirectory="d1b36c36-a13a-4b42-838c-5b6efd3f505b" />
    <UnitTestResult executionId="3742b173-24d7-48c9-90c8-bbe9bab55147" testId="b1fdbb99-a491-6f58-9cd4-a32d3381e20e" testName="DefaultConfigInit_Developer_ShouldHaveDefaulValues" computerName="cursor" duration="00:00:00.0006930" startTime="2025-07-04T17:29:28.8678899+00:00" endTime="2025-07-04T17:29:28.8685828+00:00" testType="13cdc9d9-ddb5-4fa4-a97d-d965ccfc6d4b" outcome="Passed" testListId="8c84fa94-04c1-424b-9868-57a2d4851a1d" relativeResultsDirectory="3742b173-24d7-48c9-90c8-bbe9bab55147" />
    <UnitTestResult executionId="8e749e4a-dd28-4902-9204-6bc33d60b27a" testId="3007729f-a613-5805-213d-0cebf02b0e3e" testName="GetTitle_NullRide_ShouldReturn_RideId" computerName="cursor" duration="00:00:00.0022850" startTime="2025-07-04T17:29:29.0937575+00:00" endTime="2025-07-04T17:29:29.0960418+00:00" testType="13cdc9d9-ddb5-4fa4-a97d-d965ccfc6d4b" outcome="Passed" testListId="8c84fa94-04c1-424b-9868-57a2d4851a1d" relativeResultsDirectory="8e749e4a-dd28-4902-9204-6bc33d60b27a" />
    <UnitTestResult executionId="93c561c4-d742-4b30-b581-f3f6b068695b" testId="68e2219d-c4aa-3dde-5711-40eee752b346" testName="GetTimeStampTest(0L)" computerName="cursor" duration="00:00:00.0004230" startTime="2025-07-04T17:29:29.1396543+00:00" endTime="2025-07-04T17:29:29.1400774+00:00" testType="13cdc9d9-ddb5-4fa4-a97d-d965ccfc6d4b" outcome="Passed" testListId="8c84fa94-04c1-424b-9868-57a2d4851a1d" relativeResultsDirectory="93c561c4-d742-4b30-b581-f3f6b068695b" />
    <UnitTestResult executionId="449c1496-f967-4901-b9fa-0e09e0de8bb2" testId="f01466b1-9eed-a834-70fe-05694dcd6329" testName="GetWorkoutType_Should_Map_Correctly(Strength,False)" computerName="cursor" duration="00:00:00.0000070" startTime="2025-07-04T17:29:28.8920892+00:00" endTime="2025-07-04T17:29:28.8920959+00:00" testType="13cdc9d9-ddb5-4fa4-a97d-d965ccfc6d4b" outcome="Passed" testListId="8c84fa94-04c1-424b-9868-57a2d4851a1d" relativeResultsDirectory="449c1496-f967-4901-b9fa-0e09e0de8bb2" />
    <UnitTestResult executionId="edfc6406-db96-4d02-80d8-1a470926cc45" testId="bd5aa7b1-246c-6dab-cbdf-cfe9b0823566" testName="Fit_Converter_Builds_Valid_DeviceInfoMesg(5,3)" computerName="cursor" duration="00:00:00.0000840" startTime="2025-07-04T17:29:29.1664837+00:00" endTime="2025-07-04T17:29:29.1665677+00:00" testType="13cdc9d9-ddb5-4fa4-a97d-d965ccfc6d4b" outcome="Passed" testListId="8c84fa94-04c1-424b-9868-57a2d4851a1d" relativeResultsDirectory="edfc6406-db96-4d02-80d8-1a470926cc45" />
    <UnitTestResult executionId="4ded8e1d-091a-4c36-86f9-cff601f5bcf4" testId="fa1aff09-89e9-c9c9-8e43-3435185dc5da" testName="Fit_Converter_Creates_Valid_Fit(&quot;tread_run_workout&quot;,Class_Segments)" computerName="cursor" duration="00:00:00.0235370" startTime="2025-07-04T17:29:29.8075991+00:00" endTime="2025-07-04T17:29:29.8311341+00:00" testType="13cdc9d9-ddb5-4fa4-a97d-d965ccfc6d4b" outcome="Passed" testListId="8c84fa94-04c1-424b-9868-57a2d4851a1d" relativeResultsDirectory="4ded8e1d-091a-4c36-86f9-cff601f5bcf4" />
    <UnitTestResult executionId="f921786d-2db4-44aa-946e-47688f1f20e0" testId="dc78183a-3301-6d2f-bfc2-96017ddfdaab" testName="GetExercisesTrackedByMovementTracker_WhenNoData(Workout { Id = , Status = , Title = , Name = , Created_At = 0, Fitness_Discipline = None, Is_Outdoor = False, Ride = , End_Time = , Start_Time = 0, Total_Work = 0, Ftp_Info = , Movement_Tracker_Data =  })" computerName="cursor" duration="00:00:00.0001880" startTime="2025-07-04T17:29:30.2362901+00:00" endTime="2025-07-04T17:29:30.2364778+00:00" testType="13cdc9d9-ddb5-4fa4-a97d-d965ccfc6d4b" outcome="Passed" testListId="8c84fa94-04c1-424b-9868-57a2d4851a1d" relativeResultsDirectory="f921786d-2db4-44aa-946e-47688f1f20e0" />
    <UnitTestResult executionId="78388364-d2ca-4c94-b7f5-2d7e46b6677f" testId="ff1f8e51-22b6-57cc-4d3e-e50fee72f0ef" testName="StrengthExerciseMappings_OverheadMovements_ShouldMapToShoulderPress" computerName="cursor" duration="00:00:00.0001060" startTime="2025-07-04T17:29:29.1460714+00:00" endTime="2025-07-04T17:29:29.1461771+00:00" testType="13cdc9d9-ddb5-4fa4-a97d-d965ccfc6d4b" outcome="Passed" testListId="8c84fa94-04c1-424b-9868-57a2d4851a1d" relativeResultsDirectory="78388364-d2ca-4c94-b7f5-2d7e46b6677f" />
    <UnitTestResult executionId="db3c1948-2f28-4baa-8842-bf73c7dcd00d" testId="a9511aab-7b33-fc7f-f075-d2b592ca1492" testName="PagingResponseBase_Calculates_HasPrevious_Correctly(100)" computerName="cursor" duration="00:00:00.0000080" startTime="2025-07-04T17:29:28.8669547+00:00" endTime="2025-07-04T17:29:28.8669625+00:00" testType="13cdc9d9-ddb5-4fa4-a97d-d965ccfc6d4b" outcome="Passed" testListId="8c84fa94-04c1-424b-9868-57a2d4851a1d" relativeResultsDirectory="db3c1948-2f28-4baa-8842-bf73c7dcd00d" />
    <UnitTestResult executionId="f8641025-d9f5-4b55-85b5-84962125ce33" testId="d41d09d9-47e4-6a0e-3520-bb2673be8aa2" testName="ValidateConfig_ValidHostPort_DoesNotThrow" computerName="cursor" duration="00:00:00.0000800" startTime="2025-07-04T17:29:29.0150377+00:00" endTime="2025-07-04T17:29:29.0151180+00:00" testType="13cdc9d9-ddb5-4fa4-a97d-d965ccfc6d4b" outcome="Passed" testListId="8c84fa94-04c1-424b-9868-57a2d4851a1d" relativeResultsDirectory="f8641025-d9f5-4b55-85b5-84962125ce33" />
    <UnitTestResult executionId="3acc0258-e779-44ac-85f9-e2b87da0d723" testId="5a7fd466-b0ba-5fc7-6c23-ca33470220b2" testName="GarminPost_With_PasswordChange_Should_Validate_Characters(&quot;a\\ads\\adf&quot;)" computerName="cursor" duration="00:00:00.0001120" startTime="2025-07-04T17:29:28.8484698+00:00" endTime="2025-07-04T17:29:28.8485821+00:00" testType="13cdc9d9-ddb5-4fa4-a97d-d965ccfc6d4b" outcome="Passed" testListId="8c84fa94-04c1-424b-9868-57a2d4851a1d" relativeResultsDirectory="3acc0258-e779-44ac-85f9-e2b87da0d723" />
    <UnitTestResult executionId="49a34820-4ad3-4e48-9450-7e23a68694c9" testId="adcba74b-8049-9f15-8f59-2b6a8504d81e" testName="GetCustomDeviceInfoAsync_Choose_CorrectDevice_For_WorkoutType(TreadmillRunning)" computerName="cursor" duration="00:00:00.0003690" startTime="2025-07-04T17:29:29.0091643+00:00" endTime="2025-07-04T17:29:29.0095329+00:00" testType="13cdc9d9-ddb5-4fa4-a97d-d965ccfc6d4b" outcome="Passed" testListId="8c84fa94-04c1-424b-9868-57a2d4851a1d" relativeResultsDirectory="49a34820-4ad3-4e48-9450-7e23a68694c9" />
    <UnitTestResult executionId="de87c191-1f99-499d-9ce0-0934e15dcf29" testId="acbdaa04-ddd9-e76b-1250-10b38b5cdd74" testName="Fit_Converter_Creates_Valid_Fit(&quot;ride_based_on_distance&quot;,Default)" computerName="cursor" duration="00:00:00.0215060" startTime="2025-07-04T17:29:29.4762693+00:00" endTime="2025-07-04T17:29:29.4977749+00:00" testType="13cdc9d9-ddb5-4fa4-a97d-d965ccfc6d4b" outcome="Passed" testListId="8c84fa94-04c1-424b-9868-57a2d4851a1d" relativeResultsDirectory="de87c191-1f99-499d-9ce0-0934e15dcf29" />
    <UnitTestResult executionId="5a129656-0223-4c73-8a40-6557a7bc224f" testId="2ad365a4-7690-f909-9b00-353a5ed34e80" testName="GetAsync_WhenNotRequested_DoesNotEnrich_LatestVersionInfo" computerName="cursor" duration="00:00:00.0060200" startTime="2025-07-04T17:29:28.8561554+00:00" endTime="2025-07-04T17:29:28.8621754+00:00" testType="13cdc9d9-ddb5-4fa4-a97d-d965ccfc6d4b" outcome="Passed" testListId="8c84fa94-04c1-424b-9868-57a2d4851a1d" relativeResultsDirectory="5a129656-0223-4c73-8a40-6557a7bc224f" />
    <UnitTestResult executionId="1aa7a705-439c-45d1-bb4e-51c7ef22b82f" testId="2c8f4979-1655-f332-06f6-53e805976a06" testName="GetStackedWorkouts_Should_Honor_TimeGap(0)" computerName="cursor" duration="00:00:00.0049270" startTime="2025-07-04T17:29:30.3056976+00:00" endTime="2025-07-04T17:29:30.3106237+00:00" testType="13cdc9d9-ddb5-4fa4-a97d-d965ccfc6d4b" outcome="Passed" testListId="8c84fa94-04c1-424b-9868-57a2d4851a1d" relativeResultsDirectory="1aa7a705-439c-45d1-bb4e-51c7ef22b82f" />
    <UnitTestResult executionId="c96c6bc0-7bae-4d87-88c0-b8ed8412ae1b" testId="abbd0d1a-0c6a-24b3-6949-2c8175ceb910" testName="GetTotalDistanceTest_NullSummary_Should_Return0" computerName="cursor" duration="00:00:00.0000480" startTime="2025-07-04T17:29:29.1410416+00:00" endTime="2025-07-04T17:29:29.1410899+00:00" testType="13cdc9d9-ddb5-4fa4-a97d-d965ccfc6d4b" outcome="Passed" testListId="8c84fa94-04c1-424b-9868-57a2d4851a1d" relativeResultsDirectory="c96c6bc0-7bae-4d87-88c0-b8ed8412ae1b" />
    <UnitTestResult executionId="9bbd7375-c773-4312-9582-9a5f0b30090a" testId="834688af-d948-b267-9d52-df9b13a0c676" testName="GetTitle_NullTemplate_ShouldReturn_DefaultTemplate" computerName="cursor" duration="00:00:00.0023960" startTime="2025-07-04T17:29:29.0960670+00:00" endTime="2025-07-04T17:29:29.0984622+00:00" testType="13cdc9d9-ddb5-4fa4-a97d-d965ccfc6d4b" outcome="Passed" testListId="8c84fa94-04c1-424b-9868-57a2d4851a1d" relativeResultsDirectory="9bbd7375-c773-4312-9582-9a5f0b30090a" />
    <UnitTestResult executionId="ba128dc5-9182-41e3-839f-31f3a3ebd928" testId="024762ec-6de4-9e73-3e08-4415f864ad90" testName="Fit_Converter_Creates_Valid_Fit(&quot;cycling_workout&quot;,Class_Segments)" computerName="cursor" duration="00:00:00.0308460" startTime="2025-07-04T17:29:29.7697877+00:00" endTime="2025-07-04T17:29:29.8006331+00:00" testType="13cdc9d9-ddb5-4fa4-a97d-d965ccfc6d4b" outcome="Passed" testListId="8c84fa94-04c1-424b-9868-57a2d4851a1d" relativeResultsDirectory="ba128dc5-9182-41e3-839f-31f3a3ebd928" />
    <UnitTestResult executionId="b8699ee2-23a5-4de9-bb74-5976876aa30d" testId="59ec3057-e73c-9bdc-c923-5de846e585bc" testName="GarminPost_With_EmailChange_Should_SignOut_of_Garmin" computerName="cursor" duration="00:00:00.0092420" startTime="2025-07-04T17:29:28.8256634+00:00" endTime="2025-07-04T17:29:28.8349046+00:00" testType="13cdc9d9-ddb5-4fa4-a97d-d965ccfc6d4b" outcome="Passed" testListId="8c84fa94-04c1-424b-9868-57a2d4851a1d" relativeResultsDirectory="b8699ee2-23a5-4de9-bb74-5976876aa30d" />
    <UnitTestResult executionId="90b57a2b-bc4c-442b-b75d-2d1b293a9d44" testId="52dc1c81-0736-57d7-96a9-ac2ac0cb058d" testName="ValidateConfig_InvalidPort_Throws(0)" computerName="cursor" duration="00:00:00.0003370" startTime="2025-07-04T17:29:28.9955654+00:00" endTime="2025-07-04T17:29:28.9959017+00:00" testType="13cdc9d9-ddb5-4fa4-a97d-d965ccfc6d4b" outcome="Passed" testListId="8c84fa94-04c1-424b-9868-57a2d4851a1d" relativeResultsDirectory="90b57a2b-bc4c-442b-b75d-2d1b293a9d44" />
    <UnitTestResult executionId="a84a9d05-0e17-4cc1-896f-7944e5829e21" testId="6bb117d1-94e5-51e3-6903-da2e2b9dba3c" testName="StrengthExerciseMappings_SquatVariations_ShouldMapToSquatCategory" computerName="cursor" duration="00:00:00.0001490" startTime="2025-07-04T17:29:29.1546186+00:00" endTime="2025-07-04T17:29:29.1547677+00:00" testType="13cdc9d9-ddb5-4fa4-a97d-d965ccfc6d4b" outcome="Passed" testListId="8c84fa94-04c1-424b-9868-57a2d4851a1d" relativeResultsDirectory="a84a9d05-0e17-4cc1-896f-7944e5829e21" />
    <UnitTestResult executionId="05ca1dbc-464b-4a43-8967-327bc8cecf8c" testId="74b68762-823f-575b-a235-3b1eb9197fe7" testName="GetAsync_When_Service_Throws_PelotonAuthenticationException_Returns_BadRequest" computerName="cursor" duration="00:00:00.0013020" startTime="2025-07-04T17:29:28.7477770+00:00" endTime="2025-07-04T17:29:28.7490790+00:00" testType="13cdc9d9-ddb5-4fa4-a97d-d965ccfc6d4b" outcome="Passed" testListId="8c84fa94-04c1-424b-9868-57a2d4851a1d" relativeResultsDirectory="05ca1dbc-464b-4a43-8967-327bc8cecf8c" />
    <UnitTestResult executionId="df53dba2-5039-4de4-b775-84665401040f" testId="1a6ee4d5-7a68-7839-3fd0-d276f1ebf759" testName="GetWorkoutType_Should_Map_Correctly(Running,False)" computerName="cursor" duration="00:00:00.0000030" startTime="2025-07-04T17:29:28.8920269+00:00" endTime="2025-07-04T17:29:28.8920302+00:00" testType="13cdc9d9-ddb5-4fa4-a97d-d965ccfc6d4b" outcome="Passed" testListId="8c84fa94-04c1-424b-9868-57a2d4851a1d" relativeResultsDirectory="df53dba2-5039-4de4-b775-84665401040f" />
    <UnitTestResult executionId="b454e641-f995-436f-bbd4-5eee3a2cfbd3" testId="26eaa644-cba6-d67c-e436-0668796ca225" testName="UpdateAppSettingsAsync_With_NullRequest_Returns400" computerName="cursor" duration="00:00:00.0018180" startTime="2025-07-04T17:29:28.8521731+00:00" endTime="2025-07-04T17:29:28.8539908+00:00" testType="13cdc9d9-ddb5-4fa4-a97d-d965ccfc6d4b" outcome="Passed" testListId="8c84fa94-04c1-424b-9868-57a2d4851a1d" relativeResultsDirectory="b454e641-f995-436f-bbd4-5eee3a2cfbd3" />
    <UnitTestResult executionId="8ac801b9-aee3-493f-b749-b674c98f49f3" testId="db858c54-5ca6-5112-334f-1a2074085872" testName="SyncAsync_When_Conversion_StepFails_Should_ReturnCorrectResponse" computerName="cursor" duration="00:00:00.0022350" startTime="2025-07-04T17:29:30.3321173+00:00" endTime="2025-07-04T17:29:30.3343515+00:00" testType="13cdc9d9-ddb5-4fa4-a97d-d965ccfc6d4b" outcome="Passed" testListId="8c84fa94-04c1-424b-9868-57a2d4851a1d" relativeResultsDirectory="8ac801b9-aee3-493f-b749-b674c98f49f3" />
    <UnitTestResult executionId="a09a3cec-3c4c-453c-9315-7d2e037e8c49" testId="990d39b7-12eb-a43b-a0d1-e7000c4a3239" testName="GetGarminAuthenticationAsync_WhenOAuth1ExchangeFails_ShouldFallbackToSignIn" computerName="cursor" duration="00:00:00.0036490" startTime="2025-07-04T17:29:30.1952990+00:00" endTime="2025-07-04T17:29:30.1989471+00:00" testType="13cdc9d9-ddb5-4fa4-a97d-d965ccfc6d4b" outcome="Passed" testListId="8c84fa94-04c1-424b-9868-57a2d4851a1d" relativeResultsDirectory="a09a3cec-3c4c-453c-9315-7d2e037e8c49" />
    <UnitTestResult executionId="cc2e3147-b792-4cc3-b0d6-8f4f5cebaab5" testId="5531531b-3cdc-85ea-99dc-40236a3fb01d" testName="Json_WithNullMaxVlaue_Can_Deserialzize_To_Metric" computerName="cursor" duration="00:00:00.0002930" startTime="2025-07-04T17:29:28.9449609+00:00" endTime="2025-07-04T17:29:28.9452537+00:00" testType="13cdc9d9-ddb5-4fa4-a97d-d965ccfc6d4b" outcome="Passed" testListId="8c84fa94-04c1-424b-9868-57a2d4851a1d" relativeResultsDirectory="cc2e3147-b792-4cc3-b0d6-8f4f5cebaab5" />
    <UnitTestResult executionId="94a9c1e0-80a4-4db6-a08d-3749507e4ca5" testId="299f546a-84bb-aad8-e7a0-66ce90d400fc" testName="GetCustomDeviceInfoAsync_Choose_CorrectDevice_For_WorkoutType(Stretching)" computerName="cursor" duration="00:00:00.0002790" startTime="2025-07-04T17:29:29.0113135+00:00" endTime="2025-07-04T17:29:29.0115926+00:00" testType="13cdc9d9-ddb5-4fa4-a97d-d965ccfc6d4b" outcome="Passed" testListId="8c84fa94-04c1-424b-9868-57a2d4851a1d" relativeResultsDirectory="94a9c1e0-80a4-4db6-a08d-3749507e4ca5" />
    <UnitTestResult executionId="fe8f35c0-2c7c-4c04-9d97-3f7647a2b411" testId="8016d13c-c026-4eab-3b1a-f6a102363f44" testName="ShouldConvert_ShouldOnly_Support_TCX(False,True,False)" computerName="cursor" duration="00:00:00.0000250" startTime="2025-07-04T17:29:30.0515934+00:00" endTime="2025-07-04T17:29:30.0516185+00:00" testType="13cdc9d9-ddb5-4fa4-a97d-d965ccfc6d4b" outcome="Passed" testListId="8c84fa94-04c1-424b-9868-57a2d4851a1d" relativeResultsDirectory="fe8f35c0-2c7c-4c04-9d97-3f7647a2b411" />
    <UnitTestResult executionId="d5925b51-065f-44f3-987b-c90c49286e09" testId="d549615e-37a6-5b86-fd01-48e9c51b024a" testName="SyncAsync_With_EmptyWorkoutIdsRequest_Returns400" computerName="cursor" duration="00:00:00.0010720" startTime="2025-07-04T17:29:28.7927082+00:00" endTime="2025-07-04T17:29:28.7937801+00:00" testType="13cdc9d9-ddb5-4fa4-a97d-d965ccfc6d4b" outcome="Passed" testListId="8c84fa94-04c1-424b-9868-57a2d4851a1d" relativeResultsDirectory="d5925b51-065f-44f3-987b-c90c49286e09" />
    <UnitTestResult executionId="99f6c29e-eecb-4c06-93e8-32258efc5495" testId="5dc5ff5a-2b01-503e-5d7e-47330abf8c64" testName="GetWorkoutType_Should_Map_Correctly(Stretching,False)" computerName="cursor" duration="00:00:00.0000030" startTime="2025-07-04T17:29:28.8921050+00:00" endTime="2025-07-04T17:29:28.8921077+00:00" testType="13cdc9d9-ddb5-4fa4-a97d-d965ccfc6d4b" outcome="Passed" testListId="8c84fa94-04c1-424b-9868-57a2d4851a1d" relativeResultsDirectory="99f6c29e-eecb-4c06-93e8-32258efc5495" />
    <UnitTestResult executionId="7d70e851-7c28-48da-ab7d-2b5f2e7ce73e" testId="d33c3551-a2e2-8781-705e-8e05544431c0" testName="PagingResponseBase_Calculates_HasNext_Correctly(100,5)" computerName="cursor" duration="00:00:00.0000070" startTime="2025-07-04T17:29:28.8665031+00:00" endTime="2025-07-04T17:29:28.8665097+00:00" testType="13cdc9d9-ddb5-4fa4-a97d-d965ccfc6d4b" outcome="Passed" testListId="8c84fa94-04c1-424b-9868-57a2d4851a1d" relativeResultsDirectory="7d70e851-7c28-48da-ab7d-2b5f2e7ce73e" />
    <UnitTestResult executionId="657fbeb3-0a1d-4327-85a1-0fae6af56702" testId="bcb59029-4013-44e5-44e0-773cef3135ff" testName="ShouldConvert_ShouldOnly_Support_Fit(False,True,True)" computerName="cursor" duration="00:00:00.0000290" startTime="2025-07-04T17:29:30.0501114+00:00" endTime="2025-07-04T17:29:30.0501400+00:00" testType="13cdc9d9-ddb5-4fa4-a97d-d965ccfc6d4b" outcome="Passed" testListId="8c84fa94-04c1-424b-9868-57a2d4851a1d" relativeResultsDirectory="657fbeb3-0a1d-4327-85a1-0fae6af56702" />
    <UnitTestResult executionId="f51e9f09-614a-475c-bdba-6f82d35fd2c8" testId="61583b3e-2333-6fd6-de7d-c1cef5681ceb" testName="GetRecentWorkoutsAsync_StopsCallingPelotonWhenNoMoreWorkouts" computerName="cursor" duration="00:00:00.0011900" startTime="2025-07-04T17:29:30.2464423+00:00" endTime="2025-07-04T17:29:30.2476322+00:00" testType="13cdc9d9-ddb5-4fa4-a97d-d965ccfc6d4b" outcome="Passed" testListId="8c84fa94-04c1-424b-9868-57a2d4851a1d" relativeResultsDirectory="f51e9f09-614a-475c-bdba-6f82d35fd2c8" />
    <UnitTestResult executionId="f2b627f1-4166-4ab9-ac5f-c8ef2bb0685c" testId="b70c1bfa-94e6-da8f-8633-1ff1ee7b484a" testName="GetConsumerCredentialsAsync_WhenHttpRequestFails_ShouldThrowException" computerName="cursor" duration="00:00:00.0033280" startTime="2025-07-04T17:29:30.0888993+00:00" endTime="2025-07-04T17:29:30.0922273+00:00" testType="13cdc9d9-ddb5-4fa4-a97d-d965ccfc6d4b" outcome="Passed" testListId="8c84fa94-04c1-424b-9868-57a2d4851a1d" relativeResultsDirectory="f2b627f1-4166-4ab9-ac5f-c8ef2bb0685c" />
    <UnitTestResult executionId="2e5b43fb-e9a2-4592-a7a2-c859568f5766" testId="88ea8bc1-64c6-1ed7-dff7-6876c9743dc1" testName="GetMaxSpeedMetersPerSecond_MaxSpeed_Is_Converted_ForRower(&quot;min/500m&quot;)" computerName="cursor" duration="00:00:00.0002050" startTime="2025-07-04T17:29:29.1384124+00:00" endTime="2025-07-04T17:29:29.1386176+00:00" testType="13cdc9d9-ddb5-4fa4-a97d-d965ccfc6d4b" outcome="Passed" testListId="8c84fa94-04c1-424b-9868-57a2d4851a1d" relativeResultsDirectory="2e5b43fb-e9a2-4592-a7a2-c859568f5766" />
    <UnitTestResult executionId="d2fa45cd-0c41-4e5a-8adc-09e4a1f91171" testId="18bde04b-4c73-eda8-82d0-6d3ca2a04781" testName="GetTitle_Should_Handle_SpecialChars(&quot;My Title&quot;,&quot;ä&quot;)" computerName="cursor" duration="00:00:00.0021779" startTime="2025-07-04T17:29:29.1007849+00:00" endTime="2025-07-04T17:29:29.1029627+00:00" testType="13cdc9d9-ddb5-4fa4-a97d-d965ccfc6d4b" outcome="Passed" testListId="8c84fa94-04c1-424b-9868-57a2d4851a1d" relativeResultsDirectory="d2fa45cd-0c41-4e5a-8adc-09e4a1f91171" />
    <UnitTestResult executionId="8d9f45fb-b73c-4051-bb5c-3e2668f9fc1f" testId="dd67079e-4f7c-100f-b844-f26b3873901b" testName="GetWorkoutDetailsAsync_Should_Only_Enrich_ValidRideIds(&quot;   &quot;)" computerName="cursor" duration="00:00:00.0004210" startTime="2025-07-04T17:29:30.2595419+00:00" endTime="2025-07-04T17:29:30.2599632+00:00" testType="13cdc9d9-ddb5-4fa4-a97d-d965ccfc6d4b" outcome="Passed" testListId="8c84fa94-04c1-424b-9868-57a2d4851a1d" relativeResultsDirectory="8d9f45fb-b73c-4051-bb5c-3e2668f9fc1f" />
    <UnitTestResult executionId="54d82374-781d-4d59-8c32-1e131bfeac8c" testId="e2aa94f8-1c8d-1145-aae2-0911626908bc" testName="Fit_Converter_Creates_Valid_Fit(&quot;meditation_workout&quot;,Class_Targets)" computerName="cursor" duration="00:00:00.0055390" startTime="2025-07-04T17:29:29.9769950+00:00" endTime="2025-07-04T17:29:29.9825338+00:00" testType="13cdc9d9-ddb5-4fa4-a97d-d965ccfc6d4b" outcome="Passed" testListId="8c84fa94-04c1-424b-9868-57a2d4851a1d" relativeResultsDirectory="54d82374-781d-4d59-8c32-1e131bfeac8c" />
    <UnitTestResult executionId="30ba4be9-1eef-42a5-b77e-dfdaae589870" testId="92679e3d-d661-be15-cbdf-a3fbbc1fd13a" testName="CompleteMFAAuthAsync_WhenInvalidCode_ShouldThrowException" computerName="cursor" duration="00:00:00.0062390" startTime="2025-07-04T17:29:30.1694071+00:00" endTime="2025-07-04T17:29:30.1756453+00:00" testType="13cdc9d9-ddb5-4fa4-a97d-d965ccfc6d4b" outcome="Passed" testListId="8c84fa94-04c1-424b-9868-57a2d4851a1d" relativeResultsDirectory="30ba4be9-1eef-42a5-b77e-dfdaae589870" />
    <UnitTestResult executionId="59c39428-57d0-42c2-8dd9-698fb2fff01e" testId="c98e2074-ed27-4fc7-d66c-9637e2cbb509" testName="GetOAuth1TokenAsync_ShouldReturnValidOAuth1Token" computerName="cursor" duration="00:00:00.0122130" startTime="2025-07-04T17:29:30.1127821+00:00" endTime="2025-07-04T17:29:30.1249941+00:00" testType="13cdc9d9-ddb5-4fa4-a97d-d965ccfc6d4b" outcome="Passed" testListId="8c84fa94-04c1-424b-9868-57a2d4851a1d" relativeResultsDirectory="59c39428-57d0-42c2-8dd9-698fb2fff01e" />
    <UnitTestResult executionId="7b9dddb2-1685-439a-af52-664c077308de" testId="eda327a8-43f0-eb29-46cf-6cdf168c607b" testName="ValidateConfig_ValidPort_ShouldNotThrow" computerName="cursor" duration="00:00:00.0000910" startTime="2025-07-04T17:29:28.9959367+00:00" endTime="2025-07-04T17:29:28.9960274+00:00" testType="13cdc9d9-ddb5-4fa4-a97d-d965ccfc6d4b" outcome="Passed" testListId="8c84fa94-04c1-424b-9868-57a2d4851a1d" relativeResultsDirectory="7b9dddb2-1685-439a-af52-664c077308de" />
    <UnitTestResult executionId="d985c2c3-690a-4adb-bbca-b9d666b488a4" testId="b8aad2c7-2eba-e5db-6418-6d64439beb70" testName="UpdatePelotonSettingsAsync_With_NullRequest_ReturnsError" computerName="cursor" duration="00:00:00.0007700" startTime="2025-07-04T17:29:28.8551910+00:00" endTime="2025-07-04T17:29:28.8559612+00:00" testType="13cdc9d9-ddb5-4fa4-a97d-d965ccfc6d4b" outcome="Passed" testListId="8c84fa94-04c1-424b-9868-57a2d4851a1d" relativeResultsDirectory="d985c2c3-690a-4adb-bbca-b9d666b488a4" />
    <UnitTestResult executionId="f1d0f8c9-3d10-4d7d-b68c-f8d840af262c" testId="5d5662b6-d31d-32d3-84ac-9589078c82c3" testName="Fit_Converter_Creates_Valid_Fit(&quot;tread_run_workout&quot;,Default)" computerName="cursor" duration="00:00:00.0394409" startTime="2025-07-04T17:29:29.3302483+00:00" endTime="2025-07-04T17:29:29.3696882+00:00" testType="13cdc9d9-ddb5-4fa4-a97d-d965ccfc6d4b" outcome="Passed" testListId="8c84fa94-04c1-424b-9868-57a2d4851a1d" relativeResultsDirectory="f1d0f8c9-3d10-4d7d-b68c-f8d840af262c" />
    <UnitTestResult executionId="c27dba4a-e200-4f77-b873-8ca22471f7d0" testId="69dea2dc-fad0-8685-5cf5-d563d03316ed" testName="GetOutputSummary_NoCalorieSlug_ReturnsNull" computerName="cursor" duration="00:00:00.0000980" startTime="2025-07-04T17:29:29.1390961+00:00" endTime="2025-07-04T17:29:29.1391943+00:00" testType="13cdc9d9-ddb5-4fa4-a97d-d965ccfc6d4b" outcome="Passed" testListId="8c84fa94-04c1-424b-9868-57a2d4851a1d" relativeResultsDirectory="c27dba4a-e200-4f77-b873-8ca22471f7d0" />
    <UnitTestResult executionId="1f58b8ae-decf-4512-8d61-4add7857318e" testId="e0e889ee-a9ce-4836-9adc-dcc5194648da" testName="SyncAsync_WhenNoWorkouts_Should_NotThrow" computerName="cursor" duration="00:00:00.0019560" startTime="2025-07-04T17:29:30.3421910+00:00" endTime="2025-07-04T17:29:30.3441472+00:00" testType="13cdc9d9-ddb5-4fa4-a97d-d965ccfc6d4b" outcome="Passed" testListId="8c84fa94-04c1-424b-9868-57a2d4851a1d" relativeResultsDirectory="1f58b8ae-decf-4512-8d61-4add7857318e" />
    <UnitTestResult executionId="721e88cb-453f-49a9-a0d9-179d57959d6b" testId="3bef546d-2c73-feb3-5bfb-b8193692e2ab" testName="Fit_Converter_Creates_Valid_Fit(&quot;ride_based_on_distance&quot;,Class_Segments)" computerName="cursor" duration="00:00:00.0152680" startTime="2025-07-04T17:29:29.8905040+00:00" endTime="2025-07-04T17:29:29.9057704+00:00" testType="13cdc9d9-ddb5-4fa4-a97d-d965ccfc6d4b" outcome="Passed" testListId="8c84fa94-04c1-424b-9868-57a2d4851a1d" relativeResultsDirectory="721e88cb-453f-49a9-a0d9-179d57959d6b" />
    <UnitTestResult executionId="e1b3e18e-d759-4319-847a-834341cc2c93" testId="53bd1552-7549-7526-31ea-0d733217eee6" testName="GarminAuthTokenExistsAndIsValidAsync_WhenExpiredToken_ShouldReturnFalse" computerName="cursor" duration="00:00:00.0020290" startTime="2025-07-04T17:29:30.1845546+00:00" endTime="2025-07-04T17:29:30.1865833+00:00" testType="13cdc9d9-ddb5-4fa4-a97d-d965ccfc6d4b" outcome="Passed" testListId="8c84fa94-04c1-424b-9868-57a2d4851a1d" relativeResultsDirectory="e1b3e18e-d759-4319-847a-834341cc2c93" />
    <UnitTestResult executionId="b4b17ffc-40bf-46db-b77c-1e223ba4c95c" testId="6ebc6db2-aa69-5a98-6493-31ef150933b1" testName="PelotonPost_With_PasswordChange_Should_Validate_Characters(&quot;valid&quot;)" computerName="cursor" duration="00:00:00.0025920" startTime="2025-07-04T17:29:28.8486370+00:00" endTime="2025-07-04T17:29:28.8512286+00:00" testType="13cdc9d9-ddb5-4fa4-a97d-d965ccfc6d4b" outcome="Passed" testListId="8c84fa94-04c1-424b-9868-57a2d4851a1d" relativeResultsDirectory="b4b17ffc-40bf-46db-b77c-1e223ba4c95c" />
    <UnitTestResult executionId="beb94a04-f1dc-4198-83df-90b57216f39f" testId="351c592c-fc72-5a82-9817-d79a90df7614" testName="GetStackedWorkouts_When_OneWorkout_Returns_One" computerName="cursor" duration="00:00:00.0004970" startTime="2025-07-04T17:29:30.3139398+00:00" endTime="2025-07-04T17:29:30.3144368+00:00" testType="13cdc9d9-ddb5-4fa4-a97d-d965ccfc6d4b" outcome="Passed" testListId="8c84fa94-04c1-424b-9868-57a2d4851a1d" relativeResultsDirectory="beb94a04-f1dc-4198-83df-90b57216f39f" />
    <UnitTestResult executionId="1fe197fe-56cd-4979-9e5b-f0efe8edd360" testId="a7b99d22-ee3f-ab47-ab68-89dfe253a5a4" testName="StrengthExerciseMappings_PushUpVariations_ShouldMapToPushUpCategory" computerName="cursor" duration="00:00:00.0000920" startTime="2025-07-04T17:29:29.1463106+00:00" endTime="2025-07-04T17:29:29.1464023+00:00" testType="13cdc9d9-ddb5-4fa4-a97d-d965ccfc6d4b" outcome="Passed" testListId="8c84fa94-04c1-424b-9868-57a2d4851a1d" relativeResultsDirectory="1fe197fe-56cd-4979-9e5b-f0efe8edd360" />
    <UnitTestResult executionId="ad5d5a25-9b12-4fdf-b93e-d93f3b973400" testId="e0f99cbf-2d29-3c80-a624-7b6e13dd1390" testName="ValidateConfig_InvalidPort_Throws(-1)" computerName="cursor" duration="00:00:00.0033940" startTime="2025-07-04T17:29:28.9921360+00:00" endTime="2025-07-04T17:29:28.9955296+00:00" testType="13cdc9d9-ddb5-4fa4-a97d-d965ccfc6d4b" outcome="Passed" testListId="8c84fa94-04c1-424b-9868-57a2d4851a1d" relativeResultsDirectory="ad5d5a25-9b12-4fdf-b93e-d93f3b973400" />
    <UnitTestResult executionId="40a57a3a-ae28-4699-ae89-4ac940318d07" testId="60123ba9-8c0d-8a64-f91a-5e13ce5ae077" testName="DefaultConfigInit_App_ShouldHaveDefaulValues" computerName="cursor" duration="00:00:00.0007500" startTime="2025-07-04T17:29:28.8671193+00:00" endTime="2025-07-04T17:29:28.8678691+00:00" testType="13cdc9d9-ddb5-4fa4-a97d-d965ccfc6d4b" outcome="Passed" testListId="8c84fa94-04c1-424b-9868-57a2d4851a1d" relativeResultsDirectory="40a57a3a-ae28-4699-ae89-4ac940318d07" />
    <UnitTestResult executionId="336e2778-6319-4bcb-ba80-237e041dc02d" testId="ae4de01a-1d12-e7d6-986b-cf06269c1d43" testName="ShouldConvert_ShouldOnly_Support_TCX(False,False,False)" computerName="cursor" duration="00:00:00.0000480" startTime="2025-07-04T17:29:30.0527350+00:00" endTime="2025-07-04T17:29:30.0527829+00:00" testType="13cdc9d9-ddb5-4fa4-a97d-d965ccfc6d4b" outcome="Passed" testListId="8c84fa94-04c1-424b-9868-57a2d4851a1d" relativeResultsDirectory="336e2778-6319-4bcb-ba80-237e041dc02d" />
    <UnitTestResult executionId="65de2ace-738f-4994-94f7-c5c029d0412b" testId="f462a461-4209-1e5e-3555-ae640f044d96" testName="ShouldConvert_ShouldOnly_Support_Fit(True,True,False)" computerName="cursor" duration="00:00:00.0003110" startTime="2025-07-04T17:29:30.0497038+00:00" endTime="2025-07-04T17:29:30.0500145+00:00" testType="13cdc9d9-ddb5-4fa4-a97d-d965ccfc6d4b" outcome="Passed" testListId="8c84fa94-04c1-424b-9868-57a2d4851a1d" relativeResultsDirectory="65de2ace-738f-4994-94f7-c5c029d0412b" />
    <UnitTestResult executionId="ea3b1efe-a2e7-4177-908c-87f38068bb9b" testId="d1d4a324-9577-ffbe-55b8-4af24ac0c077" testName="UploadActivity_WhenInvalidFile_ShouldThrowException" computerName="cursor" duration="00:00:00.0009300" startTime="2025-07-04T17:29:30.1647932+00:00" endTime="2025-07-04T17:29:30.1657223+00:00" testType="13cdc9d9-ddb5-4fa4-a97d-d965ccfc6d4b" outcome="Passed" testListId="8c84fa94-04c1-424b-9868-57a2d4851a1d" relativeResultsDirectory="ea3b1efe-a2e7-4177-908c-87f38068bb9b" />
    <UnitTestResult executionId="bd650684-cd3e-4d06-84df-03746b0d0c0b" testId="237b07d9-9785-5200-b185-5a6e10f8002a" testName="GarminPost_With_PasswordChange_Should_Validate_Characters(&quot;a\\&quot;)" computerName="cursor" duration="00:00:00.0001560" startTime="2025-07-04T17:29:28.8483043+00:00" endTime="2025-07-04T17:29:28.8484603+00:00" testType="13cdc9d9-ddb5-4fa4-a97d-d965ccfc6d4b" outcome="Passed" testListId="8c84fa94-04c1-424b-9868-57a2d4851a1d" relativeResultsDirectory="bd650684-cd3e-4d06-84df-03746b0d0c0b" />
    <UnitTestResult executionId="17b5d025-ae40-4630-bbde-993b74d9306c" testId="0cb0438a-3990-4a3d-96bc-962401db1b65" testName="GetRecentWorkoutsAsync_FetchesXNumberOfWorkoutsAcrossPages" computerName="cursor" duration="00:00:00.0019130" startTime="2025-07-04T17:29:30.2445028+00:00" endTime="2025-07-04T17:29:30.2464156+00:00" testType="13cdc9d9-ddb5-4fa4-a97d-d965ccfc6d4b" outcome="Passed" testListId="8c84fa94-04c1-424b-9868-57a2d4851a1d" relativeResultsDirectory="17b5d025-ae40-4630-bbde-993b74d9306c" />
    <UnitTestResult executionId="566aaa43-de65-4d9e-a79f-ceee6c6fd6ee" testId="266acd3f-05f0-7f05-925e-96206b985b98" testName="RowingWorkout_CanBe_Deserialized_To_WorkoutSamples" computerName="cursor" duration="00:00:00.0048190" startTime="2025-07-04T17:29:30.2298170+00:00" endTime="2025-07-04T17:29:30.2346354+00:00" testType="13cdc9d9-ddb5-4fa4-a97d-d965ccfc6d4b" outcome="Passed" testListId="8c84fa94-04c1-424b-9868-57a2d4851a1d" relativeResultsDirectory="566aaa43-de65-4d9e-a79f-ceee6c6fd6ee" />
    <UnitTestResult executionId="de6c9e9a-9d68-46af-a720-a0fddf836dde" testId="4cc5da5f-c89a-cc41-1f0d-920ccf5f3e8d" testName="GetHeartRateSummary_NoCalorieSlug_ReturnsNull" computerName="cursor" duration="00:00:00.0001590" startTime="2025-07-04T17:29:29.1367108+00:00" endTime="2025-07-04T17:29:29.1368694+00:00" testType="13cdc9d9-ddb5-4fa4-a97d-d965ccfc6d4b" outcome="Passed" testListId="8c84fa94-04c1-424b-9868-57a2d4851a1d" relativeResultsDirectory="de6c9e9a-9d68-46af-a720-a0fddf836dde" />
    <UnitTestResult executionId="cb22a9ca-38ad-4e40-a723-261c3ae5f7a2" testId="8ffd8b18-d6d0-548c-74c2-04f1656b2a67" testName="Fit_Converter_Creates_Valid_Fit(&quot;walking_outdoor_01&quot;,Class_Targets)" computerName="cursor" duration="00:00:00.0333920" startTime="2025-07-04T17:29:29.9825814+00:00" endTime="2025-07-04T17:29:30.0159724+00:00" testType="13cdc9d9-ddb5-4fa4-a97d-d965ccfc6d4b" outcome="Passed" testListId="8c84fa94-04c1-424b-9868-57a2d4851a1d" relativeResultsDirectory="cb22a9ca-38ad-4e40-a723-261c3ae5f7a2" />
    <UnitTestResult executionId="88aabc48-6bc5-4149-ad18-7e1c2c293c78" testId="096b064d-1428-b9d8-fa26-d57393951678" testName="StrengthExerciseMappings_ShouldNotBeEmpty" computerName="cursor" duration="00:00:00.0007590" startTime="2025-07-04T17:29:29.1536052+00:00" endTime="2025-07-04T17:29:29.1543638+00:00" testType="13cdc9d9-ddb5-4fa4-a97d-d965ccfc6d4b" outcome="Passed" testListId="8c84fa94-04c1-424b-9868-57a2d4851a1d" relativeResultsDirectory="88aabc48-6bc5-4149-ad18-7e1c2c293c78" />
    <UnitTestResult executionId="2a6191f3-4d35-409c-8ca8-6f52a0faa860" testId="f0978bc4-a6a0-b1ad-6bf2-490678e05fef" testName="GetStackedWorkouts_Should_Only_Group_By_Common_Type" computerName="cursor" duration="00:00:00.0025020" startTime="2025-07-04T17:29:30.3112131+00:00" endTime="2025-07-04T17:29:30.3137152+00:00" testType="13cdc9d9-ddb5-4fa4-a97d-d965ccfc6d4b" outcome="Passed" testListId="8c84fa94-04c1-424b-9868-57a2d4851a1d" relativeResultsDirectory="2a6191f3-4d35-409c-8ca8-6f52a0faa860" />
    <UnitTestResult executionId="01c3e47d-12f3-48b0-bda1-eba3338cd647" testId="d6496406-25e6-4f95-dcc9-c044ad2f4af4" testName="GetAsync_When_Service_Throws_ArgumentException_Returns_BadRequest" computerName="cursor" duration="00:00:00.0150310" startTime="2025-07-04T17:29:28.7304751+00:00" endTime="2025-07-04T17:29:28.7455061+00:00" testType="13cdc9d9-ddb5-4fa4-a97d-d965ccfc6d4b" outcome="Passed" testListId="8c84fa94-04c1-424b-9868-57a2d4851a1d" relativeResultsDirectory="01c3e47d-12f3-48b0-bda1-eba3338cd647" />
    <UnitTestResult executionId="9894a58d-8689-42dd-86af-40b98eb187b0" testId="ea26bba9-26a9-f3ea-e08a-46ddb2f7a2e3" testName="GetMaxSpeedMetersPerSecond_MaxSpeed_Is_Converted(&quot;m&quot;)" computerName="cursor" duration="00:00:00.0000230" startTime="2025-07-04T17:29:29.1383590+00:00" endTime="2025-07-04T17:29:29.1383821+00:00" testType="13cdc9d9-ddb5-4fa4-a97d-d965ccfc6d4b" outcome="Passed" testListId="8c84fa94-04c1-424b-9868-57a2d4851a1d" relativeResultsDirectory="9894a58d-8689-42dd-86af-40b98eb187b0" />
    <UnitTestResult executionId="ea9ff2df-645a-410b-84d5-fe6194cd0cf4" testId="90572729-ba69-9ea4-f91f-f49ccc8bd507" testName="InitCookieJarAsync_WhenSettingsServiceThrows_ShouldPropagateException" computerName="cursor" duration="00:00:00.0014460" startTime="2025-07-04T17:29:30.1382375+00:00" endTime="2025-07-04T17:29:30.1396827+00:00" testType="13cdc9d9-ddb5-4fa4-a97d-d965ccfc6d4b" outcome="Passed" testListId="8c84fa94-04c1-424b-9868-57a2d4851a1d" relativeResultsDirectory="ea9ff2df-645a-410b-84d5-fe6194cd0cf4" />
    <UnitTestResult executionId="fa87797d-878c-4019-a22c-f31b8ed8fa57" testId="73fd6b32-ad56-6164-485b-fa89df0af261" testName="StrengthExerciseMappings_ShouldContainValidMappings" computerName="cursor" duration="00:00:00.0009370" startTime="2025-07-04T17:29:29.1464067+00:00" endTime="2025-07-04T17:29:29.1473432+00:00" testType="13cdc9d9-ddb5-4fa4-a97d-d965ccfc6d4b" outcome="Passed" testListId="8c84fa94-04c1-424b-9868-57a2d4851a1d" relativeResultsDirectory="fa87797d-878c-4019-a22c-f31b8ed8fa57" />
    <UnitTestResult executionId="a67b5861-56b3-4a1e-816a-cd4bc611f79c" testId="fea81199-2eda-7cc0-5447-b8c7203b67c6" testName="SignInAsync_WhenInvalidCredentials_ShouldThrowException" computerName="cursor" duration="00:00:00.0004010" startTime="2025-07-04T17:29:30.2064400+00:00" endTime="2025-07-04T17:29:30.2068410+00:00" testType="13cdc9d9-ddb5-4fa4-a97d-d965ccfc6d4b" outcome="Passed" testListId="8c84fa94-04c1-424b-9868-57a2d4851a1d" relativeResultsDirectory="a67b5861-56b3-4a1e-816a-cd4bc611f79c" />
    <UnitTestResult executionId="976a800f-49d0-46f5-93f6-8e7a4dd64b8b" testId="59f38d5a-b192-9bd3-715f-90c810db1fc2" testName="SyncAsync_When_CheckForUpdates_Disabled_Should_NotCheck" computerName="cursor" duration="00:00:00.0024660" startTime="2025-07-04T17:29:30.3296224+00:00" endTime="2025-07-04T17:29:30.3320884+00:00" testType="13cdc9d9-ddb5-4fa4-a97d-d965ccfc6d4b" outcome="Passed" testListId="8c84fa94-04c1-424b-9868-57a2d4851a1d" relativeResultsDirectory="976a800f-49d0-46f5-93f6-8e7a4dd64b8b" />
    <UnitTestResult executionId="410be227-0294-41a1-96ff-1f641dcc6004" testId="1b490480-fb95-34e0-b8f3-6d49e41cd490" testName="GetAvgSpeedMetersPerSecond_MaxSpeed_Is_Converted(&quot;m&quot;)" computerName="cursor" duration="00:00:00.0000240" startTime="2025-07-04T17:29:29.1299610+00:00" endTime="2025-07-04T17:29:29.1299850+00:00" testType="13cdc9d9-ddb5-4fa4-a97d-d965ccfc6d4b" outcome="Passed" testListId="8c84fa94-04c1-424b-9868-57a2d4851a1d" relativeResultsDirectory="410be227-0294-41a1-96ff-1f641dcc6004" />
    <UnitTestResult executionId="826de25f-b375-4fc6-bd11-f08fd32330e5" testId="ca2818e9-29c0-46dd-edf8-21d9bbaed850" testName="GetOutputSummary_CalorieSlug_ReturnsSummary" computerName="cursor" duration="00:00:00.0002520" startTime="2025-07-04T17:29:29.1387460+00:00" endTime="2025-07-04T17:29:29.1389980+00:00" testType="13cdc9d9-ddb5-4fa4-a97d-d965ccfc6d4b" outcome="Passed" testListId="8c84fa94-04c1-424b-9868-57a2d4851a1d" relativeResultsDirectory="826de25f-b375-4fc6-bd11-f08fd32330e5" />
    <UnitTestResult executionId="6c94c172-ab28-45e4-9025-37a5857eb4e9" testId="4b7cc2b4-5fdb-804f-ca2f-d480cf61bf67" testName="Fit_Converter_Creates_Valid_Fit(&quot;meditation_workout&quot;,Default)" computerName="cursor" duration="00:00:00.0063040" startTime="2025-07-04T17:29:29.3697447+00:00" endTime="2025-07-04T17:29:29.3760476+00:00" testType="13cdc9d9-ddb5-4fa4-a97d-d965ccfc6d4b" outcome="Passed" testListId="8c84fa94-04c1-424b-9868-57a2d4851a1d" relativeResultsDirectory="6c94c172-ab28-45e4-9025-37a5857eb4e9" />
    <UnitTestResult executionId="1943d921-ef89-49bb-a667-cc233454cf25" testId="2d3d484c-8b55-579a-c941-c9464c7510dc" testName="Fit_Converter_Creates_Valid_Fit(&quot;cycling_just_ride&quot;,Distance)" computerName="cursor" duration="00:00:00.0103290" startTime="2025-07-04T17:29:29.5955944+00:00" endTime="2025-07-04T17:29:29.6059235+00:00" testType="13cdc9d9-ddb5-4fa4-a97d-d965ccfc6d4b" outcome="Passed" testListId="8c84fa94-04c1-424b-9868-57a2d4851a1d" relativeResultsDirectory="1943d921-ef89-49bb-a667-cc233454cf25" />
    <UnitTestResult executionId="208eca59-f356-4a95-b8e2-afbac94999e0" testId="728f4fce-f778-2925-5f0d-e4e53c001ad6" testName="SendCredentialsAsync_WhenHttpRequestFails_ShouldThrowException" computerName="cursor" duration="00:00:00.0019980" startTime="2025-07-04T17:29:30.1397096+00:00" endTime="2025-07-04T17:29:30.1417069+00:00" testType="13cdc9d9-ddb5-4fa4-a97d-d965ccfc6d4b" outcome="Passed" testListId="8c84fa94-04c1-424b-9868-57a2d4851a1d" relativeResultsDirectory="208eca59-f356-4a95-b8e2-afbac94999e0" />
    <UnitTestResult executionId="756f413f-a6c8-4769-a557-cae564ec2a5e" testId="66af6f1d-987a-6930-1999-0967188f94d7" testName="SyncAsync_When_SyncSuccessful_CreatedResult_Returned" computerName="cursor" duration="00:00:00.0029470" startTime="2025-07-04T17:29:28.7841367+00:00" endTime="2025-07-04T17:29:28.7870831+00:00" testType="13cdc9d9-ddb5-4fa4-a97d-d965ccfc6d4b" outcome="Passed" testListId="8c84fa94-04c1-424b-9868-57a2d4851a1d" relativeResultsDirectory="756f413f-a6c8-4769-a557-cae564ec2a5e" />
    <UnitTestResult executionId="b4920c8b-22d7-498f-bfa9-05f4be21c489" testId="7cd229c5-2548-c467-2e74-7fe0bb091375" testName="Fit_Converter_Creates_Valid_Fit(&quot;row_bootcamp&quot;,Default)" computerName="cursor" duration="00:00:00.0403890" startTime="2025-07-04T17:29:29.5154299+00:00" endTime="2025-07-04T17:29:29.5558177+00:00" testType="13cdc9d9-ddb5-4fa4-a97d-d965ccfc6d4b" outcome="Passed" testListId="8c84fa94-04c1-424b-9868-57a2d4851a1d" relativeResultsDirectory="b4920c8b-22d7-498f-bfa9-05f4be21c489" />
    <UnitTestResult executionId="2fa4707c-faf2-4b36-85d5-233bfe0d0012" testId="a869e792-ca4e-5496-f380-4de04c793554" testName="SyncAsync_When_SyncErrors_MapsErrorsCorrectly" computerName="cursor" duration="00:00:00.0063470" startTime="2025-07-04T17:29:28.7777483+00:00" endTime="2025-07-04T17:29:28.7840943+00:00" testType="13cdc9d9-ddb5-4fa4-a97d-d965ccfc6d4b" outcome="Passed" testListId="8c84fa94-04c1-424b-9868-57a2d4851a1d" relativeResultsDirectory="2fa4707c-faf2-4b36-85d5-233bfe0d0012" />
    <UnitTestResult executionId="75ee2036-a513-41cb-abd0-2597fa4894d7" testId="6fb834a5-79fd-9861-a797-b2a3f40a7fc1" testName="GetCyclingFtp_Should_PickCorrectValue(null,UserData { Cycling_Ftp_Source = Ftp_Manual_Source, Cycling_Workout_Ftp = 2, Cycling_Ftp_Workout_Id = , Cycling_Ftp = 100, Estimated_Cycling_Ftp = 3, Default_Max_Heart_Rate = 0, Customized_Max_Heart_Rate = 0, Weight = 0 },95)" computerName="cursor" duration="00:00:00.0000240" startTime="2025-07-04T17:29:29.1341223+00:00" endTime="2025-07-04T17:29:29.1341462+00:00" testType="13cdc9d9-ddb5-4fa4-a97d-d965ccfc6d4b" outcome="Passed" testListId="8c84fa94-04c1-424b-9868-57a2d4851a1d" relativeResultsDirectory="75ee2036-a513-41cb-abd0-2597fa4894d7" />
    <UnitTestResult executionId="167989dd-f19d-4c40-85d9-b8bf8f423295" testId="1ae52073-2009-2389-a5ed-134b4adf8ca2" testName="GetCustomDeviceInfoAsync_Choose_CorrectDevice_For_WorkoutType(OutdoorRunning)" computerName="cursor" duration="00:00:00.0002720" startTime="2025-07-04T17:29:29.0095573+00:00" endTime="2025-07-04T17:29:29.0098296+00:00" testType="13cdc9d9-ddb5-4fa4-a97d-d965ccfc6d4b" outcome="Passed" testListId="8c84fa94-04c1-424b-9868-57a2d4851a1d" relativeResultsDirectory="167989dd-f19d-4c40-85d9-b8bf8f423295" />
    <UnitTestResult executionId="33c24e24-225b-44fd-ab96-2d2626a38d97" testId="1978ec45-4e84-e3eb-ebd3-2cd3bcac1f3f" testName="TryDeserializeXml_ReturnsFalse_ForInvalidFile" computerName="cursor" duration="00:00:00.0052930" startTime="2025-07-04T17:29:28.9654726+00:00" endTime="2025-07-04T17:29:28.9707656+00:00" testType="13cdc9d9-ddb5-4fa4-a97d-d965ccfc6d4b" outcome="Passed" testListId="8c84fa94-04c1-424b-9868-57a2d4851a1d" relativeResultsDirectory="33c24e24-225b-44fd-ab96-2d2626a38d97" />
    <UnitTestResult executionId="02371e5c-9e92-4ad2-9a9f-adbf0bc091c5" testId="5f6a6389-07d6-acb2-15d5-0ce5fd448a5f" testName="GetCustomDeviceInfoAsync_Choose_CorrectDevice_For_WorkoutType(None)" computerName="cursor" duration="00:00:00.0112430" startTime="2025-07-04T17:29:28.9961323+00:00" endTime="2025-07-04T17:29:29.0073751+00:00" testType="13cdc9d9-ddb5-4fa4-a97d-d965ccfc6d4b" outcome="Passed" testListId="8c84fa94-04c1-424b-9868-57a2d4851a1d" relativeResultsDirectory="02371e5c-9e92-4ad2-9a9f-adbf0bc091c5" />
    <UnitTestResult executionId="12d1f1fd-667b-418f-9c5f-3f2525c5e201" testId="bc5b7814-7239-6a17-05e6-e4323f646ac3" testName="UploadActivity_WhenFileAlreadyExists_ShouldHandleGracefully" computerName="cursor" duration="00:00:00.0105920" startTime="2025-07-04T17:29:30.1541576+00:00" endTime="2025-07-04T17:29:30.1647495+00:00" testType="13cdc9d9-ddb5-4fa4-a97d-d965ccfc6d4b" outcome="Passed" testListId="8c84fa94-04c1-424b-9868-57a2d4851a1d" relativeResultsDirectory="12d1f1fd-667b-418f-9c5f-3f2525c5e201" />
    <UnitTestResult executionId="1aa036b1-dc94-48ff-8077-5e8df28b1ada" testId="a9cdeb2a-c214-4411-5768-e37d7c76a1f4" testName="Constructor_ShouldInitializeCorrectly" computerName="cursor" duration="00:00:00.0022610" startTime="2025-07-04T17:29:30.0529043+00:00" endTime="2025-07-04T17:29:30.0551650+00:00" testType="13cdc9d9-ddb5-4fa4-a97d-d965ccfc6d4b" outcome="Passed" testListId="8c84fa94-04c1-424b-9868-57a2d4851a1d" relativeResultsDirectory="1aa036b1-dc94-48ff-8077-5e8df28b1ada" />
    <UnitTestResult executionId="b15b391d-8588-4f6a-a19d-474b5844d1c6" testId="f07ec14b-f484-ba9b-8269-66d16c50ab95" testName="GetOAuth1TokenAsync_WhenNetworkError_ShouldThrowException" computerName="cursor" duration="00:00:00.0010740" startTime="2025-07-04T17:29:30.1250474+00:00" endTime="2025-07-04T17:29:30.1261214+00:00" testType="13cdc9d9-ddb5-4fa4-a97d-d965ccfc6d4b" outcome="Passed" testListId="8c84fa94-04c1-424b-9868-57a2d4851a1d" relativeResultsDirectory="b15b391d-8588-4f6a-a19d-474b5844d1c6" />
    <UnitTestResult executionId="c3056464-20c0-4120-837d-27ef415bcbf8" testId="565ea594-4a42-bf6a-d49f-4c5ca7b4f7af" testName="Converter_Should_Provide_Formt_of_TCX" computerName="cursor" duration="00:00:00.0002709" startTime="2025-07-04T17:29:30.0505022+00:00" endTime="2025-07-04T17:29:30.0507730+00:00" testType="13cdc9d9-ddb5-4fa4-a97d-d965ccfc6d4b" outcome="Passed" testListId="8c84fa94-04c1-424b-9868-57a2d4851a1d" relativeResultsDirectory="c3056464-20c0-4120-837d-27ef415bcbf8" />
    <UnitTestResult executionId="48731575-b03c-498a-aad2-ec7a65005451" testId="d3e023bb-a976-a14d-a18c-f7444af4c631" testName="GetAvgSpeedMetersPerSecond_MaxSpeed_Is_Converted(&quot;km&quot;)" computerName="cursor" duration="00:00:00.0000370" startTime="2025-07-04T17:29:29.1298929+00:00" endTime="2025-07-04T17:29:29.1299302+00:00" testType="13cdc9d9-ddb5-4fa4-a97d-d965ccfc6d4b" outcome="Passed" testListId="8c84fa94-04c1-424b-9868-57a2d4851a1d" relativeResultsDirectory="48731575-b03c-498a-aad2-ec7a65005451" />
    <UnitTestResult executionId="eb5185a5-97e2-4246-a83c-9d77efe255bf" testId="429fc958-a7fd-e403-2f76-5f49eab150a7" testName="GetOutputSummary_Metrics_ReturnsNull" computerName="cursor" duration="00:00:00.0000870" startTime="2025-07-04T17:29:29.1390042+00:00" endTime="2025-07-04T17:29:29.1390916+00:00" testType="13cdc9d9-ddb5-4fa4-a97d-d965ccfc6d4b" outcome="Passed" testListId="8c84fa94-04c1-424b-9868-57a2d4851a1d" relativeResultsDirectory="eb5185a5-97e2-4246-a83c-9d77efe255bf" />
    <UnitTestResult executionId="72951f01-3863-4a28-b821-3cd0107c6ebd" testId="d1c64d1a-1824-50d1-0539-5ceed713d1a6" testName="PagingResponseBase_Calculates_HasPrevious_Correctly(-1)" computerName="cursor" duration="00:00:00.0001180" startTime="2025-07-04T17:29:28.8665552+00:00" endTime="2025-07-04T17:29:28.8666730+00:00" testType="13cdc9d9-ddb5-4fa4-a97d-d965ccfc6d4b" outcome="Passed" testListId="8c84fa94-04c1-424b-9868-57a2d4851a1d" relativeResultsDirectory="72951f01-3863-4a28-b821-3cd0107c6ebd" />
    <UnitTestResult executionId="4eb60293-256c-487a-ad36-99fce7aa9154" testId="37ef04ad-f698-694b-d165-3e43c8009b4c" testName="ShouldConvert_ShouldOnly_Support_TCX(False,True,False)" computerName="cursor" duration="00:00:00.0000270" startTime="2025-07-04T17:29:30.0526751+00:00" endTime="2025-07-04T17:29:30.0527022+00:00" testType="13cdc9d9-ddb5-4fa4-a97d-d965ccfc6d4b" outcome="Passed" testListId="8c84fa94-04c1-424b-9868-57a2d4851a1d" relativeResultsDirectory="4eb60293-256c-487a-ad36-99fce7aa9154" />
    <UnitTestResult executionId="efcffef7-6faa-4e9e-8353-ccd659657f67" testId="fbcd2a36-e717-107e-8eb0-27790465b365" testName="PelotonPost_With_PasswordChange_Should_Validate_Characters(&quot;a\\a&quot;)" computerName="cursor" duration="00:00:00.0001130" startTime="2025-07-04T17:29:28.8517600+00:00" endTime="2025-07-04T17:29:28.8518729+00:00" testType="13cdc9d9-ddb5-4fa4-a97d-d965ccfc6d4b" outcome="Passed" testListId="8c84fa94-04c1-424b-9868-57a2d4851a1d" relativeResultsDirectory="efcffef7-6faa-4e9e-8353-ccd659657f67" />
    <UnitTestResult executionId="07bcaf7a-b103-4a9a-ace7-4204f3084b1c" testId="4de5a3ab-393d-8d27-6e98-fe3a6c94c715" testName="GetWorkoutType_Should_Map_Correctly(Meditation,True)" computerName="cursor" duration="00:00:00.0000040" startTime="2025-07-04T17:29:28.8921823+00:00" endTime="2025-07-04T17:29:28.8921867+00:00" testType="13cdc9d9-ddb5-4fa4-a97d-d965ccfc6d4b" outcome="Passed" testListId="8c84fa94-04c1-424b-9868-57a2d4851a1d" relativeResultsDirectory="07bcaf7a-b103-4a9a-ace7-4204f3084b1c" />
    <UnitTestResult executionId="923c4cef-d02d-48d0-9eeb-e82c301c51f7" testId="f71c24be-a83b-8f80-8fa8-303d407e89a5" testName="SyncAsync_With_NullRequest_Returns400" computerName="cursor" duration="00:00:00.0009740" startTime="2025-07-04T17:29:28.7938000+00:00" endTime="2025-07-04T17:29:28.7947739+00:00" testType="13cdc9d9-ddb5-4fa4-a97d-d965ccfc6d4b" outcome="Passed" testListId="8c84fa94-04c1-424b-9868-57a2d4851a1d" relativeResultsDirectory="923c4cef-d02d-48d0-9eeb-e82c301c51f7" />
    <UnitTestResult executionId="3a6527d2-4ab3-48b0-a2ff-c586c488df88" testId="53c94778-6304-3468-47d9-789a07277d4e" testName="GetTitle_NullInstructorName_ShouldReturn_EmptyInstructorName" computerName="cursor" duration="00:00:00.0032390" startTime="2025-07-04T17:29:29.0904894+00:00" endTime="2025-07-04T17:29:29.0937278+00:00" testType="13cdc9d9-ddb5-4fa4-a97d-d965ccfc6d4b" outcome="Passed" testListId="8c84fa94-04c1-424b-9868-57a2d4851a1d" relativeResultsDirectory="3a6527d2-4ab3-48b0-a2ff-c586c488df88" />
    <UnitTestResult executionId="4a6ccd2f-0ad5-4a9a-af81-10656c2d705a" testId="4ffa1572-3a75-3e1d-b438-49c773bd05f6" testName="Fit_Converter_Creates_Valid_Fit(&quot;running_workout_no_metrics&quot;,Class_Targets)" computerName="cursor" duration="00:00:00.0123050" startTime="2025-07-04T17:29:30.0160317+00:00" endTime="2025-07-04T17:29:30.0283358+00:00" testType="13cdc9d9-ddb5-4fa4-a97d-d965ccfc6d4b" outcome="Passed" testListId="8c84fa94-04c1-424b-9868-57a2d4851a1d" relativeResultsDirectory="4a6ccd2f-0ad5-4a9a-af81-10656c2d705a" />
[...]
    <TestEntry testId="679ffb1f-722e-7511-f018-537de05ea402" executionId="e30f2736-3ac8-4fb6-a91a-329bc2a61358" testListId="8c84fa94-04c1-424b-9868-57a2d4851a1d" />
    <TestEntry testId="55d81d83-ae6f-5c82-491d-0516e9bcf5dc" executionId="fc4992e4-8c65-4d29-84b6-8275290ce47a" testListId="8c84fa94-04c1-424b-9868-57a2d4851a1d" />
    <TestEntry testId="e1d0126b-b39a-acb2-ae40-940004ffe5c5" executionId="93c369cb-1861-4560-a368-e21bf7b0dd99" testListId="8c84fa94-04c1-424b-9868-57a2d4851a1d" />
    <TestEntry testId="cf6a5e91-b6c6-bade-9fde-1592fb81767c" executionId="59fdce4c-f513-4190-b09a-c8822d7ed1ad" testListId="8c84fa94-04c1-424b-9868-57a2d4851a1d" />
    <TestEntry testId="bf5d0f26-4b57-cc96-473d-c81ac6338dbd" executionId="f6a6e70b-af76-4bcf-b7bd-041f846731cd" testListId="8c84fa94-04c1-424b-9868-57a2d4851a1d" />
    <TestEntry testId="ea068faa-b980-f2dc-c742-45ace51c445c" executionId="82437819-315c-47a8-a55c-31a17bfc0901" testListId="8c84fa94-04c1-424b-9868-57a2d4851a1d" />
    <TestEntry testId="a1d5e58e-a3ed-a811-2f4a-39a63b26814e" executionId="c7b76b71-1b0a-45d1-94c4-7a6721d42531" testListId="8c84fa94-04c1-424b-9868-57a2d4851a1d" />
    <TestEntry testId="71aea8d5-c18d-517a-2cea-5643906a4fa3" executionId="20c7beda-a477-43b8-8374-dd2bbfb1c8db" testListId="8c84fa94-04c1-424b-9868-57a2d4851a1d" />
    <TestEntry testId="87f4e6d4-66fb-500c-9d11-749fffc87395" executionId="a2b90f3f-7d99-41d0-af2e-dc4f380d22cd" testListId="8c84fa94-04c1-424b-9868-57a2d4851a1d" />
    <TestEntry testId="bb678a6e-ec56-e1f0-69a7-ebac1a815aec" executionId="d815b697-4526-4658-8ac6-b80991cd2969" testListId="8c84fa94-04c1-424b-9868-57a2d4851a1d" />
    <TestEntry testId="a178e1ae-b739-289c-cb62-4f110533d67d" executionId="165a61ee-29db-4490-943a-9dffd80402bd" testListId="8c84fa94-04c1-424b-9868-57a2d4851a1d" />
    <TestEntry testId="9ee0eb13-c27d-9b0c-f2f4-4561c0a9350e" executionId="60f613f8-4d91-4800-9906-eae742b24316" testListId="8c84fa94-04c1-424b-9868-57a2d4851a1d" />
    <TestEntry testId="56d0afaf-76a6-7c86-ed21-bf77bbeda613" executionId="4cbc846b-3199-4b1d-9693-dcc6aba3888f" testListId="8c84fa94-04c1-424b-9868-57a2d4851a1d" />
    <TestEntry testId="f2bcf158-9919-42e4-ef05-c6cf5779c5ea" executionId="370754e9-c4e8-4808-bc6e-4e85ad05b015" testListId="8c84fa94-04c1-424b-9868-57a2d4851a1d" />
    <TestEntry testId="d6dde4b8-a4fc-4b5b-9a35-fb6803cc084a" executionId="2864ca20-d74d-4555-83f7-e8d0852ad7a5" testListId="8c84fa94-04c1-424b-9868-57a2d4851a1d" />
    <TestEntry testId="158d33c8-f8b3-d476-4077-60af83bd7d25" executionId="241938ae-2ed7-498c-8728-711d1d122063" testListId="8c84fa94-04c1-424b-9868-57a2d4851a1d" />
    <TestEntry testId="47afcd5b-fcc7-5518-3629-dc9b20fc97f8" executionId="36e79a73-2880-4e16-9092-8afcb2b6be4b" testListId="8c84fa94-04c1-424b-9868-57a2d4851a1d" />
    <TestEntry testId="4e963c65-d36b-621f-1e27-b7f2f0cf1013" executionId="43af45d0-c309-4e2e-ae3b-91b235c67e5a" testListId="8c84fa94-04c1-424b-9868-57a2d4851a1d" />
    <TestEntry testId="15d3c971-2e43-ba8e-f944-5da63daf7120" executionId="e1330764-7d24-4436-ad12-6fe2ea78f486" testListId="8c84fa94-04c1-424b-9868-57a2d4851a1d" />
    <TestEntry testId="7e6b377b-da80-8660-0cbe-f8207030359e" executionId="8047eec7-c862-45f4-b967-552b86447cd6" testListId="8c84fa94-04c1-424b-9868-57a2d4851a1d" />
    <TestEntry testId="aebb9ddd-1d97-2234-36d0-61927d26000e" executionId="4e4bc0ff-3cdf-44f5-bf61-682636d911f1" testListId="8c84fa94-04c1-424b-9868-57a2d4851a1d" />
    <TestEntry testId="c209169f-c260-b2d7-77d6-1ccf7f97823e" executionId="dae228f0-f852-4e03-bc20-8fdea1fcef48" testListId="8c84fa94-04c1-424b-9868-57a2d4851a1d" />
    <TestEntry testId="47acaf49-109d-c29f-0b5f-3e98c6129300" executionId="7c089c9a-4f40-4a12-ab3a-ab3aa72d79bb" testListId="8c84fa94-04c1-424b-9868-57a2d4851a1d" />
    <TestEntry testId="6e4b6c2a-3582-c29a-4c4c-dbd15b49106a" executionId="fdbc0248-ba34-4516-b97e-abc9ca1d49d9" testListId="8c84fa94-04c1-424b-9868-57a2d4851a1d" />
    <TestEntry testId="cb68c355-6bfa-b011-745e-3a9f50b6a807" executionId="e1d5199e-ec5b-45b6-9b3d-ffe57466bdef" testListId="8c84fa94-04c1-424b-9868-57a2d4851a1d" />
    <TestEntry testId="23695267-b094-249b-9a8b-1f82094383de" executionId="81dde857-bdf9-41a1-b6ab-b85ed24b783b" testListId="8c84fa94-04c1-424b-9868-57a2d4851a1d" />
    <TestEntry testId="f226df2c-240f-9fcd-e75b-e44c9a490cf6" executionId="bd1c0d89-a771-49b5-8600-0abd2be3fec8" testListId="8c84fa94-04c1-424b-9868-57a2d4851a1d" />
    <TestEntry testId="444cca3b-2483-9d7e-d765-ff03f8236c9a" executionId="a50ca879-245b-4570-ac63-c5d1224c52f5" testListId="8c84fa94-04c1-424b-9868-57a2d4851a1d" />
    <TestEntry testId="1e9d0621-8305-7828-af7a-409a8880fdd4" executionId="86c91261-1d3c-41bc-b61a-92fb3b5c6185" testListId="8c84fa94-04c1-424b-9868-57a2d4851a1d" />
    <TestEntry testId="0fab622d-92a1-c592-acf0-a508c8f3d4d8" executionId="0a011b6d-c2cf-4470-8c00-b5bcee7ebdc7" testListId="8c84fa94-04c1-424b-9868-57a2d4851a1d" />
    <TestEntry testId="f998499a-614e-ff27-ca3d-a560deec8923" executionId="dc23ccd3-7213-4072-b462-82fdb8ebce97" testListId="8c84fa94-04c1-424b-9868-57a2d4851a1d" />
    <TestEntry testId="248d5f3f-97e6-5c8e-3113-984eb4fab62a" executionId="87a5cc09-73c6-440e-9b59-e778588161c8" testListId="8c84fa94-04c1-424b-9868-57a2d4851a1d" />
    <TestEntry testId="37b43e18-8176-d931-8f8a-96c2aeceb9ed" executionId="e2ad00de-6cdb-4e05-8195-49674cb83671" testListId="8c84fa94-04c1-424b-9868-57a2d4851a1d" />
    <TestEntry testId="0153e39d-fc01-401a-b752-5ada10912238" executionId="a42e0659-5cff-40c3-a9c2-67dcee1a4344" testListId="8c84fa94-04c1-424b-9868-57a2d4851a1d" />
    <TestEntry testId="de7c1bd0-e537-ab61-88d4-75704e53fc67" executionId="74adf389-a761-4593-8ff8-9c84e25f258b" testListId="8c84fa94-04c1-424b-9868-57a2d4851a1d" />
    <TestEntry testId="8070e7f7-7d02-726a-bebc-3ef7eedf5c14" executionId="b6b43108-6745-4ed8-899e-13dea4a9f292" testListId="8c84fa94-04c1-424b-9868-57a2d4851a1d" />
    <TestEntry testId="d8e78bed-195a-a7d5-9244-e8397f3f093b" executionId="2f67b82f-e8e1-4ada-be95-1d915e8767bd" testListId="8c84fa94-04c1-424b-9868-57a2d4851a1d" />
    <TestEntry testId="325e81e6-f19d-b36c-9db6-e10f9c478eae" executionId="fe3c6166-ff79-4076-aa3c-f6beaf5bf3c5" testListId="8c84fa94-04c1-424b-9868-57a2d4851a1d" />
    <TestEntry testId="47afcd5b-fcc7-5518-3629-dc9b20fc97f8" executionId="5865332d-8c23-4c3d-9585-6526df0f5be3" testListId="8c84fa94-04c1-424b-9868-57a2d4851a1d" />
    <TestEntry testId="d673f751-f8e9-a52d-95f0-a6dc176b75a2" executionId="f83ce141-3f29-468c-9038-6fab412dee6d" testListId="8c84fa94-04c1-424b-9868-57a2d4851a1d" />
    <TestEntry testId="0cc7f3aa-f0d7-1b81-ab81-fbb4b82c74b0" executionId="f9d820dd-9b2c-4944-97ed-c85291598fe3" testListId="8c84fa94-04c1-424b-9868-57a2d4851a1d" />
    <TestEntry testId="907383d2-f552-bfad-d91c-b70280b356e5" executionId="423205dd-7efc-44fa-883f-45232429b30d" testListId="8c84fa94-04c1-424b-9868-57a2d4851a1d" />
    <TestEntry testId="eab8ebf0-54b4-13a2-2fb5-0a38dd3299e0" executionId="05588efe-0462-4225-96bf-8b8a51e1d66d" testListId="8c84fa94-04c1-424b-9868-57a2d4851a1d" />
    <TestEntry testId="0d49088f-ad55-4dcc-dc87-46d098412d72" executionId="a13a8172-ec0f-4615-b20f-f7aed46c58b2" testListId="8c84fa94-04c1-424b-9868-57a2d4851a1d" />
    <TestEntry testId="f74f384c-4e55-794f-cd70-dd0147c8016d" executionId="a1bde494-9904-4126-b32b-5f6f06831857" testListId="8c84fa94-04c1-424b-9868-57a2d4851a1d" />
    <TestEntry testId="8e269da5-325f-ca5e-095b-9a4d9a0d799a" executionId="19802e0d-0637-4a6a-a4b2-1582de7ba98d" testListId="8c84fa94-04c1-424b-9868-57a2d4851a1d" />
    <TestEntry testId="16d66a0a-e4b5-459c-2bd6-a4f61ac608f2" executionId="92e61c45-b156-4d95-9148-90a5a4c87100" testListId="8c84fa94-04c1-424b-9868-57a2d4851a1d" />
    <TestEntry testId="8f5bf70f-be13-6e2e-64a8-60d4a77e8f0b" executionId="35230cc7-68b9-4185-9132-e5cba0bedbd8" testListId="8c84fa94-04c1-424b-9868-57a2d4851a1d" />
    <TestEntry testId="d26bb60f-4042-678a-8d98-9cd1fa6f6343" executionId="5ba9d136-94c8-46c0-9d07-fb5f0d986d62" testListId="8c84fa94-04c1-424b-9868-57a2d4851a1d" />
    <TestEntry testId="d0f98705-cec5-e3e1-c3a7-f7355b9a5565" executionId="b1546e14-633c-4f99-b24b-93137ef980b2" testListId="8c84fa94-04c1-424b-9868-57a2d4851a1d" />
    <TestEntry testId="a4c1e622-b9e9-1738-8d8d-b3c7003ffb3a" executionId="7e6fb7f2-a9c0-430c-b130-b9445c4d3f49" testListId="8c84fa94-04c1-424b-9868-57a2d4851a1d" />
    <TestEntry testId="4b0481dc-3b3e-c8ad-e505-7f7ffc1d55a6" executionId="c105320d-23ab-4d96-824d-b9bc7700cdf0" testListId="8c84fa94-04c1-424b-9868-57a2d4851a1d" />
    <TestEntry testId="e10d7093-8250-8624-4561-2fb755fc56c8" executionId="20d49b3a-26c2-43b2-90b9-45b7b1d3c169" testListId="8c84fa94-04c1-424b-9868-57a2d4851a1d" />
    <TestEntry testId="61a66b7d-f265-2ce8-5c72-363964efc937" executionId="8df13cc0-744b-4cba-8230-2f02f1639e03" testListId="8c84fa94-04c1-424b-9868-57a2d4851a1d" />
    <TestEntry testId="0ea8ad0c-ed07-87f6-0eb9-ade3155648fe" executionId="c82614ac-dae0-4ea9-b591-a490910d49b1" testListId="8c84fa94-04c1-424b-9868-57a2d4851a1d" />
    <TestEntry testId="8716127c-0e51-41f8-96b4-cad13ac9e6a4" executionId="19720db4-2ed7-4c6f-86d1-fc91ac6c2d21" testListId="8c84fa94-04c1-424b-9868-57a2d4851a1d" />
    <TestEntry testId="d8d0fb80-4630-f911-4fbb-f279e3c0cfe1" executionId="1fe5694d-1a2a-4c02-b42e-a24e61d78cb9" testListId="8c84fa94-04c1-424b-9868-57a2d4851a1d" />
    <TestEntry testId="5a65731b-e389-699c-d05f-1f40d4727ede" executionId="82ca4058-e14b-411f-8d2c-040669813dcc" testListId="8c84fa94-04c1-424b-9868-57a2d4851a1d" />
    <TestEntry testId="582f0edc-f793-49fc-2dc3-b59b6fef13d9" executionId="9bf47594-721e-462a-9b3f-451075203910" testListId="8c84fa94-04c1-424b-9868-57a2d4851a1d" />
    <TestEntry testId="33a938f8-788a-de06-241a-889d0de1de0c" executionId="55a09223-6bce-448b-8efa-b6cf35edd798" testListId="8c84fa94-04c1-424b-9868-57a2d4851a1d" />
    <TestEntry testId="14118ba1-3e16-0557-a7d6-67329481bdad" executionId="c119f61f-4ac2-4cad-b800-8ea3c68ddd4c" testListId="8c84fa94-04c1-424b-9868-57a2d4851a1d" />
    <TestEntry testId="1c161d40-6f81-55f6-2fc5-a2aaa91db134" executionId="c5f51f62-aff2-4dfa-9d7e-5376116b1899" testListId="8c84fa94-04c1-424b-9868-57a2d4851a1d" />
    <TestEntry testId="84af200d-9d36-ed38-e025-4b0e8e917d1d" executionId="ebf5720e-dce4-415d-a750-3076d5cb8a86" testListId="8c84fa94-04c1-424b-9868-57a2d4851a1d" />
    <TestEntry testId="4e26259a-1b02-586b-082a-b53c071413ff" executionId="5f4240eb-e735-4861-b9f3-d1de69f5a9b2" testListId="8c84fa94-04c1-424b-9868-57a2d4851a1d" />
    <TestEntry testId="d6ffb23b-d252-950e-a23f-43e134c5b351" executionId="abe46976-c8aa-4131-96fe-e8e024ca6262" testListId="8c84fa94-04c1-424b-9868-57a2d4851a1d" />
    <TestEntry testId="b6e623d2-bfed-d470-04c8-e1e9dee410eb" executionId="ce8e1463-5c65-4745-b0a6-80d741dd0b06" testListId="8c84fa94-04c1-424b-9868-57a2d4851a1d" />
    <TestEntry testId="0f29f4e4-be56-e99f-0bcd-8a56163a2b98" executionId="68ab3ea5-9ded-4abf-92e4-18c6b269c0d1" testListId="8c84fa94-04c1-424b-9868-57a2d4851a1d" />
    <TestEntry testId="7cafaab9-88ea-6550-36c3-d0f55dd10b21" executionId="024f9670-0b90-429d-8829-e147b762e966" testListId="8c84fa94-04c1-424b-9868-57a2d4851a1d" />
    <TestEntry testId="74ea4b73-2f76-e3b1-713c-9658c7474e5f" executionId="eb657029-b62b-4bc9-a39d-8d4c01638782" testListId="8c84fa94-04c1-424b-9868-57a2d4851a1d" />
    <TestEntry testId="28fe3ef7-2f7a-190c-208d-bca61bfd040b" executionId="04224fc6-1a6a-4228-983d-efff089e77bf" testListId="8c84fa94-04c1-424b-9868-57a2d4851a1d" />
    <TestEntry testId="6bd02653-e5f0-d4ef-1cd6-21d55dd9399e" executionId="0ceb4980-ed49-4ac9-b900-49e10d730139" testListId="8c84fa94-04c1-424b-9868-57a2d4851a1d" />
    <TestEntry testId="b5e89cb9-a5d1-e7dc-d10c-4ca766a33e40" executionId="ce264d96-8b47-4956-a023-0deff74cb8b8" testListId="8c84fa94-04c1-424b-9868-57a2d4851a1d" />
    <TestEntry testId="fb28f6cb-0e0f-b5bd-5e90-b786682a6b3b" executionId="0b9feb13-da37-4504-9982-54bd6b3582d2" testListId="8c84fa94-04c1-424b-9868-57a2d4851a1d" />
    <TestEntry testId="ca9219fd-27b5-f98f-69d6-f4a236265e4f" executionId="02b6a1a0-093d-4ee4-901b-0277d9554316" testListId="8c84fa94-04c1-424b-9868-57a2d4851a1d" />
    <TestEntry testId="b85c7baf-4670-5ecd-1ba1-7b3cc41cf1dd" executionId="2733adc2-3220-4094-a514-93aa7a83ad0e" testListId="8c84fa94-04c1-424b-9868-57a2d4851a1d" />
    <TestEntry testId="7d3f3bee-187c-5af5-8058-bf14cf827929" executionId="f5e1cf06-33cc-4c37-9ddc-3d69a7fb549d" testListId="8c84fa94-04c1-424b-9868-57a2d4851a1d" />
    <TestEntry testId="d7a6f086-e375-76ac-3b77-3efb22d2def2" executionId="3b10deab-23cb-47a5-b063-5613bc2c43c7" testListId="8c84fa94-04c1-424b-9868-57a2d4851a1d" />
    <TestEntry testId="63256dc5-2444-bcdb-2f15-307be7ebfed3" executionId="7e95dbb6-62e7-4774-8c0f-202bd16a3864" testListId="8c84fa94-04c1-424b-9868-57a2d4851a1d" />
    <TestEntry testId="35f78f67-27d9-c541-c70a-00c7dcd82935" executionId="5192c89c-9394-40df-9d39-b9800a9c43c1" testListId="8c84fa94-04c1-424b-9868-57a2d4851a1d" />
    <TestEntry testId="06849b64-2154-b087-5109-18de9574906c" executionId="5e103b39-f0b0-42e7-b827-a14bebdd5134" testListId="8c84fa94-04c1-424b-9868-57a2d4851a1d" />
    <TestEntry testId="1f11f397-ee55-128c-cbfe-d24a76ba64fc" executionId="225087bc-b7f1-4cae-ac66-59ff8e9eb347" testListId="8c84fa94-04c1-424b-9868-57a2d4851a1d" />
    <TestEntry testId="2f7de2c0-2199-52d5-03cd-31fe9d35742e" executionId="96eda3a0-8de7-4180-82b6-cf1eb74818e2" testListId="8c84fa94-04c1-424b-9868-57a2d4851a1d" />
    <TestEntry testId="b3d2bc06-5cb0-6cbe-2dac-a17793a45748" executionId="51532f44-afaf-4ac5-b3f0-a44d35146ea3" testListId="8c84fa94-04c1-424b-9868-57a2d4851a1d" />
    <TestEntry testId="37e94512-8bbc-a900-5e2e-69ba1c2e30ce" executionId="3707a729-d3f5-4ded-9137-60c1cdafa219" testListId="8c84fa94-04c1-424b-9868-57a2d4851a1d" />
    <TestEntry testId="249fb9cf-a2bf-c28f-b9d5-4ef4a23d459c" executionId="c30b0205-a4be-4b21-88ab-ce3c6f2d1b35" testListId="8c84fa94-04c1-424b-9868-57a2d4851a1d" />
    <TestEntry testId="034c6664-ed87-1aef-6400-fd4f2563e44c" executionId="f2ed4659-72c1-4446-ba21-ea7faf2b653d" testListId="8c84fa94-04c1-424b-9868-57a2d4851a1d" />
    <TestEntry testId="4c5deca3-bfe9-0cf7-1731-7958d4bb8efe" executionId="9f533514-02b3-4cc5-b125-2ff6f1b6b267" testListId="8c84fa94-04c1-424b-9868-57a2d4851a1d" />
    <TestEntry testId="f71539d0-9988-91d1-71c5-d86493ed2948" executionId="a0d5d3eb-c420-4ce2-9adc-d37834362157" testListId="8c84fa94-04c1-424b-9868-57a2d4851a1d" />
    <TestEntry testId="5ff971c1-c71d-1ccf-c287-9ba289350e84" executionId="59df9b1d-f710-44bf-a491-30118c8e70a3" testListId="8c84fa94-04c1-424b-9868-57a2d4851a1d" />
    <TestEntry testId="e501a9f8-54f7-a0b0-cbb5-51ae0bc08f12" executionId="0091fd41-e839-4913-9aaf-e88c3e74907e" testListId="8c84fa94-04c1-424b-9868-57a2d4851a1d" />
    <TestEntry testId="e628d5a0-58b3-df88-8b9f-ebc0640b6406" executionId="a1ad3fbe-618b-48ef-a752-0f12ccfed45b" testListId="8c84fa94-04c1-424b-9868-57a2d4851a1d" />
    <TestEntry testId="c1342d3f-cfe5-2a38-0aa5-5bb1dded60d1" executionId="62f258b5-b54f-48c9-b149-6b4b4086968c" testListId="8c84fa94-04c1-424b-9868-57a2d4851a1d" />
    <TestEntry testId="faa5ccad-3cf9-51a2-6991-e547e18a1011" executionId="1a8381fa-f6ee-4055-84bf-5c58332bd5ad" testListId="8c84fa94-04c1-424b-9868-57a2d4851a1d" />
    <TestEntry testId="765355bb-85aa-5089-57c0-fceb33f00719" executionId="7b3cb5eb-b5c5-48af-8b5e-a2489724f4de" testListId="8c84fa94-04c1-424b-9868-57a2d4851a1d" />
    <TestEntry testId="8c732e17-fb21-60bf-dc33-2081987c6946" executionId="d3996a64-032c-4806-88cc-e7602137039c" testListId="8c84fa94-04c1-424b-9868-57a2d4851a1d" />
    <TestEntry testId="223ce6d6-386c-bd46-6969-3d7c017e6938" executionId="e0331801-bde3-42fe-be6e-b348723054d6" testListId="8c84fa94-04c1-424b-9868-57a2d4851a1d" />
    <TestEntry testId="0d66b15b-c53e-6054-f5ef-9f189a66faee" executionId="8b0bbf63-bde4-42a3-ba4d-783ae7e47eeb" testListId="8c84fa94-04c1-424b-9868-57a2d4851a1d" />
    <TestEntry testId="7fd77b4f-2865-307d-1d9d-9dbd8cb2a6ee" executionId="abed9648-f245-445c-9375-0f847e907d90" testListId="8c84fa94-04c1-424b-9868-57a2d4851a1d" />
    <TestEntry testId="ffebe071-ab50-b14b-0678-517287e48214" executionId="b2ebadf7-b87c-48bc-a222-d1f224a1b5c6" testListId="8c84fa94-04c1-424b-9868-57a2d4851a1d" />
    <TestEntry testId="860c9fe0-b7f0-10e4-c793-826181732116" executionId="b0f9984f-f7fc-4ea4-8427-e2012fd4f985" testListId="8c84fa94-04c1-424b-9868-57a2d4851a1d" />
    <TestEntry testId="ca807f2f-686e-8ee2-2c5d-8bb89b2618ca" executionId="a88cc347-423f-4f12-bc34-9f3d1a9c5aaf" testListId="8c84fa94-04c1-424b-9868-57a2d4851a1d" />
    <TestEntry testId="ab436d55-955b-4b55-54f7-5f3f2290fbcb" executionId="f737f5ac-779f-4512-879a-d8344ed27884" testListId="8c84fa94-04c1-424b-9868-57a2d4851a1d" />
    <TestEntry testId="7713c70a-8768-620b-5c88-ff32f7ce1d34" executionId="0d539055-5d55-432d-913e-6088a4046c29" testListId="8c84fa94-04c1-424b-9868-57a2d4851a1d" />
    <TestEntry testId="4d0a77b4-859e-e9eb-f096-7cc6da60780a" executionId="44c4572a-80d4-4b00-af05-76f054e5977b" testListId="8c84fa94-04c1-424b-9868-57a2d4851a1d" />
    <TestEntry testId="bba5c36e-9b94-e7a8-f0cc-f969ff0bc7b3" executionId="3b7eb2ad-fa99-4a64-918d-4a04d3678f04" testListId="8c84fa94-04c1-424b-9868-57a2d4851a1d" />
    <TestEntry testId="58cdaa47-7c03-80e7-00da-9551217f776a" executionId="d4d7c1e0-7583-4c3d-af69-64206b7530c1" testListId="8c84fa94-04c1-424b-9868-57a2d4851a1d" />
    <TestEntry testId="cc0e110a-7d43-3755-7ceb-38b0aafb5f26" executionId="15b03c9b-22e8-4b06-81fd-7f1464d34c9e" testListId="8c84fa94-04c1-424b-9868-57a2d4851a1d" />
    <TestEntry testId="1ee5a8be-7fbf-b2a3-f39d-41d7dc6a8265" executionId="44e940fb-7767-4272-a0f3-561ad4e83b4f" testListId="8c84fa94-04c1-424b-9868-57a2d4851a1d" />
  </TestEntries>
  <TestLists>
    <TestList name="Results Not in a List" id="8c84fa94-04c1-424b-9868-57a2d4851a1d" />
    <TestList name="All Loaded Results" id="19431567-8539-422a-85d7-44ee4e166bda" />
  </TestLists>
  <ResultSummary outcome="Completed">
    <Counters total="372" executed="368" passed="368" failed="0" error="0" timeout="0" aborted="0" inconclusive="0" passedButRunAborted="0" notRunnable="0" notExecuted="0" disconnected="0" warning="0" completed="0" inProgress="0" pending="0" />
    <Output>
      <StdOut>NUnit Adapter 5.0.0.0: Test execution started
Running all tests in /workspace/src/UnitTests/bin/Debug/net9.0/UnitTests.dll
   NUnit3TestExecutor discovered 372 of 372 NUnit test cases using Current Discovery mode, Non-Explicit run
     Warning:
     The component "Fluent Assertions" is governed by the rules defined in the Xceed License Agreement and
     the Xceed Fluent Assertions Community License. You may use Fluent Assertions free of charge for
     non-commercial use only. An active subscription is required to use Fluent Assertions for commercial use.

     Please contact Xceed Sales mailto:sales@xceed.com to acquire a subscription at a very low cost.

     A paid commercial license supports the development and continued increasing support of
     Fluent Assertions users under both commercial and community licenses. Help us
     keep Fluent Assertions at the forefront of unit testing.

     For more information, visit https://xceed.com/products/unit-testing/fluent-assertions/

GetTitle_Should_ReplaceInvalidChars("My Title","Some Instructor"): OneTimeSetUp: Not supported on Unix,Linux,MacOSX
GetTitle_Should_ReplaceInvalidChars("My/Title","Some/Instructor"): OneTimeSetUp: Not supported on Unix,Linux,MacOSX
GetTitle_Should_ReplaceInvalidChars("My:Title","Some:Instructor"): OneTimeSetUp: Not supported on Unix,Linux,MacOSX
GetTitle_Should_ReplaceInvalidChars("My*Title","Some*Instructor"): OneTimeSetUp: Not supported on Unix,Linux,MacOSX
NUnit Adapter 5.0.0.0: Test execution complete
</StdOut>
    </Output>
  </ResultSummary>
</TestRun>